[2020-09-11 10:25:36] production.ERROR: PDOException: SQLSTATE[HY000] [2002] Can't connect to local MySQL server through socket '/var/lib/mysql/mysql.sock' (2) in /home/bzls8g1evy0v/public_html/forum/vendor/doctrine/dbal/lib/Doctrine/DBAL/Driver/PDOConnection.php:27
Stack trace:
#0 /home/bzls8g1evy0v/public_html/forum/vendor/doctrine/dbal/lib/Doctrine/DBAL/Driver/PDOConnection.php(27): PDO->__construct('mysql:host=loca...', 'forumdbuser', 'pU0UQmJf6yMqCXA...', Array)
#1 /home/bzls8g1evy0v/public_html/forum/vendor/illuminate/database/Connectors/Connector.php(67): Doctrine\DBAL\Driver\PDOConnection->__construct('mysql:host=loca...', 'forumdbuser', 'pU0UQmJf6yMqCXA...', Array)
#2 /home/bzls8g1evy0v/public_html/forum/vendor/illuminate/database/Connectors/Connector.php(46): Illuminate\Database\Connectors\Connector->createPdoConnection('mysql:host=loca...', 'forumdbuser', 'pU0UQmJf6yMqCXA...', Array)
#3 /home/bzls8g1evy0v/public_html/forum/vendor/illuminate/database/Connectors/MySqlConnector.php(24): Illuminate\Database\Connectors\Connector->createConnection('mysql:host=loca...', Array, Array)
#4 /home/bzls8g1evy0v/public_html/forum/vendor/illuminate/database/Connectors/ConnectionFactory.php(182): Illuminate\Database\Connectors\MySqlConnector->connect(Array)
#5 [internal function]: Illuminate\Database\Connectors\ConnectionFactory->Illuminate\Database\Connectors\{closure}()
#6 /home/bzls8g1evy0v/public_html/forum/vendor/illuminate/database/Connection.php(918): call_user_func(Object(Closure))
#7 /home/bzls8g1evy0v/public_html/forum/vendor/illuminate/database/DatabaseManager.php(248): Illuminate\Database\Connection->getPdo()
#8 /home/bzls8g1evy0v/public_html/forum/vendor/illuminate/database/DatabaseManager.php(234): Illuminate\Database\DatabaseManager->refreshPdoConnections('flarum')
#9 /home/bzls8g1evy0v/public_html/forum/vendor/illuminate/database/DatabaseManager.php(168): Illuminate\Database\DatabaseManager->reconnect('flarum')
#10 [internal function]: Illuminate\Database\DatabaseManager->Illuminate\Database\{closure}(Object(Illuminate\Database\MySqlConnection))
#11 /home/bzls8g1evy0v/public_html/forum/vendor/illuminate/database/Connection.php(756): call_user_func(Object(Closure), Object(Illuminate\Database\MySqlConnection))
#12 /home/bzls8g1evy0v/public_html/forum/vendor/illuminate/database/Connection.php(736): Illuminate\Database\Connection->reconnect()
#13 /home/bzls8g1evy0v/public_html/forum/vendor/illuminate/database/Connection.php(718): Illuminate\Database\Connection->tryAgainIfCausedByLostConnection(Object(Illuminate\Database\QueryException), 'select * from `...', Array, Object(Closure))
#14 /home/bzls8g1evy0v/public_html/forum/vendor/illuminate/database/Connection.php(627): Illuminate\Database\Connection->handleQueryException(Object(Illuminate\Database\QueryException), 'select * from `...', Array, Object(Closure))
#15 /home/bzls8g1evy0v/public_html/forum/vendor/illuminate/database/Connection.php(333): Illuminate\Database\Connection->run('select * from `...', Array, Object(Closure))
#16 /home/bzls8g1evy0v/public_html/forum/vendor/illuminate/database/Query/Builder.php(2095): Illuminate\Database\Connection->select('select * from `...', Array, true)
#17 /home/bzls8g1evy0v/public_html/forum/vendor/illuminate/database/Query/Builder.php(2083): Illuminate\Database\Query\Builder->runSelect()
#18 /home/bzls8g1evy0v/public_html/forum/vendor/illuminate/database/Query/Builder.php(2569): Illuminate\Database\Query\Builder->Illuminate\Database\Query\{closure}()
#19 /home/bzls8g1evy0v/public_html/forum/vendor/illuminate/database/Query/Builder.php(2084): Illuminate\Database\Query\Builder->onceWithColumns(Array, Object(Closure))
#20 /home/bzls8g1evy0v/public_html/forum/vendor/illuminate/database/Eloquent/Builder.php(519): Illuminate\Database\Query\Builder->get(Array)
#21 /home/bzls8g1evy0v/public_html/forum/vendor/illuminate/database/Eloquent/Builder.php(503): Illuminate\Database\Eloquent\Builder->getModels(Array)
#22 /home/bzls8g1evy0v/public_html/forum/vendor/illuminate/database/Concerns/BuildsQueries.php(77): Illuminate\Database\Eloquent\Builder->get(Array)
#23 /home/bzls8g1evy0v/public_html/forum/vendor/illuminate/database/Eloquent/Builder.php(329): Illuminate\Database\Eloquent\Builder->first(Array)
#24 /home/bzls8g1evy0v/public_html/forum/vendor/illuminate/support/Traits/ForwardsCalls.php(23): Illuminate\Database\Eloquent\Builder->find('FeBnWfA1bQZUFu8...')
#25 /home/bzls8g1evy0v/public_html/forum/vendor/illuminate/database/Eloquent/Model.php(1610): Illuminate\Database\Eloquent\Model->forwardCallTo(Object(Illuminate\Database\Eloquent\Builder), 'find', Array)
#26 /home/bzls8g1evy0v/public_html/forum/vendor/flarum/core/src/Database/AbstractModel.php(222): Illuminate\Database\Eloquent\Model->__call('find', Array)
#27 /home/bzls8g1evy0v/public_html/forum/vendor/illuminate/database/Eloquent/Model.php(1622): Flarum\Database\AbstractModel->__call('find', Array)
#28 /home/bzls8g1evy0v/public_html/forum/vendor/flarum/core/src/Http/Middleware/RememberFromCookie.php(40): Illuminate\Database\Eloquent\Model::__callStatic('find', Array)
#29 /home/bzls8g1evy0v/public_html/forum/vendor/laminas/laminas-stratigility/src/Next.php(61): Flarum\Http\Middleware\RememberFromCookie->process(Object(Laminas\Diactoros\ServerRequest), Object(Laminas\Stratigility\Next))
#30 /home/bzls8g1evy0v/public_html/forum/vendor/flarum/core/src/Http/Middleware/StartSession.php(61): Laminas\Stratigility\Next->handle(Object(Laminas\Diactoros\ServerRequest))
#31 /home/bzls8g1evy0v/public_html/forum/vendor/laminas/laminas-stratigility/src/Next.php(61): Flarum\Http\Middleware\StartSession->process(Object(Laminas\Diactoros\ServerRequest), Object(Laminas\Stratigility\Next))
#32 /home/bzls8g1evy0v/public_html/forum/vendor/flarum/core/src/Http/Middleware/CollectGarbage.php(46): Laminas\Stratigility\Next->handle(Object(Laminas\Diactoros\ServerRequest))
#33 /home/bzls8g1evy0v/public_html/forum/vendor/laminas/laminas-stratigility/src/Next.php(61): Flarum\Http\Middleware\CollectGarbage->process(Object(Laminas\Diactoros\ServerRequest), Object(Laminas\Stratigility\Next))
#34 /home/bzls8g1evy0v/public_html/forum/vendor/flarum/core/src/Http/Middleware/ParseJsonBody.php(28): Laminas\Stratigility\Next->handle(Object(Laminas\Diactoros\ServerRequest))
#35 /home/bzls8g1evy0v/public_html/forum/vendor/laminas/laminas-stratigility/src/Next.php(61): Flarum\Http\Middleware\ParseJsonBody->process(Object(Laminas\Diactoros\ServerRequest), Object(Laminas\Stratigility\Next))
#36 /home/bzls8g1evy0v/public_html/forum/vendor/flarum/core/src/Http/Middleware/HandleErrors.php(57): Laminas\Stratigility\Next->handle(Object(Laminas\Diactoros\ServerRequest))
#37 /home/bzls8g1evy0v/public_html/forum/vendor/laminas/laminas-stratigility/src/Next.php(61): Flarum\Http\Middleware\HandleErrors->process(Object(Laminas\Diactoros\ServerRequest), Object(Laminas\Stratigility\Next))
#38 /home/bzls8g1evy0v/public_html/forum/vendor/laminas/laminas-stratigility/src/MiddlewarePipe.php(84): Laminas\Stratigility\Next->handle(Object(Laminas\Diactoros\ServerRequest))
#39 /home/bzls8g1evy0v/public_html/forum/vendor/middlewares/request-handler/src/RequestHandler.php(84): Laminas\Stratigility\MiddlewarePipe->process(Object(Laminas\Diactoros\ServerRequest), Object(Laminas\Stratigility\Next))
#40 /home/bzls8g1evy0v/public_html/forum/vendor/laminas/laminas-stratigility/src/Next.php(61): Middlewares\RequestHandler->process(Object(Laminas\Diactoros\ServerRequest), Object(Laminas\Stratigility\Next))
#41 /home/bzls8g1evy0v/public_html/forum/vendor/middlewares/base-path-router/src/BasePathRouter.php(97): Laminas\Stratigility\Next->handle(Object(Laminas\Diactoros\ServerRequest))
#42 /home/bzls8g1evy0v/public_html/forum/vendor/laminas/laminas-stratigility/src/Next.php(61): Middlewares\BasePathRouter->process(Object(Laminas\Diactoros\ServerRequest), Object(Laminas\Stratigility\Next))
#43 /home/bzls8g1evy0v/public_html/forum/vendor/laminas/laminas-stratigility/src/Middleware/OriginalMessages.php(42): Laminas\Stratigility\Next->handle(Object(Laminas\Diactoros\ServerRequest))
#44 /home/bzls8g1evy0v/public_html/forum/vendor/laminas/laminas-stratigility/src/Next.php(61): Laminas\Stratigility\Middleware\OriginalMessages->process(Object(Laminas\Diactoros\ServerRequest), Object(Laminas\Stratigility\Next))
#45 /home/bzls8g1evy0v/public_html/forum/vendor/middlewares/base-path/src/BasePath.php(53): Laminas\Stratigility\Next->handle(Object(Laminas\Diactoros\ServerRequest))
#46 /home/bzls8g1evy0v/public_html/forum/vendor/laminas/laminas-stratigility/src/Next.php(61): Middlewares\BasePath->process(Object(Laminas\Diactoros\ServerRequest), Object(Laminas\Stratigility\Next))
#47 /home/bzls8g1evy0v/public_html/forum/vendor/laminas/laminas-stratigility/src/MiddlewarePipe.php(84): Laminas\Stratigility\Next->handle(Object(Laminas\Diactoros\ServerRequest))
#48 /home/bzls8g1evy0v/public_html/forum/vendor/laminas/laminas-stratigility/src/MiddlewarePipe.php(73): Laminas\Stratigility\MiddlewarePipe->process(Object(Laminas\Diactoros\ServerRequest), Object(Laminas\Stratigility\EmptyPipelineHandler))
#49 /home/bzls8g1evy0v/public_html/forum/vendor/laminas/laminas-httphandlerrunner/src/RequestHandlerRunner.php(96): Laminas\Stratigility\MiddlewarePipe->handle(Object(Laminas\Diactoros\ServerRequest))
#50 /home/bzls8g1evy0v/public_html/forum/vendor/flarum/core/src/Http/Server.php(42): Laminas\HttpHandlerRunner\RequestHandlerRunner->run()
#51 /home/bzls8g1evy0v/public_html/forum/public/index.php(26): Flarum\Http\Server->listen()
#52 {main}

Next Doctrine\DBAL\Driver\PDOException: SQLSTATE[HY000] [2002] Can't connect to local MySQL server through socket '/var/lib/mysql/mysql.sock' (2) in /home/bzls8g1evy0v/public_html/forum/vendor/doctrine/dbal/lib/Doctrine/DBAL/Driver/PDOConnection.php:31
Stack trace:
#0 /home/bzls8g1evy0v/public_html/forum/vendor/illuminate/database/Connectors/Connector.php(67): Doctrine\DBAL\Driver\PDOConnection->__construct('mysql:host=loca...', 'forumdbuser', 'pU0UQmJf6yMqCXA...', Array)
#1 /home/bzls8g1evy0v/public_html/forum/vendor/illuminate/database/Connectors/Connector.php(46): Illuminate\Database\Connectors\Connector->createPdoConnection('mysql:host=loca...', 'forumdbuser', 'pU0UQmJf6yMqCXA...', Array)
#2 /home/bzls8g1evy0v/public_html/forum/vendor/illuminate/database/Connectors/MySqlConnector.php(24): Illuminate\Database\Connectors\Connector->createConnection('mysql:host=loca...', Array, Array)
#3 /home/bzls8g1evy0v/public_html/forum/vendor/illuminate/database/Connectors/ConnectionFactory.php(182): Illuminate\Database\Connectors\MySqlConnector->connect(Array)
#4 [internal function]: Illuminate\Database\Connectors\ConnectionFactory->Illuminate\Database\Connectors\{closure}()
#5 /home/bzls8g1evy0v/public_html/forum/vendor/illuminate/database/Connection.php(918): call_user_func(Object(Closure))
#6 /home/bzls8g1evy0v/public_html/forum/vendor/illuminate/database/DatabaseManager.php(248): Illuminate\Database\Connection->getPdo()
#7 /home/bzls8g1evy0v/public_html/forum/vendor/illuminate/database/DatabaseManager.php(234): Illuminate\Database\DatabaseManager->refreshPdoConnections('flarum')
#8 /home/bzls8g1evy0v/public_html/forum/vendor/illuminate/database/DatabaseManager.php(168): Illuminate\Database\DatabaseManager->reconnect('flarum')
#9 [internal function]: Illuminate\Database\DatabaseManager->Illuminate\Database\{closure}(Object(Illuminate\Database\MySqlConnection))
#10 /home/bzls8g1evy0v/public_html/forum/vendor/illuminate/database/Connection.php(756): call_user_func(Object(Closure), Object(Illuminate\Database\MySqlConnection))
#11 /home/bzls8g1evy0v/public_html/forum/vendor/illuminate/database/Connection.php(736): Illuminate\Database\Connection->reconnect()
#12 /home/bzls8g1evy0v/public_html/forum/vendor/illuminate/database/Connection.php(718): Illuminate\Database\Connection->tryAgainIfCausedByLostConnection(Object(Illuminate\Database\QueryException), 'select * from `...', Array, Object(Closure))
#13 /home/bzls8g1evy0v/public_html/forum/vendor/illuminate/database/Connection.php(627): Illuminate\Database\Connection->handleQueryException(Object(Illuminate\Database\QueryException), 'select * from `...', Array, Object(Closure))
#14 /home/bzls8g1evy0v/public_html/forum/vendor/illuminate/database/Connection.php(333): Illuminate\Database\Connection->run('select * from `...', Array, Object(Closure))
#15 /home/bzls8g1evy0v/public_html/forum/vendor/illuminate/database/Query/Builder.php(2095): Illuminate\Database\Connection->select('select * from `...', Array, true)
#16 /home/bzls8g1evy0v/public_html/forum/vendor/illuminate/database/Query/Builder.php(2083): Illuminate\Database\Query\Builder->runSelect()
#17 /home/bzls8g1evy0v/public_html/forum/vendor/illuminate/database/Query/Builder.php(2569): Illuminate\Database\Query\Builder->Illuminate\Database\Query\{closure}()
#18 /home/bzls8g1evy0v/public_html/forum/vendor/illuminate/database/Query/Builder.php(2084): Illuminate\Database\Query\Builder->onceWithColumns(Array, Object(Closure))
#19 /home/bzls8g1evy0v/public_html/forum/vendor/illuminate/database/Eloquent/Builder.php(519): Illuminate\Database\Query\Builder->get(Array)
#20 /home/bzls8g1evy0v/public_html/forum/vendor/illuminate/database/Eloquent/Builder.php(503): Illuminate\Database\Eloquent\Builder->getModels(Array)
#21 /home/bzls8g1evy0v/public_html/forum/vendor/illuminate/database/Concerns/BuildsQueries.php(77): Illuminate\Database\Eloquent\Builder->get(Array)
#22 /home/bzls8g1evy0v/public_html/forum/vendor/illuminate/database/Eloquent/Builder.php(329): Illuminate\Database\Eloquent\Builder->first(Array)
#23 /home/bzls8g1evy0v/public_html/forum/vendor/illuminate/support/Traits/ForwardsCalls.php(23): Illuminate\Database\Eloquent\Builder->find('FeBnWfA1bQZUFu8...')
#24 /home/bzls8g1evy0v/public_html/forum/vendor/illuminate/database/Eloquent/Model.php(1610): Illuminate\Database\Eloquent\Model->forwardCallTo(Object(Illuminate\Database\Eloquent\Builder), 'find', Array)
#25 /home/bzls8g1evy0v/public_html/forum/vendor/flarum/core/src/Database/AbstractModel.php(222): Illuminate\Database\Eloquent\Model->__call('find', Array)
#26 /home/bzls8g1evy0v/public_html/forum/vendor/illuminate/database/Eloquent/Model.php(1622): Flarum\Database\AbstractModel->__call('find', Array)
#27 /home/bzls8g1evy0v/public_html/forum/vendor/flarum/core/src/Http/Middleware/RememberFromCookie.php(40): Illuminate\Database\Eloquent\Model::__callStatic('find', Array)
#28 /home/bzls8g1evy0v/public_html/forum/vendor/laminas/laminas-stratigility/src/Next.php(61): Flarum\Http\Middleware\RememberFromCookie->process(Object(Laminas\Diactoros\ServerRequest), Object(Laminas\Stratigility\Next))
#29 /home/bzls8g1evy0v/public_html/forum/vendor/flarum/core/src/Http/Middleware/StartSession.php(61): Laminas\Stratigility\Next->handle(Object(Laminas\Diactoros\ServerRequest))
#30 /home/bzls8g1evy0v/public_html/forum/vendor/laminas/laminas-stratigility/src/Next.php(61): Flarum\Http\Middleware\StartSession->process(Object(Laminas\Diactoros\ServerRequest), Object(Laminas\Stratigility\Next))
#31 /home/bzls8g1evy0v/public_html/forum/vendor/flarum/core/src/Http/Middleware/CollectGarbage.php(46): Laminas\Stratigility\Next->handle(Object(Laminas\Diactoros\ServerRequest))
#32 /home/bzls8g1evy0v/public_html/forum/vendor/laminas/laminas-stratigility/src/Next.php(61): Flarum\Http\Middleware\CollectGarbage->process(Object(Laminas\Diactoros\ServerRequest), Object(Laminas\Stratigility\Next))
#33 /home/bzls8g1evy0v/public_html/forum/vendor/flarum/core/src/Http/Middleware/ParseJsonBody.php(28): Laminas\Stratigility\Next->handle(Object(Laminas\Diactoros\ServerRequest))
#34 /home/bzls8g1evy0v/public_html/forum/vendor/laminas/laminas-stratigility/src/Next.php(61): Flarum\Http\Middleware\ParseJsonBody->process(Object(Laminas\Diactoros\ServerRequest), Object(Laminas\Stratigility\Next))
#35 /home/bzls8g1evy0v/public_html/forum/vendor/flarum/core/src/Http/Middleware/HandleErrors.php(57): Laminas\Stratigility\Next->handle(Object(Laminas\Diactoros\ServerRequest))
#36 /home/bzls8g1evy0v/public_html/forum/vendor/laminas/laminas-stratigility/src/Next.php(61): Flarum\Http\Middleware\HandleErrors->process(Object(Laminas\Diactoros\ServerRequest), Object(Laminas\Stratigility\Next))
#37 /home/bzls8g1evy0v/public_html/forum/vendor/laminas/laminas-stratigility/src/MiddlewarePipe.php(84): Laminas\Stratigility\Next->handle(Object(Laminas\Diactoros\ServerRequest))
#38 /home/bzls8g1evy0v/public_html/forum/vendor/middlewares/request-handler/src/RequestHandler.php(84): Laminas\Stratigility\MiddlewarePipe->process(Object(Laminas\Diactoros\ServerRequest), Object(Laminas\Stratigility\Next))
#39 /home/bzls8g1evy0v/public_html/forum/vendor/laminas/laminas-stratigility/src/Next.php(61): Middlewares\RequestHandler->process(Object(Laminas\Diactoros\ServerRequest), Object(Laminas\Stratigility\Next))
#40 /home/bzls8g1evy0v/public_html/forum/vendor/middlewares/base-path-router/src/BasePathRouter.php(97): Laminas\Stratigility\Next->handle(Object(Laminas\Diactoros\ServerRequest))
#41 /home/bzls8g1evy0v/public_html/forum/vendor/laminas/laminas-stratigility/src/Next.php(61): Middlewares\BasePathRouter->process(Object(Laminas\Diactoros\ServerRequest), Object(Laminas\Stratigility\Next))
#42 /home/bzls8g1evy0v/public_html/forum/vendor/laminas/laminas-stratigility/src/Middleware/OriginalMessages.php(42): Laminas\Stratigility\Next->handle(Object(Laminas\Diactoros\ServerRequest))
#43 /home/bzls8g1evy0v/public_html/forum/vendor/laminas/laminas-stratigility/src/Next.php(61): Laminas\Stratigility\Middleware\OriginalMessages->process(Object(Laminas\Diactoros\ServerRequest), Object(Laminas\Stratigility\Next))
#44 /home/bzls8g1evy0v/public_html/forum/vendor/middlewares/base-path/src/BasePath.php(53): Laminas\Stratigility\Next->handle(Object(Laminas\Diactoros\ServerRequest))
#45 /home/bzls8g1evy0v/public_html/forum/vendor/laminas/laminas-stratigility/src/Next.php(61): Middlewares\BasePath->process(Object(Laminas\Diactoros\ServerRequest), Object(Laminas\Stratigility\Next))
#46 /home/bzls8g1evy0v/public_html/forum/vendor/laminas/laminas-stratigility/src/MiddlewarePipe.php(84): Laminas\Stratigility\Next->handle(Object(Laminas\Diactoros\ServerRequest))
#47 /home/bzls8g1evy0v/public_html/forum/vendor/laminas/laminas-stratigility/src/MiddlewarePipe.php(73): Laminas\Stratigility\MiddlewarePipe->process(Object(Laminas\Diactoros\ServerRequest), Object(Laminas\Stratigility\EmptyPipelineHandler))
#48 /home/bzls8g1evy0v/public_html/forum/vendor/laminas/laminas-httphandlerrunner/src/RequestHandlerRunner.php(96): Laminas\Stratigility\MiddlewarePipe->handle(Object(Laminas\Diactoros\ServerRequest))
#49 /home/bzls8g1evy0v/public_html/forum/vendor/flarum/core/src/Http/Server.php(42): Laminas\HttpHandlerRunner\RequestHandlerRunner->run()
#50 /home/bzls8g1evy0v/public_html/forum/public/index.php(26): Flarum\Http\Server->listen()
#51 {main}  
