[2020-09-21 10:12:09] production.ERROR: PDOException: SQLSTATE[23000]: Integrity constraint violation: 1062 Duplicate entry '66-23' for key 'cssaugposts_discussion_id_number_unique' in /home/bzls8g1evy0v/public_html/forum/vendor/doctrine/dbal/lib/Doctrine/DBAL/Driver/PDOStatement.php:129
Stack trace:
#0 /home/bzls8g1evy0v/public_html/forum/vendor/doctrine/dbal/lib/Doctrine/DBAL/Driver/PDOStatement.php(129): PDOStatement->execute(NULL)
#1 /home/bzls8g1evy0v/public_html/forum/vendor/illuminate/database/Connection.php(458): Doctrine\DBAL\Driver\PDOStatement->execute()
#2 /home/bzls8g1evy0v/public_html/forum/vendor/illuminate/database/Connection.php(657): Illuminate\Database\Connection->Illuminate\Database\{closure}('insert into `cs...', Array)
#3 /home/bzls8g1evy0v/public_html/forum/vendor/illuminate/database/Connection.php(624): Illuminate\Database\Connection->runQueryCallback('insert into `cs...', Array, Object(Closure))
#4 /home/bzls8g1evy0v/public_html/forum/vendor/illuminate/database/Connection.php(459): Illuminate\Database\Connection->run('insert into `cs...', Array, Object(Closure))
#5 /home/bzls8g1evy0v/public_html/forum/vendor/illuminate/database/Connection.php(411): Illuminate\Database\Connection->statement('insert into `cs...', Array)
#6 /home/bzls8g1evy0v/public_html/forum/vendor/illuminate/database/Query/Processors/Processor.php(32): Illuminate\Database\Connection->insert('insert into `cs...', Array)
#7 /home/bzls8g1evy0v/public_html/forum/vendor/illuminate/database/Query/Builder.php(2628): Illuminate\Database\Query\Processors\Processor->processInsertGetId(Object(Illuminate\Database\Query\Builder), 'insert into `cs...', Array, 'id')
#8 /home/bzls8g1evy0v/public_html/forum/vendor/illuminate/database/Eloquent/Builder.php(1338): Illuminate\Database\Query\Builder->insertGetId(Array, 'id')
#9 /home/bzls8g1evy0v/public_html/forum/vendor/illuminate/database/Eloquent/Model.php(823): Illuminate\Database\Eloquent\Builder->__call('insertGetId', Array)
#10 /home/bzls8g1evy0v/public_html/forum/vendor/illuminate/database/Eloquent/Model.php(788): Illuminate\Database\Eloquent\Model->insertAndSetId(Object(Illuminate\Database\Eloquent\Builder), Array)
#11 /home/bzls8g1evy0v/public_html/forum/vendor/illuminate/database/Eloquent/Model.php(651): Illuminate\Database\Eloquent\Model->performInsert(Object(Illuminate\Database\Eloquent\Builder))
#12 /home/bzls8g1evy0v/public_html/forum/vendor/flarum/core/src/Post/Command/PostReplyHandler.php(103): Illuminate\Database\Eloquent\Model->save()
#13 /home/bzls8g1evy0v/public_html/forum/vendor/illuminate/bus/Dispatcher.php(90): Flarum\Post\Command\PostReplyHandler->handle(Object(Flarum\Post\Command\PostReply))
#14 /home/bzls8g1evy0v/public_html/forum/vendor/illuminate/pipeline/Pipeline.php(128): Illuminate\Bus\Dispatcher->Illuminate\Bus\{closure}(Object(Flarum\Post\Command\PostReply))
#15 /home/bzls8g1evy0v/public_html/forum/vendor/illuminate/pipeline/Pipeline.php(104): Illuminate\Pipeline\Pipeline->Illuminate\Pipeline\{closure}(Object(Flarum\Post\Command\PostReply))
#16 /home/bzls8g1evy0v/public_html/forum/vendor/illuminate/bus/Dispatcher.php(98): Illuminate\Pipeline\Pipeline->then(Object(Closure))
#17 /home/bzls8g1evy0v/public_html/forum/vendor/illuminate/bus/Dispatcher.php(76): Illuminate\Bus\Dispatcher->dispatchNow(Object(Flarum\Post\Command\PostReply))
#18 /home/bzls8g1evy0v/public_html/forum/vendor/flarum/core/src/Api/Controller/CreatePostController.php(73): Illuminate\Bus\Dispatcher->dispatch(Object(Flarum\Post\Command\PostReply))
#19 /home/bzls8g1evy0v/public_html/forum/vendor/flarum/core/src/Api/Controller/AbstractSerializeController.php(96): Flarum\Api\Controller\CreatePostController->data(Object(Laminas\Diactoros\ServerRequest), Object(Tobscure\JsonApi\Document))
#20 /home/bzls8g1evy0v/public_html/forum/vendor/flarum/core/src/Api/Controller/AbstractCreateController.php(22): Flarum\Api\Controller\AbstractSerializeController->handle(Object(Laminas\Diactoros\ServerRequest))
#21 /home/bzls8g1evy0v/public_html/forum/vendor/flarum/core/src/Http/RouteHandlerFactory.php(38): Flarum\Api\Controller\AbstractCreateController->handle(Object(Laminas\Diactoros\ServerRequest))
#22 /home/bzls8g1evy0v/public_html/forum/vendor/flarum/core/src/Http/Middleware/DispatchRoute.php(65): Flarum\Http\RouteHandlerFactory->Flarum\Http\{closure}(Object(Laminas\Diactoros\ServerRequest), Array)
#23 /home/bzls8g1evy0v/public_html/forum/vendor/laminas/laminas-stratigility/src/Next.php(61): Flarum\Http\Middleware\DispatchRoute->process(Object(Laminas\Diactoros\ServerRequest), Object(Closure))
#24 /home/bzls8g1evy0v/public_html/forum/vendor/flarum/core/src/Http/Middleware/SetLocale.php(50): Laminas\Stratigility\Next->handle(Object(Laminas\Diactoros\ServerRequest))
#25 /home/bzls8g1evy0v/public_html/forum/vendor/laminas/laminas-stratigility/src/Next.php(61): Flarum\Http\Middleware\SetLocale->process(Object(Laminas\Diactoros\ServerRequest), Object(Laminas\Stratigility\Next))
#26 /home/bzls8g1evy0v/public_html/forum/vendor/flarum/core/src/Http/Middleware/CheckCsrfToken.php(45): Laminas\Stratigility\Next->handle(Object(Laminas\Diactoros\ServerRequest))
#27 /home/bzls8g1evy0v/public_html/forum/vendor/laminas/laminas-stratigility/src/Next.php(61): Flarum\Http\Middleware\CheckCsrfToken->process(Object(Laminas\Diactoros\ServerRequest), Object(Laminas\Stratigility\Next))
#28 /home/bzls8g1evy0v/public_html/forum/vendor/flarum/core/src/Http/Middleware/AuthenticateWithHeader.php(55): Laminas\Stratigility\Next->handle(Object(Laminas\Diactoros\ServerRequest))
#29 /home/bzls8g1evy0v/public_html/forum/vendor/laminas/laminas-stratigility/src/Next.php(61): Flarum\Http\Middleware\AuthenticateWithHeader->process(Object(Laminas\Diactoros\ServerRequest), Object(Laminas\Stratigility\Next))
#30 /home/bzls8g1evy0v/public_html/forum/vendor/flarum/core/src/Http/Middleware/AuthenticateWithSession.php(32): Laminas\Stratigility\Next->handle(Object(Laminas\Diactoros\ServerRequest))
#31 /home/bzls8g1evy0v/public_html/forum/vendor/laminas/laminas-stratigility/src/Next.php(61): Flarum\Http\Middleware\AuthenticateWithSession->process(Object(Laminas\Diactoros\ServerRequest), Object(Laminas\Stratigility\Next))
#32 /home/bzls8g1evy0v/public_html/forum/vendor/flarum/core/src/Http/Middleware/RememberFromCookie.php(51): Laminas\Stratigility\Next->handle(Object(Laminas\Diactoros\ServerRequest))
#33 /home/bzls8g1evy0v/public_html/forum/vendor/laminas/laminas-stratigility/src/Next.php(61): Flarum\Http\Middleware\RememberFromCookie->process(Object(Laminas\Diactoros\ServerRequest), Object(Laminas\Stratigility\Next))
#34 /home/bzls8g1evy0v/public_html/forum/vendor/flarum/core/src/Http/Middleware/StartSession.php(61): Laminas\Stratigility\Next->handle(Object(Laminas\Diactoros\ServerRequest))
#35 /home/bzls8g1evy0v/public_html/forum/vendor/laminas/laminas-stratigility/src/Next.php(61): Flarum\Http\Middleware\StartSession->process(Object(Laminas\Diactoros\ServerRequest), Object(Laminas\Stratigility\Next))
#36 /home/bzls8g1evy0v/public_html/forum/vendor/flarum/core/src/Api/Middleware/FakeHttpMethods.php(29): Laminas\Stratigility\Next->handle(Object(Laminas\Diactoros\ServerRequest))
#37 /home/bzls8g1evy0v/public_html/forum/vendor/laminas/laminas-stratigility/src/Next.php(61): Flarum\Api\Middleware\FakeHttpMethods->process(Object(Laminas\Diactoros\ServerRequest), Object(Laminas\Stratigility\Next))
#38 /home/bzls8g1evy0v/public_html/forum/vendor/flarum/core/src/Http/Middleware/ParseJsonBody.php(28): Laminas\Stratigility\Next->handle(Object(Laminas\Diactoros\ServerRequest))
#39 /home/bzls8g1evy0v/public_html/forum/vendor/laminas/laminas-stratigility/src/Next.php(61): Flarum\Http\Middleware\ParseJsonBody->process(Object(Laminas\Diactoros\ServerRequest), Object(Laminas\Stratigility\Next))
#40 /home/bzls8g1evy0v/public_html/forum/vendor/flarum/core/src/Http/Middleware/HandleErrors.php(57): Laminas\Stratigility\Next->handle(Object(Laminas\Diactoros\ServerRequest))
#41 /home/bzls8g1evy0v/public_html/forum/vendor/laminas/laminas-stratigility/src/Next.php(61): Flarum\Http\Middleware\HandleErrors->process(Object(Laminas\Diactoros\ServerRequest), Object(Laminas\Stratigility\Next))
#42 /home/bzls8g1evy0v/public_html/forum/vendor/laminas/laminas-stratigility/src/MiddlewarePipe.php(84): Laminas\Stratigility\Next->handle(Object(Laminas\Diactoros\ServerRequest))
#43 /home/bzls8g1evy0v/public_html/forum/vendor/middlewares/request-handler/src/RequestHandler.php(84): Laminas\Stratigility\MiddlewarePipe->process(Object(Laminas\Diactoros\ServerRequest), Object(Laminas\Stratigility\Next))
#44 /home/bzls8g1evy0v/public_html/forum/vendor/laminas/laminas-stratigility/src/Next.php(61): Middlewares\RequestHandler->process(Object(Laminas\Diactoros\ServerRequest), Object(Laminas\Stratigility\Next))
#45 /home/bzls8g1evy0v/public_html/forum/vendor/middlewares/base-path-router/src/BasePathRouter.php(97): Laminas\Stratigility\Next->handle(Object(Laminas\Diactoros\ServerRequest))
#46 /home/bzls8g1evy0v/public_html/forum/vendor/laminas/laminas-stratigility/src/Next.php(61): Middlewares\BasePathRouter->process(Object(Laminas\Diactoros\ServerRequest), Object(Laminas\Stratigility\Next))
#47 /home/bzls8g1evy0v/public_html/forum/vendor/laminas/laminas-stratigility/src/Middleware/OriginalMessages.php(42): Laminas\Stratigility\Next->handle(Object(Laminas\Diactoros\ServerRequest))
#48 /home/bzls8g1evy0v/public_html/forum/vendor/laminas/laminas-stratigility/src/Next.php(61): Laminas\Stratigility\Middleware\OriginalMessages->process(Object(Laminas\Diactoros\ServerRequest), Object(Laminas\Stratigility\Next))
#49 /home/bzls8g1evy0v/public_html/forum/vendor/middlewares/base-path/src/BasePath.php(53): Laminas\Stratigility\Next->handle(Object(Laminas\Diactoros\ServerRequest))
#50 /home/bzls8g1evy0v/public_html/forum/vendor/laminas/laminas-stratigility/src/Next.php(61): Middlewares\BasePath->process(Object(Laminas\Diactoros\ServerRequest), Object(Laminas\Stratigility\Next))
#51 /home/bzls8g1evy0v/public_html/forum/vendor/laminas/laminas-stratigility/src/MiddlewarePipe.php(84): Laminas\Stratigility\Next->handle(Object(Laminas\Diactoros\ServerRequest))
#52 /home/bzls8g1evy0v/public_html/forum/vendor/laminas/laminas-stratigility/src/MiddlewarePipe.php(73): Laminas\Stratigility\MiddlewarePipe->process(Object(Laminas\Diactoros\ServerRequest), Object(Laminas\Stratigility\EmptyPipelineHandler))
#53 /home/bzls8g1evy0v/public_html/forum/vendor/laminas/laminas-httphandlerrunner/src/RequestHandlerRunner.php(96): Laminas\Stratigility\MiddlewarePipe->handle(Object(Laminas\Diactoros\ServerRequest))
#54 /home/bzls8g1evy0v/public_html/forum/vendor/flarum/core/src/Http/Server.php(42): Laminas\HttpHandlerRunner\RequestHandlerRunner->run()
#55 /home/bzls8g1evy0v/public_html/forum/public/index.php(26): Flarum\Http\Server->listen()
#56 {main}

Next Doctrine\DBAL\Driver\PDOException: SQLSTATE[23000]: Integrity constraint violation: 1062 Duplicate entry '66-23' for key 'cssaugposts_discussion_id_number_unique' in /home/bzls8g1evy0v/public_html/forum/vendor/doctrine/dbal/lib/Doctrine/DBAL/Driver/PDOStatement.php:131
Stack trace:
#0 /home/bzls8g1evy0v/public_html/forum/vendor/illuminate/database/Connection.php(458): Doctrine\DBAL\Driver\PDOStatement->execute()
#1 /home/bzls8g1evy0v/public_html/forum/vendor/illuminate/database/Connection.php(657): Illuminate\Database\Connection->Illuminate\Database\{closure}('insert into `cs...', Array)
#2 /home/bzls8g1evy0v/public_html/forum/vendor/illuminate/database/Connection.php(624): Illuminate\Database\Connection->runQueryCallback('insert into `cs...', Array, Object(Closure))
#3 /home/bzls8g1evy0v/public_html/forum/vendor/illuminate/database/Connection.php(459): Illuminate\Database\Connection->run('insert into `cs...', Array, Object(Closure))
#4 /home/bzls8g1evy0v/public_html/forum/vendor/illuminate/database/Connection.php(411): Illuminate\Database\Connection->statement('insert into `cs...', Array)
#5 /home/bzls8g1evy0v/public_html/forum/vendor/illuminate/database/Query/Processors/Processor.php(32): Illuminate\Database\Connection->insert('insert into `cs...', Array)
#6 /home/bzls8g1evy0v/public_html/forum/vendor/illuminate/database/Query/Builder.php(2628): Illuminate\Database\Query\Processors\Processor->processInsertGetId(Object(Illuminate\Database\Query\Builder), 'insert into `cs...', Array, 'id')
#7 /home/bzls8g1evy0v/public_html/forum/vendor/illuminate/database/Eloquent/Builder.php(1338): Illuminate\Database\Query\Builder->insertGetId(Array, 'id')
#8 /home/bzls8g1evy0v/public_html/forum/vendor/illuminate/database/Eloquent/Model.php(823): Illuminate\Database\Eloquent\Builder->__call('insertGetId', Array)
#9 /home/bzls8g1evy0v/public_html/forum/vendor/illuminate/database/Eloquent/Model.php(788): Illuminate\Database\Eloquent\Model->insertAndSetId(Object(Illuminate\Database\Eloquent\Builder), Array)
#10 /home/bzls8g1evy0v/public_html/forum/vendor/illuminate/database/Eloquent/Model.php(651): Illuminate\Database\Eloquent\Model->performInsert(Object(Illuminate\Database\Eloquent\Builder))
#11 /home/bzls8g1evy0v/public_html/forum/vendor/flarum/core/src/Post/Command/PostReplyHandler.php(103): Illuminate\Database\Eloquent\Model->save()
#12 /home/bzls8g1evy0v/public_html/forum/vendor/illuminate/bus/Dispatcher.php(90): Flarum\Post\Command\PostReplyHandler->handle(Object(Flarum\Post\Command\PostReply))
#13 /home/bzls8g1evy0v/public_html/forum/vendor/illuminate/pipeline/Pipeline.php(128): Illuminate\Bus\Dispatcher->Illuminate\Bus\{closure}(Object(Flarum\Post\Command\PostReply))
#14 /home/bzls8g1evy0v/public_html/forum/vendor/illuminate/pipeline/Pipeline.php(104): Illuminate\Pipeline\Pipeline->Illuminate\Pipeline\{closure}(Object(Flarum\Post\Command\PostReply))
#15 /home/bzls8g1evy0v/public_html/forum/vendor/illuminate/bus/Dispatcher.php(98): Illuminate\Pipeline\Pipeline->then(Object(Closure))
#16 /home/bzls8g1evy0v/public_html/forum/vendor/illuminate/bus/Dispatcher.php(76): Illuminate\Bus\Dispatcher->dispatchNow(Object(Flarum\Post\Command\PostReply))
#17 /home/bzls8g1evy0v/public_html/forum/vendor/flarum/core/src/Api/Controller/CreatePostController.php(73): Illuminate\Bus\Dispatcher->dispatch(Object(Flarum\Post\Command\PostReply))
#18 /home/bzls8g1evy0v/public_html/forum/vendor/flarum/core/src/Api/Controller/AbstractSerializeController.php(96): Flarum\Api\Controller\CreatePostController->data(Object(Laminas\Diactoros\ServerRequest), Object(Tobscure\JsonApi\Document))
#19 /home/bzls8g1evy0v/public_html/forum/vendor/flarum/core/src/Api/Controller/AbstractCreateController.php(22): Flarum\Api\Controller\AbstractSerializeController->handle(Object(Laminas\Diactoros\ServerRequest))
#20 /home/bzls8g1evy0v/public_html/forum/vendor/flarum/core/src/Http/RouteHandlerFactory.php(38): Flarum\Api\Controller\AbstractCreateController->handle(Object(Laminas\Diactoros\ServerRequest))
#21 /home/bzls8g1evy0v/public_html/forum/vendor/flarum/core/src/Http/Middleware/DispatchRoute.php(65): Flarum\Http\RouteHandlerFactory->Flarum\Http\{closure}(Object(Laminas\Diactoros\ServerRequest), Array)
#22 /home/bzls8g1evy0v/public_html/forum/vendor/laminas/laminas-stratigility/src/Next.php(61): Flarum\Http\Middleware\DispatchRoute->process(Object(Laminas\Diactoros\ServerRequest), Object(Closure))
#23 /home/bzls8g1evy0v/public_html/forum/vendor/flarum/core/src/Http/Middleware/SetLocale.php(50): Laminas\Stratigility\Next->handle(Object(Laminas\Diactoros\ServerRequest))
#24 /home/bzls8g1evy0v/public_html/forum/vendor/laminas/laminas-stratigility/src/Next.php(61): Flarum\Http\Middleware\SetLocale->process(Object(Laminas\Diactoros\ServerRequest), Object(Laminas\Stratigility\Next))
#25 /home/bzls8g1evy0v/public_html/forum/vendor/flarum/core/src/Http/Middleware/CheckCsrfToken.php(45): Laminas\Stratigility\Next->handle(Object(Laminas\Diactoros\ServerRequest))
#26 /home/bzls8g1evy0v/public_html/forum/vendor/laminas/laminas-stratigility/src/Next.php(61): Flarum\Http\Middleware\CheckCsrfToken->process(Object(Laminas\Diactoros\ServerRequest), Object(Laminas\Stratigility\Next))
#27 /home/bzls8g1evy0v/public_html/forum/vendor/flarum/core/src/Http/Middleware/AuthenticateWithHeader.php(55): Laminas\Stratigility\Next->handle(Object(Laminas\Diactoros\ServerRequest))
#28 /home/bzls8g1evy0v/public_html/forum/vendor/laminas/laminas-stratigility/src/Next.php(61): Flarum\Http\Middleware\AuthenticateWithHeader->process(Object(Laminas\Diactoros\ServerRequest), Object(Laminas\Stratigility\Next))
#29 /home/bzls8g1evy0v/public_html/forum/vendor/flarum/core/src/Http/Middleware/AuthenticateWithSession.php(32): Laminas\Stratigility\Next->handle(Object(Laminas\Diactoros\ServerRequest))
#30 /home/bzls8g1evy0v/public_html/forum/vendor/laminas/laminas-stratigility/src/Next.php(61): Flarum\Http\Middleware\AuthenticateWithSession->process(Object(Laminas\Diactoros\ServerRequest), Object(Laminas\Stratigility\Next))
#31 /home/bzls8g1evy0v/public_html/forum/vendor/flarum/core/src/Http/Middleware/RememberFromCookie.php(51): Laminas\Stratigility\Next->handle(Object(Laminas\Diactoros\ServerRequest))
#32 /home/bzls8g1evy0v/public_html/forum/vendor/laminas/laminas-stratigility/src/Next.php(61): Flarum\Http\Middleware\RememberFromCookie->process(Object(Laminas\Diactoros\ServerRequest), Object(Laminas\Stratigility\Next))
#33 /home/bzls8g1evy0v/public_html/forum/vendor/flarum/core/src/Http/Middleware/StartSession.php(61): Laminas\Stratigility\Next->handle(Object(Laminas\Diactoros\ServerRequest))
#34 /home/bzls8g1evy0v/public_html/forum/vendor/laminas/laminas-stratigility/src/Next.php(61): Flarum\Http\Middleware\StartSession->process(Object(Laminas\Diactoros\ServerRequest), Object(Laminas\Stratigility\Next))
#35 /home/bzls8g1evy0v/public_html/forum/vendor/flarum/core/src/Api/Middleware/FakeHttpMethods.php(29): Laminas\Stratigility\Next->handle(Object(Laminas\Diactoros\ServerRequest))
#36 /home/bzls8g1evy0v/public_html/forum/vendor/laminas/laminas-stratigility/src/Next.php(61): Flarum\Api\Middleware\FakeHttpMethods->process(Object(Laminas\Diactoros\ServerRequest), Object(Laminas\Stratigility\Next))
#37 /home/bzls8g1evy0v/public_html/forum/vendor/flarum/core/src/Http/Middleware/ParseJsonBody.php(28): Laminas\Stratigility\Next->handle(Object(Laminas\Diactoros\ServerRequest))
#38 /home/bzls8g1evy0v/public_html/forum/vendor/laminas/laminas-stratigility/src/Next.php(61): Flarum\Http\Middleware\ParseJsonBody->process(Object(Laminas\Diactoros\ServerRequest), Object(Laminas\Stratigility\Next))
#39 /home/bzls8g1evy0v/public_html/forum/vendor/flarum/core/src/Http/Middleware/HandleErrors.php(57): Laminas\Stratigility\Next->handle(Object(Laminas\Diactoros\ServerRequest))
#40 /home/bzls8g1evy0v/public_html/forum/vendor/laminas/laminas-stratigility/src/Next.php(61): Flarum\Http\Middleware\HandleErrors->process(Object(Laminas\Diactoros\ServerRequest), Object(Laminas\Stratigility\Next))
#41 /home/bzls8g1evy0v/public_html/forum/vendor/laminas/laminas-stratigility/src/MiddlewarePipe.php(84): Laminas\Stratigility\Next->handle(Object(Laminas\Diactoros\ServerRequest))
#42 /home/bzls8g1evy0v/public_html/forum/vendor/middlewares/request-handler/src/RequestHandler.php(84): Laminas\Stratigility\MiddlewarePipe->process(Object(Laminas\Diactoros\ServerRequest), Object(Laminas\Stratigility\Next))
#43 /home/bzls8g1evy0v/public_html/forum/vendor/laminas/laminas-stratigility/src/Next.php(61): Middlewares\RequestHandler->process(Object(Laminas\Diactoros\ServerRequest), Object(Laminas\Stratigility\Next))
#44 /home/bzls8g1evy0v/public_html/forum/vendor/middlewares/base-path-router/src/BasePathRouter.php(97): Laminas\Stratigility\Next->handle(Object(Laminas\Diactoros\ServerRequest))
#45 /home/bzls8g1evy0v/public_html/forum/vendor/laminas/laminas-stratigility/src/Next.php(61): Middlewares\BasePathRouter->process(Object(Laminas\Diactoros\ServerRequest), Object(Laminas\Stratigility\Next))
#46 /home/bzls8g1evy0v/public_html/forum/vendor/laminas/laminas-stratigility/src/Middleware/OriginalMessages.php(42): Laminas\Stratigility\Next->handle(Object(Laminas\Diactoros\ServerRequest))
#47 /home/bzls8g1evy0v/public_html/forum/vendor/laminas/laminas-stratigility/src/Next.php(61): Laminas\Stratigility\Middleware\OriginalMessages->process(Object(Laminas\Diactoros\ServerRequest), Object(Laminas\Stratigility\Next))
#48 /home/bzls8g1evy0v/public_html/forum/vendor/middlewares/base-path/src/BasePath.php(53): Laminas\Stratigility\Next->handle(Object(Laminas\Diactoros\ServerRequest))
#49 /home/bzls8g1evy0v/public_html/forum/vendor/laminas/laminas-stratigility/src/Next.php(61): Middlewares\BasePath->process(Object(Laminas\Diactoros\ServerRequest), Object(Laminas\Stratigility\Next))
#50 /home/bzls8g1evy0v/public_html/forum/vendor/laminas/laminas-stratigility/src/MiddlewarePipe.php(84): Laminas\Stratigility\Next->handle(Object(Laminas\Diactoros\ServerRequest))
#51 /home/bzls8g1evy0v/public_html/forum/vendor/laminas/laminas-stratigility/src/MiddlewarePipe.php(73): Laminas\Stratigility\MiddlewarePipe->process(Object(Laminas\Diactoros\ServerRequest), Object(Laminas\Stratigility\EmptyPipelineHandler))
#52 /home/bzls8g1evy0v/public_html/forum/vendor/laminas/laminas-httphandlerrunner/src/RequestHandlerRunner.php(96): Laminas\Stratigility\MiddlewarePipe->handle(Object(Laminas\Diactoros\ServerRequest))
#53 /home/bzls8g1evy0v/public_html/forum/vendor/flarum/core/src/Http/Server.php(42): Laminas\HttpHandlerRunner\RequestHandlerRunner->run()
#54 /home/bzls8g1evy0v/public_html/forum/public/index.php(26): Flarum\Http\Server->listen()
#55 {main}

Next Illuminate\Database\QueryException: SQLSTATE[23000]: Integrity constraint violation: 1062 Duplicate entry '66-23' for key 'cssaugposts_discussion_id_number_unique' (SQL: insert into `cssaugposts` (`is_approved`, `created_at`, `discussion_id`, `user_id`, `type`, `ip_address`, `content`, `is_private`, `number`) values (1, 2020-09-21 10:12:09, 66, 120, comment, 162.158.111.196, <r><p><POSTMENTION discussionid="66" displayname="PharotekWizard" id="252" number="12" username="PharotekWizard">@PharotekWizard#252</POSTMENTION> 如果学长你说当初老大哥撤资，美英封锁之下还能研制出两弹一星的时代已经一去不复返，这个我不敢反驳，但现在就要因为被卡脖子而放弃对自己神圣领土主权的合理诉求？主动权在米国手里，我们只会越来越被动<br/>
另外，现在米国与台当局如此频繁的互动，是因为trump要给自己竞选造势，说白了这是不是一只纸老虎？<br/>
阿三也是因为国内新冠控制不住，经济大滑坡而转移民族矛盾对外输出，你看莫迪老仙能管得住军队？现在印度民粹高涨，他还真就不理智，这下你还要对牛弹琴？能不打则不打，这也是我的观点，BUT</p>

</r>, 0, 23)) in /home/bzls8g1evy0v/public_html/forum/vendor/illuminate/database/Connection.php:664
Stack trace:
#0 /home/bzls8g1evy0v/public_html/forum/vendor/illuminate/database/Connection.php(624): Illuminate\Database\Connection->runQueryCallback('insert into `cs...', Array, Object(Closure))
#1 /home/bzls8g1evy0v/public_html/forum/vendor/illuminate/database/Connection.php(459): Illuminate\Database\Connection->run('insert into `cs...', Array, Object(Closure))
#2 /home/bzls8g1evy0v/public_html/forum/vendor/illuminate/database/Connection.php(411): Illuminate\Database\Connection->statement('insert into `cs...', Array)
#3 /home/bzls8g1evy0v/public_html/forum/vendor/illuminate/database/Query/Processors/Processor.php(32): Illuminate\Database\Connection->insert('insert into `cs...', Array)
#4 /home/bzls8g1evy0v/public_html/forum/vendor/illuminate/database/Query/Builder.php(2628): Illuminate\Database\Query\Processors\Processor->processInsertGetId(Object(Illuminate\Database\Query\Builder), 'insert into `cs...', Array, 'id')
#5 /home/bzls8g1evy0v/public_html/forum/vendor/illuminate/database/Eloquent/Builder.php(1338): Illuminate\Database\Query\Builder->insertGetId(Array, 'id')
#6 /home/bzls8g1evy0v/public_html/forum/vendor/illuminate/database/Eloquent/Model.php(823): Illuminate\Database\Eloquent\Builder->__call('insertGetId', Array)
#7 /home/bzls8g1evy0v/public_html/forum/vendor/illuminate/database/Eloquent/Model.php(788): Illuminate\Database\Eloquent\Model->insertAndSetId(Object(Illuminate\Database\Eloquent\Builder), Array)
#8 /home/bzls8g1evy0v/public_html/forum/vendor/illuminate/database/Eloquent/Model.php(651): Illuminate\Database\Eloquent\Model->performInsert(Object(Illuminate\Database\Eloquent\Builder))
#9 /home/bzls8g1evy0v/public_html/forum/vendor/flarum/core/src/Post/Command/PostReplyHandler.php(103): Illuminate\Database\Eloquent\Model->save()
#10 /home/bzls8g1evy0v/public_html/forum/vendor/illuminate/bus/Dispatcher.php(90): Flarum\Post\Command\PostReplyHandler->handle(Object(Flarum\Post\Command\PostReply))
#11 /home/bzls8g1evy0v/public_html/forum/vendor/illuminate/pipeline/Pipeline.php(128): Illuminate\Bus\Dispatcher->Illuminate\Bus\{closure}(Object(Flarum\Post\Command\PostReply))
#12 /home/bzls8g1evy0v/public_html/forum/vendor/illuminate/pipeline/Pipeline.php(104): Illuminate\Pipeline\Pipeline->Illuminate\Pipeline\{closure}(Object(Flarum\Post\Command\PostReply))
#13 /home/bzls8g1evy0v/public_html/forum/vendor/illuminate/bus/Dispatcher.php(98): Illuminate\Pipeline\Pipeline->then(Object(Closure))
#14 /home/bzls8g1evy0v/public_html/forum/vendor/illuminate/bus/Dispatcher.php(76): Illuminate\Bus\Dispatcher->dispatchNow(Object(Flarum\Post\Command\PostReply))
#15 /home/bzls8g1evy0v/public_html/forum/vendor/flarum/core/src/Api/Controller/CreatePostController.php(73): Illuminate\Bus\Dispatcher->dispatch(Object(Flarum\Post\Command\PostReply))
#16 /home/bzls8g1evy0v/public_html/forum/vendor/flarum/core/src/Api/Controller/AbstractSerializeController.php(96): Flarum\Api\Controller\CreatePostController->data(Object(Laminas\Diactoros\ServerRequest), Object(Tobscure\JsonApi\Document))
#17 /home/bzls8g1evy0v/public_html/forum/vendor/flarum/core/src/Api/Controller/AbstractCreateController.php(22): Flarum\Api\Controller\AbstractSerializeController->handle(Object(Laminas\Diactoros\ServerRequest))
#18 /home/bzls8g1evy0v/public_html/forum/vendor/flarum/core/src/Http/RouteHandlerFactory.php(38): Flarum\Api\Controller\AbstractCreateController->handle(Object(Laminas\Diactoros\ServerRequest))
#19 /home/bzls8g1evy0v/public_html/forum/vendor/flarum/core/src/Http/Middleware/DispatchRoute.php(65): Flarum\Http\RouteHandlerFactory->Flarum\Http\{closure}(Object(Laminas\Diactoros\ServerRequest), Array)
#20 /home/bzls8g1evy0v/public_html/forum/vendor/laminas/laminas-stratigility/src/Next.php(61): Flarum\Http\Middleware\DispatchRoute->process(Object(Laminas\Diactoros\ServerRequest), Object(Closure))
#21 /home/bzls8g1evy0v/public_html/forum/vendor/flarum/core/src/Http/Middleware/SetLocale.php(50): Laminas\Stratigility\Next->handle(Object(Laminas\Diactoros\ServerRequest))
#22 /home/bzls8g1evy0v/public_html/forum/vendor/laminas/laminas-stratigility/src/Next.php(61): Flarum\Http\Middleware\SetLocale->process(Object(Laminas\Diactoros\ServerRequest), Object(Laminas\Stratigility\Next))
#23 /home/bzls8g1evy0v/public_html/forum/vendor/flarum/core/src/Http/Middleware/CheckCsrfToken.php(45): Laminas\Stratigility\Next->handle(Object(Laminas\Diactoros\ServerRequest))
#24 /home/bzls8g1evy0v/public_html/forum/vendor/laminas/laminas-stratigility/src/Next.php(61): Flarum\Http\Middleware\CheckCsrfToken->process(Object(Laminas\Diactoros\ServerRequest), Object(Laminas\Stratigility\Next))
#25 /home/bzls8g1evy0v/public_html/forum/vendor/flarum/core/src/Http/Middleware/AuthenticateWithHeader.php(55): Laminas\Stratigility\Next->handle(Object(Laminas\Diactoros\ServerRequest))
#26 /home/bzls8g1evy0v/public_html/forum/vendor/laminas/laminas-stratigility/src/Next.php(61): Flarum\Http\Middleware\AuthenticateWithHeader->process(Object(Laminas\Diactoros\ServerRequest), Object(Laminas\Stratigility\Next))
#27 /home/bzls8g1evy0v/public_html/forum/vendor/flarum/core/src/Http/Middleware/AuthenticateWithSession.php(32): Laminas\Stratigility\Next->handle(Object(Laminas\Diactoros\ServerRequest))
#28 /home/bzls8g1evy0v/public_html/forum/vendor/laminas/laminas-stratigility/src/Next.php(61): Flarum\Http\Middleware\AuthenticateWithSession->process(Object(Laminas\Diactoros\ServerRequest), Object(Laminas\Stratigility\Next))
#29 /home/bzls8g1evy0v/public_html/forum/vendor/flarum/core/src/Http/Middleware/RememberFromCookie.php(51): Laminas\Stratigility\Next->handle(Object(Laminas\Diactoros\ServerRequest))
#30 /home/bzls8g1evy0v/public_html/forum/vendor/laminas/laminas-stratigility/src/Next.php(61): Flarum\Http\Middleware\RememberFromCookie->process(Object(Laminas\Diactoros\ServerRequest), Object(Laminas\Stratigility\Next))
#31 /home/bzls8g1evy0v/public_html/forum/vendor/flarum/core/src/Http/Middleware/StartSession.php(61): Laminas\Stratigility\Next->handle(Object(Laminas\Diactoros\ServerRequest))
#32 /home/bzls8g1evy0v/public_html/forum/vendor/laminas/laminas-stratigility/src/Next.php(61): Flarum\Http\Middleware\StartSession->process(Object(Laminas\Diactoros\ServerRequest), Object(Laminas\Stratigility\Next))
#33 /home/bzls8g1evy0v/public_html/forum/vendor/flarum/core/src/Api/Middleware/FakeHttpMethods.php(29): Laminas\Stratigility\Next->handle(Object(Laminas\Diactoros\ServerRequest))
#34 /home/bzls8g1evy0v/public_html/forum/vendor/laminas/laminas-stratigility/src/Next.php(61): Flarum\Api\Middleware\FakeHttpMethods->process(Object(Laminas\Diactoros\ServerRequest), Object(Laminas\Stratigility\Next))
#35 /home/bzls8g1evy0v/public_html/forum/vendor/flarum/core/src/Http/Middleware/ParseJsonBody.php(28): Laminas\Stratigility\Next->handle(Object(Laminas\Diactoros\ServerRequest))
#36 /home/bzls8g1evy0v/public_html/forum/vendor/laminas/laminas-stratigility/src/Next.php(61): Flarum\Http\Middleware\ParseJsonBody->process(Object(Laminas\Diactoros\ServerRequest), Object(Laminas\Stratigility\Next))
#37 /home/bzls8g1evy0v/public_html/forum/vendor/flarum/core/src/Http/Middleware/HandleErrors.php(57): Laminas\Stratigility\Next->handle(Object(Laminas\Diactoros\ServerRequest))
#38 /home/bzls8g1evy0v/public_html/forum/vendor/laminas/laminas-stratigility/src/Next.php(61): Flarum\Http\Middleware\HandleErrors->process(Object(Laminas\Diactoros\ServerRequest), Object(Laminas\Stratigility\Next))
#39 /home/bzls8g1evy0v/public_html/forum/vendor/laminas/laminas-stratigility/src/MiddlewarePipe.php(84): Laminas\Stratigility\Next->handle(Object(Laminas\Diactoros\ServerRequest))
#40 /home/bzls8g1evy0v/public_html/forum/vendor/middlewares/request-handler/src/RequestHandler.php(84): Laminas\Stratigility\MiddlewarePipe->process(Object(Laminas\Diactoros\ServerRequest), Object(Laminas\Stratigility\Next))
#41 /home/bzls8g1evy0v/public_html/forum/vendor/laminas/laminas-stratigility/src/Next.php(61): Middlewares\RequestHandler->process(Object(Laminas\Diactoros\ServerRequest), Object(Laminas\Stratigility\Next))
#42 /home/bzls8g1evy0v/public_html/forum/vendor/middlewares/base-path-router/src/BasePathRouter.php(97): Laminas\Stratigility\Next->handle(Object(Laminas\Diactoros\ServerRequest))
#43 /home/bzls8g1evy0v/public_html/forum/vendor/laminas/laminas-stratigility/src/Next.php(61): Middlewares\BasePathRouter->process(Object(Laminas\Diactoros\ServerRequest), Object(Laminas\Stratigility\Next))
#44 /home/bzls8g1evy0v/public_html/forum/vendor/laminas/laminas-stratigility/src/Middleware/OriginalMessages.php(42): Laminas\Stratigility\Next->handle(Object(Laminas\Diactoros\ServerRequest))
#45 /home/bzls8g1evy0v/public_html/forum/vendor/laminas/laminas-stratigility/src/Next.php(61): Laminas\Stratigility\Middleware\OriginalMessages->process(Object(Laminas\Diactoros\ServerRequest), Object(Laminas\Stratigility\Next))
#46 /home/bzls8g1evy0v/public_html/forum/vendor/middlewares/base-path/src/BasePath.php(53): Laminas\Stratigility\Next->handle(Object(Laminas\Diactoros\ServerRequest))
#47 /home/bzls8g1evy0v/public_html/forum/vendor/laminas/laminas-stratigility/src/Next.php(61): Middlewares\BasePath->process(Object(Laminas\Diactoros\ServerRequest), Object(Laminas\Stratigility\Next))
#48 /home/bzls8g1evy0v/public_html/forum/vendor/laminas/laminas-stratigility/src/MiddlewarePipe.php(84): Laminas\Stratigility\Next->handle(Object(Laminas\Diactoros\ServerRequest))
#49 /home/bzls8g1evy0v/public_html/forum/vendor/laminas/laminas-stratigility/src/MiddlewarePipe.php(73): Laminas\Stratigility\MiddlewarePipe->process(Object(Laminas\Diactoros\ServerRequest), Object(Laminas\Stratigility\EmptyPipelineHandler))
#50 /home/bzls8g1evy0v/public_html/forum/vendor/laminas/laminas-httphandlerrunner/src/RequestHandlerRunner.php(96): Laminas\Stratigility\MiddlewarePipe->handle(Object(Laminas\Diactoros\ServerRequest))
#51 /home/bzls8g1evy0v/public_html/forum/vendor/flarum/core/src/Http/Server.php(42): Laminas\HttpHandlerRunner\RequestHandlerRunner->run()
#52 /home/bzls8g1evy0v/public_html/forum/public/index.php(26): Flarum\Http\Server->listen()
#53 {main}  
