[2020-09-10 13:33:37] production.ERROR: Intervention\Image\Exception\NotReadableException: Unable to init from given binary data. in /home/bzls8g1evy0v/public_html/forum/vendor/intervention/image/src/Intervention/Image/Gd/Decoder.php:115
Stack trace:
#0 /home/bzls8g1evy0v/public_html/forum/vendor/intervention/image/src/Intervention/Image/AbstractDecoder.php(124): Intervention\Image\Gd\Decoder->initFromBinary('null')
#1 /home/bzls8g1evy0v/public_html/forum/vendor/intervention/image/src/Intervention/Image/AbstractDecoder.php(333): Intervention\Image\AbstractDecoder->initFromStream(Object(Laminas\Diactoros\Stream))
#2 /home/bzls8g1evy0v/public_html/forum/vendor/intervention/image/src/Intervention/Image/AbstractDriver.php(66): Intervention\Image\AbstractDecoder->init(Object(Laminas\Diactoros\Stream))
#3 /home/bzls8g1evy0v/public_html/forum/vendor/intervention/image/src/Intervention/Image/ImageManager.php(54): Intervention\Image\AbstractDriver->init(Object(Laminas\Diactoros\Stream))
#4 /home/bzls8g1evy0v/public_html/forum/vendor/flarum/core/src/User/Command/UploadAvatarHandler.php(73): Intervention\Image\ImageManager->make(Object(Laminas\Diactoros\Stream))
#5 /home/bzls8g1evy0v/public_html/forum/vendor/illuminate/bus/Dispatcher.php(90): Flarum\User\Command\UploadAvatarHandler->handle(Object(Flarum\User\Command\UploadAvatar))
#6 /home/bzls8g1evy0v/public_html/forum/vendor/illuminate/pipeline/Pipeline.php(128): Illuminate\Bus\Dispatcher->Illuminate\Bus\{closure}(Object(Flarum\User\Command\UploadAvatar))
#7 /home/bzls8g1evy0v/public_html/forum/vendor/illuminate/pipeline/Pipeline.php(104): Illuminate\Pipeline\Pipeline->Illuminate\Pipeline\{closure}(Object(Flarum\User\Command\UploadAvatar))
#8 /home/bzls8g1evy0v/public_html/forum/vendor/illuminate/bus/Dispatcher.php(98): Illuminate\Pipeline\Pipeline->then(Object(Closure))
#9 /home/bzls8g1evy0v/public_html/forum/vendor/illuminate/bus/Dispatcher.php(76): Illuminate\Bus\Dispatcher->dispatchNow(Object(Flarum\User\Command\UploadAvatar))
#10 /home/bzls8g1evy0v/public_html/forum/vendor/flarum/core/src/Api/Controller/UploadAvatarController.php(49): Illuminate\Bus\Dispatcher->dispatch(Object(Flarum\User\Command\UploadAvatar))
#11 /home/bzls8g1evy0v/public_html/forum/vendor/flarum/core/src/Api/Controller/AbstractSerializeController.php(96): Flarum\Api\Controller\UploadAvatarController->data(Object(Laminas\Diactoros\ServerRequest), Object(Tobscure\JsonApi\Document))
#12 /home/bzls8g1evy0v/public_html/forum/vendor/flarum/core/src/Http/RouteHandlerFactory.php(38): Flarum\Api\Controller\AbstractSerializeController->handle(Object(Laminas\Diactoros\ServerRequest))
#13 /home/bzls8g1evy0v/public_html/forum/vendor/flarum/core/src/Http/Middleware/DispatchRoute.php(65): Flarum\Http\RouteHandlerFactory->Flarum\Http\{closure}(Object(Laminas\Diactoros\ServerRequest), Array)
#14 /home/bzls8g1evy0v/public_html/forum/vendor/laminas/laminas-stratigility/src/Next.php(61): Flarum\Http\Middleware\DispatchRoute->process(Object(Laminas\Diactoros\ServerRequest), Object(Closure))
#15 /home/bzls8g1evy0v/public_html/forum/vendor/flarum/core/src/Http/Middleware/SetLocale.php(50): Laminas\Stratigility\Next->handle(Object(Laminas\Diactoros\ServerRequest))
#16 /home/bzls8g1evy0v/public_html/forum/vendor/laminas/laminas-stratigility/src/Next.php(61): Flarum\Http\Middleware\SetLocale->process(Object(Laminas\Diactoros\ServerRequest), Object(Laminas\Stratigility\Next))
#17 /home/bzls8g1evy0v/public_html/forum/vendor/flarum/core/src/Http/Middleware/CheckCsrfToken.php(45): Laminas\Stratigility\Next->handle(Object(Laminas\Diactoros\ServerRequest))
#18 /home/bzls8g1evy0v/public_html/forum/vendor/laminas/laminas-stratigility/src/Next.php(61): Flarum\Http\Middleware\CheckCsrfToken->process(Object(Laminas\Diactoros\ServerRequest), Object(Laminas\Stratigility\Next))
#19 /home/bzls8g1evy0v/public_html/forum/vendor/flarum/core/src/Http/Middleware/AuthenticateWithHeader.php(55): Laminas\Stratigility\Next->handle(Object(Laminas\Diactoros\ServerRequest))
#20 /home/bzls8g1evy0v/public_html/forum/vendor/laminas/laminas-stratigility/src/Next.php(61): Flarum\Http\Middleware\AuthenticateWithHeader->process(Object(Laminas\Diactoros\ServerRequest), Object(Laminas\Stratigility\Next))
#21 /home/bzls8g1evy0v/public_html/forum/vendor/flarum/core/src/Http/Middleware/AuthenticateWithSession.php(32): Laminas\Stratigility\Next->handle(Object(Laminas\Diactoros\ServerRequest))
#22 /home/bzls8g1evy0v/public_html/forum/vendor/laminas/laminas-stratigility/src/Next.php(61): Flarum\Http\Middleware\AuthenticateWithSession->process(Object(Laminas\Diactoros\ServerRequest), Object(Laminas\Stratigility\Next))
#23 /home/bzls8g1evy0v/public_html/forum/vendor/flarum/core/src/Http/Middleware/RememberFromCookie.php(51): Laminas\Stratigility\Next->handle(Object(Laminas\Diactoros\ServerRequest))
#24 /home/bzls8g1evy0v/public_html/forum/vendor/laminas/laminas-stratigility/src/Next.php(61): Flarum\Http\Middleware\RememberFromCookie->process(Object(Laminas\Diactoros\ServerRequest), Object(Laminas\Stratigility\Next))
#25 /home/bzls8g1evy0v/public_html/forum/vendor/flarum/core/src/Http/Middleware/StartSession.php(61): Laminas\Stratigility\Next->handle(Object(Laminas\Diactoros\ServerRequest))
#26 /home/bzls8g1evy0v/public_html/forum/vendor/laminas/laminas-stratigility/src/Next.php(61): Flarum\Http\Middleware\StartSession->process(Object(Laminas\Diactoros\ServerRequest), Object(Laminas\Stratigility\Next))
#27 /home/bzls8g1evy0v/public_html/forum/vendor/flarum/core/src/Api/Middleware/FakeHttpMethods.php(29): Laminas\Stratigility\Next->handle(Object(Laminas\Diactoros\ServerRequest))
#28 /home/bzls8g1evy0v/public_html/forum/vendor/laminas/laminas-stratigility/src/Next.php(61): Flarum\Api\Middleware\FakeHttpMethods->process(Object(Laminas\Diactoros\ServerRequest), Object(Laminas\Stratigility\Next))
#29 /home/bzls8g1evy0v/public_html/forum/vendor/flarum/core/src/Http/Middleware/ParseJsonBody.php(28): Laminas\Stratigility\Next->handle(Object(Laminas\Diactoros\ServerRequest))
#30 /home/bzls8g1evy0v/public_html/forum/vendor/laminas/laminas-stratigility/src/Next.php(61): Flarum\Http\Middleware\ParseJsonBody->process(Object(Laminas\Diactoros\ServerRequest), Object(Laminas\Stratigility\Next))
#31 /home/bzls8g1evy0v/public_html/forum/vendor/flarum/core/src/Http/Middleware/HandleErrors.php(57): Laminas\Stratigility\Next->handle(Object(Laminas\Diactoros\ServerRequest))
#32 /home/bzls8g1evy0v/public_html/forum/vendor/laminas/laminas-stratigility/src/Next.php(61): Flarum\Http\Middleware\HandleErrors->process(Object(Laminas\Diactoros\ServerRequest), Object(Laminas\Stratigility\Next))
#33 /home/bzls8g1evy0v/public_html/forum/vendor/laminas/laminas-stratigility/src/MiddlewarePipe.php(84): Laminas\Stratigility\Next->handle(Object(Laminas\Diactoros\ServerRequest))
#34 /home/bzls8g1evy0v/public_html/forum/vendor/middlewares/request-handler/src/RequestHandler.php(84): Laminas\Stratigility\MiddlewarePipe->process(Object(Laminas\Diactoros\ServerRequest), Object(Laminas\Stratigility\Next))
#35 /home/bzls8g1evy0v/public_html/forum/vendor/laminas/laminas-stratigility/src/Next.php(61): Middlewares\RequestHandler->process(Object(Laminas\Diactoros\ServerRequest), Object(Laminas\Stratigility\Next))
#36 /home/bzls8g1evy0v/public_html/forum/vendor/middlewares/base-path-router/src/BasePathRouter.php(97): Laminas\Stratigility\Next->handle(Object(Laminas\Diactoros\ServerRequest))
#37 /home/bzls8g1evy0v/public_html/forum/vendor/laminas/laminas-stratigility/src/Next.php(61): Middlewares\BasePathRouter->process(Object(Laminas\Diactoros\ServerRequest), Object(Laminas\Stratigility\Next))
#38 /home/bzls8g1evy0v/public_html/forum/vendor/laminas/laminas-stratigility/src/Middleware/OriginalMessages.php(42): Laminas\Stratigility\Next->handle(Object(Laminas\Diactoros\ServerRequest))
#39 /home/bzls8g1evy0v/public_html/forum/vendor/laminas/laminas-stratigility/src/Next.php(61): Laminas\Stratigility\Middleware\OriginalMessages->process(Object(Laminas\Diactoros\ServerRequest), Object(Laminas\Stratigility\Next))
#40 /home/bzls8g1evy0v/public_html/forum/vendor/middlewares/base-path/src/BasePath.php(53): Laminas\Stratigility\Next->handle(Object(Laminas\Diactoros\ServerRequest))
#41 /home/bzls8g1evy0v/public_html/forum/vendor/laminas/laminas-stratigility/src/Next.php(61): Middlewares\BasePath->process(Object(Laminas\Diactoros\ServerRequest), Object(Laminas\Stratigility\Next))
#42 /home/bzls8g1evy0v/public_html/forum/vendor/laminas/laminas-stratigility/src/MiddlewarePipe.php(84): Laminas\Stratigility\Next->handle(Object(Laminas\Diactoros\ServerRequest))
#43 /home/bzls8g1evy0v/public_html/forum/vendor/laminas/laminas-stratigility/src/MiddlewarePipe.php(73): Laminas\Stratigility\MiddlewarePipe->process(Object(Laminas\Diactoros\ServerRequest), Object(Laminas\Stratigility\EmptyPipelineHandler))
#44 /home/bzls8g1evy0v/public_html/forum/vendor/laminas/laminas-httphandlerrunner/src/RequestHandlerRunner.php(96): Laminas\Stratigility\MiddlewarePipe->handle(Object(Laminas\Diactoros\ServerRequest))
#45 /home/bzls8g1evy0v/public_html/forum/vendor/flarum/core/src/Http/Server.php(42): Laminas\HttpHandlerRunner\RequestHandlerRunner->run()
#46 /home/bzls8g1evy0v/public_html/forum/public/index.php(26): Flarum\Http\Server->listen()
#47 {main}  
[2020-09-10 13:33:41] production.ERROR: Intervention\Image\Exception\NotReadableException: Unable to init from given binary data. in /home/bzls8g1evy0v/public_html/forum/vendor/intervention/image/src/Intervention/Image/Gd/Decoder.php:115
Stack trace:
#0 /home/bzls8g1evy0v/public_html/forum/vendor/intervention/image/src/Intervention/Image/AbstractDecoder.php(124): Intervention\Image\Gd\Decoder->initFromBinary('null')
#1 /home/bzls8g1evy0v/public_html/forum/vendor/intervention/image/src/Intervention/Image/AbstractDecoder.php(333): Intervention\Image\AbstractDecoder->initFromStream(Object(Laminas\Diactoros\Stream))
#2 /home/bzls8g1evy0v/public_html/forum/vendor/intervention/image/src/Intervention/Image/AbstractDriver.php(66): Intervention\Image\AbstractDecoder->init(Object(Laminas\Diactoros\Stream))
#3 /home/bzls8g1evy0v/public_html/forum/vendor/intervention/image/src/Intervention/Image/ImageManager.php(54): Intervention\Image\AbstractDriver->init(Object(Laminas\Diactoros\Stream))
#4 /home/bzls8g1evy0v/public_html/forum/vendor/flarum/core/src/User/Command/UploadAvatarHandler.php(73): Intervention\Image\ImageManager->make(Object(Laminas\Diactoros\Stream))
#5 /home/bzls8g1evy0v/public_html/forum/vendor/illuminate/bus/Dispatcher.php(90): Flarum\User\Command\UploadAvatarHandler->handle(Object(Flarum\User\Command\UploadAvatar))
#6 /home/bzls8g1evy0v/public_html/forum/vendor/illuminate/pipeline/Pipeline.php(128): Illuminate\Bus\Dispatcher->Illuminate\Bus\{closure}(Object(Flarum\User\Command\UploadAvatar))
#7 /home/bzls8g1evy0v/public_html/forum/vendor/illuminate/pipeline/Pipeline.php(104): Illuminate\Pipeline\Pipeline->Illuminate\Pipeline\{closure}(Object(Flarum\User\Command\UploadAvatar))
#8 /home/bzls8g1evy0v/public_html/forum/vendor/illuminate/bus/Dispatcher.php(98): Illuminate\Pipeline\Pipeline->then(Object(Closure))
#9 /home/bzls8g1evy0v/public_html/forum/vendor/illuminate/bus/Dispatcher.php(76): Illuminate\Bus\Dispatcher->dispatchNow(Object(Flarum\User\Command\UploadAvatar))
#10 /home/bzls8g1evy0v/public_html/forum/vendor/flarum/core/src/Api/Controller/UploadAvatarController.php(49): Illuminate\Bus\Dispatcher->dispatch(Object(Flarum\User\Command\UploadAvatar))
#11 /home/bzls8g1evy0v/public_html/forum/vendor/flarum/core/src/Api/Controller/AbstractSerializeController.php(96): Flarum\Api\Controller\UploadAvatarController->data(Object(Laminas\Diactoros\ServerRequest), Object(Tobscure\JsonApi\Document))
#12 /home/bzls8g1evy0v/public_html/forum/vendor/flarum/core/src/Http/RouteHandlerFactory.php(38): Flarum\Api\Controller\AbstractSerializeController->handle(Object(Laminas\Diactoros\ServerRequest))
#13 /home/bzls8g1evy0v/public_html/forum/vendor/flarum/core/src/Http/Middleware/DispatchRoute.php(65): Flarum\Http\RouteHandlerFactory->Flarum\Http\{closure}(Object(Laminas\Diactoros\ServerRequest), Array)
#14 /home/bzls8g1evy0v/public_html/forum/vendor/laminas/laminas-stratigility/src/Next.php(61): Flarum\Http\Middleware\DispatchRoute->process(Object(Laminas\Diactoros\ServerRequest), Object(Closure))
#15 /home/bzls8g1evy0v/public_html/forum/vendor/flarum/core/src/Http/Middleware/SetLocale.php(50): Laminas\Stratigility\Next->handle(Object(Laminas\Diactoros\ServerRequest))
#16 /home/bzls8g1evy0v/public_html/forum/vendor/laminas/laminas-stratigility/src/Next.php(61): Flarum\Http\Middleware\SetLocale->process(Object(Laminas\Diactoros\ServerRequest), Object(Laminas\Stratigility\Next))
#17 /home/bzls8g1evy0v/public_html/forum/vendor/flarum/core/src/Http/Middleware/CheckCsrfToken.php(45): Laminas\Stratigility\Next->handle(Object(Laminas\Diactoros\ServerRequest))
#18 /home/bzls8g1evy0v/public_html/forum/vendor/laminas/laminas-stratigility/src/Next.php(61): Flarum\Http\Middleware\CheckCsrfToken->process(Object(Laminas\Diactoros\ServerRequest), Object(Laminas\Stratigility\Next))
#19 /home/bzls8g1evy0v/public_html/forum/vendor/flarum/core/src/Http/Middleware/AuthenticateWithHeader.php(55): Laminas\Stratigility\Next->handle(Object(Laminas\Diactoros\ServerRequest))
#20 /home/bzls8g1evy0v/public_html/forum/vendor/laminas/laminas-stratigility/src/Next.php(61): Flarum\Http\Middleware\AuthenticateWithHeader->process(Object(Laminas\Diactoros\ServerRequest), Object(Laminas\Stratigility\Next))
#21 /home/bzls8g1evy0v/public_html/forum/vendor/flarum/core/src/Http/Middleware/AuthenticateWithSession.php(32): Laminas\Stratigility\Next->handle(Object(Laminas\Diactoros\ServerRequest))
#22 /home/bzls8g1evy0v/public_html/forum/vendor/laminas/laminas-stratigility/src/Next.php(61): Flarum\Http\Middleware\AuthenticateWithSession->process(Object(Laminas\Diactoros\ServerRequest), Object(Laminas\Stratigility\Next))
#23 /home/bzls8g1evy0v/public_html/forum/vendor/flarum/core/src/Http/Middleware/RememberFromCookie.php(51): Laminas\Stratigility\Next->handle(Object(Laminas\Diactoros\ServerRequest))
#24 /home/bzls8g1evy0v/public_html/forum/vendor/laminas/laminas-stratigility/src/Next.php(61): Flarum\Http\Middleware\RememberFromCookie->process(Object(Laminas\Diactoros\ServerRequest), Object(Laminas\Stratigility\Next))
#25 /home/bzls8g1evy0v/public_html/forum/vendor/flarum/core/src/Http/Middleware/StartSession.php(61): Laminas\Stratigility\Next->handle(Object(Laminas\Diactoros\ServerRequest))
#26 /home/bzls8g1evy0v/public_html/forum/vendor/laminas/laminas-stratigility/src/Next.php(61): Flarum\Http\Middleware\StartSession->process(Object(Laminas\Diactoros\ServerRequest), Object(Laminas\Stratigility\Next))
#27 /home/bzls8g1evy0v/public_html/forum/vendor/flarum/core/src/Api/Middleware/FakeHttpMethods.php(29): Laminas\Stratigility\Next->handle(Object(Laminas\Diactoros\ServerRequest))
#28 /home/bzls8g1evy0v/public_html/forum/vendor/laminas/laminas-stratigility/src/Next.php(61): Flarum\Api\Middleware\FakeHttpMethods->process(Object(Laminas\Diactoros\ServerRequest), Object(Laminas\Stratigility\Next))
#29 /home/bzls8g1evy0v/public_html/forum/vendor/flarum/core/src/Http/Middleware/ParseJsonBody.php(28): Laminas\Stratigility\Next->handle(Object(Laminas\Diactoros\ServerRequest))
#30 /home/bzls8g1evy0v/public_html/forum/vendor/laminas/laminas-stratigility/src/Next.php(61): Flarum\Http\Middleware\ParseJsonBody->process(Object(Laminas\Diactoros\ServerRequest), Object(Laminas\Stratigility\Next))
#31 /home/bzls8g1evy0v/public_html/forum/vendor/flarum/core/src/Http/Middleware/HandleErrors.php(57): Laminas\Stratigility\Next->handle(Object(Laminas\Diactoros\ServerRequest))
#32 /home/bzls8g1evy0v/public_html/forum/vendor/laminas/laminas-stratigility/src/Next.php(61): Flarum\Http\Middleware\HandleErrors->process(Object(Laminas\Diactoros\ServerRequest), Object(Laminas\Stratigility\Next))
#33 /home/bzls8g1evy0v/public_html/forum/vendor/laminas/laminas-stratigility/src/MiddlewarePipe.php(84): Laminas\Stratigility\Next->handle(Object(Laminas\Diactoros\ServerRequest))
#34 /home/bzls8g1evy0v/public_html/forum/vendor/middlewares/request-handler/src/RequestHandler.php(84): Laminas\Stratigility\MiddlewarePipe->process(Object(Laminas\Diactoros\ServerRequest), Object(Laminas\Stratigility\Next))
#35 /home/bzls8g1evy0v/public_html/forum/vendor/laminas/laminas-stratigility/src/Next.php(61): Middlewares\RequestHandler->process(Object(Laminas\Diactoros\ServerRequest), Object(Laminas\Stratigility\Next))
#36 /home/bzls8g1evy0v/public_html/forum/vendor/middlewares/base-path-router/src/BasePathRouter.php(97): Laminas\Stratigility\Next->handle(Object(Laminas\Diactoros\ServerRequest))
#37 /home/bzls8g1evy0v/public_html/forum/vendor/laminas/laminas-stratigility/src/Next.php(61): Middlewares\BasePathRouter->process(Object(Laminas\Diactoros\ServerRequest), Object(Laminas\Stratigility\Next))
#38 /home/bzls8g1evy0v/public_html/forum/vendor/laminas/laminas-stratigility/src/Middleware/OriginalMessages.php(42): Laminas\Stratigility\Next->handle(Object(Laminas\Diactoros\ServerRequest))
#39 /home/bzls8g1evy0v/public_html/forum/vendor/laminas/laminas-stratigility/src/Next.php(61): Laminas\Stratigility\Middleware\OriginalMessages->process(Object(Laminas\Diactoros\ServerRequest), Object(Laminas\Stratigility\Next))
#40 /home/bzls8g1evy0v/public_html/forum/vendor/middlewares/base-path/src/BasePath.php(53): Laminas\Stratigility\Next->handle(Object(Laminas\Diactoros\ServerRequest))
#41 /home/bzls8g1evy0v/public_html/forum/vendor/laminas/laminas-stratigility/src/Next.php(61): Middlewares\BasePath->process(Object(Laminas\Diactoros\ServerRequest), Object(Laminas\Stratigility\Next))
#42 /home/bzls8g1evy0v/public_html/forum/vendor/laminas/laminas-stratigility/src/MiddlewarePipe.php(84): Laminas\Stratigility\Next->handle(Object(Laminas\Diactoros\ServerRequest))
#43 /home/bzls8g1evy0v/public_html/forum/vendor/laminas/laminas-stratigility/src/MiddlewarePipe.php(73): Laminas\Stratigility\MiddlewarePipe->process(Object(Laminas\Diactoros\ServerRequest), Object(Laminas\Stratigility\EmptyPipelineHandler))
#44 /home/bzls8g1evy0v/public_html/forum/vendor/laminas/laminas-httphandlerrunner/src/RequestHandlerRunner.php(96): Laminas\Stratigility\MiddlewarePipe->handle(Object(Laminas\Diactoros\ServerRequest))
#45 /home/bzls8g1evy0v/public_html/forum/vendor/flarum/core/src/Http/Server.php(42): Laminas\HttpHandlerRunner\RequestHandlerRunner->run()
#46 /home/bzls8g1evy0v/public_html/forum/public/index.php(26): Flarum\Http\Server->listen()
#47 {main}  
[2020-09-10 13:33:49] production.ERROR: Intervention\Image\Exception\NotReadableException: Unable to init from given binary data. in /home/bzls8g1evy0v/public_html/forum/vendor/intervention/image/src/Intervention/Image/Gd/Decoder.php:115
Stack trace:
#0 /home/bzls8g1evy0v/public_html/forum/vendor/intervention/image/src/Intervention/Image/AbstractDecoder.php(124): Intervention\Image\Gd\Decoder->initFromBinary('null')
#1 /home/bzls8g1evy0v/public_html/forum/vendor/intervention/image/src/Intervention/Image/AbstractDecoder.php(333): Intervention\Image\AbstractDecoder->initFromStream(Object(Laminas\Diactoros\Stream))
#2 /home/bzls8g1evy0v/public_html/forum/vendor/intervention/image/src/Intervention/Image/AbstractDriver.php(66): Intervention\Image\AbstractDecoder->init(Object(Laminas\Diactoros\Stream))
#3 /home/bzls8g1evy0v/public_html/forum/vendor/intervention/image/src/Intervention/Image/ImageManager.php(54): Intervention\Image\AbstractDriver->init(Object(Laminas\Diactoros\Stream))
#4 /home/bzls8g1evy0v/public_html/forum/vendor/flarum/core/src/User/Command/UploadAvatarHandler.php(73): Intervention\Image\ImageManager->make(Object(Laminas\Diactoros\Stream))
#5 /home/bzls8g1evy0v/public_html/forum/vendor/illuminate/bus/Dispatcher.php(90): Flarum\User\Command\UploadAvatarHandler->handle(Object(Flarum\User\Command\UploadAvatar))
#6 /home/bzls8g1evy0v/public_html/forum/vendor/illuminate/pipeline/Pipeline.php(128): Illuminate\Bus\Dispatcher->Illuminate\Bus\{closure}(Object(Flarum\User\Command\UploadAvatar))
#7 /home/bzls8g1evy0v/public_html/forum/vendor/illuminate/pipeline/Pipeline.php(104): Illuminate\Pipeline\Pipeline->Illuminate\Pipeline\{closure}(Object(Flarum\User\Command\UploadAvatar))
#8 /home/bzls8g1evy0v/public_html/forum/vendor/illuminate/bus/Dispatcher.php(98): Illuminate\Pipeline\Pipeline->then(Object(Closure))
#9 /home/bzls8g1evy0v/public_html/forum/vendor/illuminate/bus/Dispatcher.php(76): Illuminate\Bus\Dispatcher->dispatchNow(Object(Flarum\User\Command\UploadAvatar))
#10 /home/bzls8g1evy0v/public_html/forum/vendor/flarum/core/src/Api/Controller/UploadAvatarController.php(49): Illuminate\Bus\Dispatcher->dispatch(Object(Flarum\User\Command\UploadAvatar))
#11 /home/bzls8g1evy0v/public_html/forum/vendor/flarum/core/src/Api/Controller/AbstractSerializeController.php(96): Flarum\Api\Controller\UploadAvatarController->data(Object(Laminas\Diactoros\ServerRequest), Object(Tobscure\JsonApi\Document))
#12 /home/bzls8g1evy0v/public_html/forum/vendor/flarum/core/src/Http/RouteHandlerFactory.php(38): Flarum\Api\Controller\AbstractSerializeController->handle(Object(Laminas\Diactoros\ServerRequest))
#13 /home/bzls8g1evy0v/public_html/forum/vendor/flarum/core/src/Http/Middleware/DispatchRoute.php(65): Flarum\Http\RouteHandlerFactory->Flarum\Http\{closure}(Object(Laminas\Diactoros\ServerRequest), Array)
#14 /home/bzls8g1evy0v/public_html/forum/vendor/laminas/laminas-stratigility/src/Next.php(61): Flarum\Http\Middleware\DispatchRoute->process(Object(Laminas\Diactoros\ServerRequest), Object(Closure))
#15 /home/bzls8g1evy0v/public_html/forum/vendor/flarum/core/src/Http/Middleware/SetLocale.php(50): Laminas\Stratigility\Next->handle(Object(Laminas\Diactoros\ServerRequest))
#16 /home/bzls8g1evy0v/public_html/forum/vendor/laminas/laminas-stratigility/src/Next.php(61): Flarum\Http\Middleware\SetLocale->process(Object(Laminas\Diactoros\ServerRequest), Object(Laminas\Stratigility\Next))
#17 /home/bzls8g1evy0v/public_html/forum/vendor/flarum/core/src/Http/Middleware/CheckCsrfToken.php(45): Laminas\Stratigility\Next->handle(Object(Laminas\Diactoros\ServerRequest))
#18 /home/bzls8g1evy0v/public_html/forum/vendor/laminas/laminas-stratigility/src/Next.php(61): Flarum\Http\Middleware\CheckCsrfToken->process(Object(Laminas\Diactoros\ServerRequest), Object(Laminas\Stratigility\Next))
#19 /home/bzls8g1evy0v/public_html/forum/vendor/flarum/core/src/Http/Middleware/AuthenticateWithHeader.php(55): Laminas\Stratigility\Next->handle(Object(Laminas\Diactoros\ServerRequest))
#20 /home/bzls8g1evy0v/public_html/forum/vendor/laminas/laminas-stratigility/src/Next.php(61): Flarum\Http\Middleware\AuthenticateWithHeader->process(Object(Laminas\Diactoros\ServerRequest), Object(Laminas\Stratigility\Next))
#21 /home/bzls8g1evy0v/public_html/forum/vendor/flarum/core/src/Http/Middleware/AuthenticateWithSession.php(32): Laminas\Stratigility\Next->handle(Object(Laminas\Diactoros\ServerRequest))
#22 /home/bzls8g1evy0v/public_html/forum/vendor/laminas/laminas-stratigility/src/Next.php(61): Flarum\Http\Middleware\AuthenticateWithSession->process(Object(Laminas\Diactoros\ServerRequest), Object(Laminas\Stratigility\Next))
#23 /home/bzls8g1evy0v/public_html/forum/vendor/flarum/core/src/Http/Middleware/RememberFromCookie.php(51): Laminas\Stratigility\Next->handle(Object(Laminas\Diactoros\ServerRequest))
#24 /home/bzls8g1evy0v/public_html/forum/vendor/laminas/laminas-stratigility/src/Next.php(61): Flarum\Http\Middleware\RememberFromCookie->process(Object(Laminas\Diactoros\ServerRequest), Object(Laminas\Stratigility\Next))
#25 /home/bzls8g1evy0v/public_html/forum/vendor/flarum/core/src/Http/Middleware/StartSession.php(61): Laminas\Stratigility\Next->handle(Object(Laminas\Diactoros\ServerRequest))
#26 /home/bzls8g1evy0v/public_html/forum/vendor/laminas/laminas-stratigility/src/Next.php(61): Flarum\Http\Middleware\StartSession->process(Object(Laminas\Diactoros\ServerRequest), Object(Laminas\Stratigility\Next))
#27 /home/bzls8g1evy0v/public_html/forum/vendor/flarum/core/src/Api/Middleware/FakeHttpMethods.php(29): Laminas\Stratigility\Next->handle(Object(Laminas\Diactoros\ServerRequest))
#28 /home/bzls8g1evy0v/public_html/forum/vendor/laminas/laminas-stratigility/src/Next.php(61): Flarum\Api\Middleware\FakeHttpMethods->process(Object(Laminas\Diactoros\ServerRequest), Object(Laminas\Stratigility\Next))
#29 /home/bzls8g1evy0v/public_html/forum/vendor/flarum/core/src/Http/Middleware/ParseJsonBody.php(28): Laminas\Stratigility\Next->handle(Object(Laminas\Diactoros\ServerRequest))
#30 /home/bzls8g1evy0v/public_html/forum/vendor/laminas/laminas-stratigility/src/Next.php(61): Flarum\Http\Middleware\ParseJsonBody->process(Object(Laminas\Diactoros\ServerRequest), Object(Laminas\Stratigility\Next))
#31 /home/bzls8g1evy0v/public_html/forum/vendor/flarum/core/src/Http/Middleware/HandleErrors.php(57): Laminas\Stratigility\Next->handle(Object(Laminas\Diactoros\ServerRequest))
#32 /home/bzls8g1evy0v/public_html/forum/vendor/laminas/laminas-stratigility/src/Next.php(61): Flarum\Http\Middleware\HandleErrors->process(Object(Laminas\Diactoros\ServerRequest), Object(Laminas\Stratigility\Next))
#33 /home/bzls8g1evy0v/public_html/forum/vendor/laminas/laminas-stratigility/src/MiddlewarePipe.php(84): Laminas\Stratigility\Next->handle(Object(Laminas\Diactoros\ServerRequest))
#34 /home/bzls8g1evy0v/public_html/forum/vendor/middlewares/request-handler/src/RequestHandler.php(84): Laminas\Stratigility\MiddlewarePipe->process(Object(Laminas\Diactoros\ServerRequest), Object(Laminas\Stratigility\Next))
#35 /home/bzls8g1evy0v/public_html/forum/vendor/laminas/laminas-stratigility/src/Next.php(61): Middlewares\RequestHandler->process(Object(Laminas\Diactoros\ServerRequest), Object(Laminas\Stratigility\Next))
#36 /home/bzls8g1evy0v/public_html/forum/vendor/middlewares/base-path-router/src/BasePathRouter.php(97): Laminas\Stratigility\Next->handle(Object(Laminas\Diactoros\ServerRequest))
#37 /home/bzls8g1evy0v/public_html/forum/vendor/laminas/laminas-stratigility/src/Next.php(61): Middlewares\BasePathRouter->process(Object(Laminas\Diactoros\ServerRequest), Object(Laminas\Stratigility\Next))
#38 /home/bzls8g1evy0v/public_html/forum/vendor/laminas/laminas-stratigility/src/Middleware/OriginalMessages.php(42): Laminas\Stratigility\Next->handle(Object(Laminas\Diactoros\ServerRequest))
#39 /home/bzls8g1evy0v/public_html/forum/vendor/laminas/laminas-stratigility/src/Next.php(61): Laminas\Stratigility\Middleware\OriginalMessages->process(Object(Laminas\Diactoros\ServerRequest), Object(Laminas\Stratigility\Next))
#40 /home/bzls8g1evy0v/public_html/forum/vendor/middlewares/base-path/src/BasePath.php(53): Laminas\Stratigility\Next->handle(Object(Laminas\Diactoros\ServerRequest))
#41 /home/bzls8g1evy0v/public_html/forum/vendor/laminas/laminas-stratigility/src/Next.php(61): Middlewares\BasePath->process(Object(Laminas\Diactoros\ServerRequest), Object(Laminas\Stratigility\Next))
#42 /home/bzls8g1evy0v/public_html/forum/vendor/laminas/laminas-stratigility/src/MiddlewarePipe.php(84): Laminas\Stratigility\Next->handle(Object(Laminas\Diactoros\ServerRequest))
#43 /home/bzls8g1evy0v/public_html/forum/vendor/laminas/laminas-stratigility/src/MiddlewarePipe.php(73): Laminas\Stratigility\MiddlewarePipe->process(Object(Laminas\Diactoros\ServerRequest), Object(Laminas\Stratigility\EmptyPipelineHandler))
#44 /home/bzls8g1evy0v/public_html/forum/vendor/laminas/laminas-httphandlerrunner/src/RequestHandlerRunner.php(96): Laminas\Stratigility\MiddlewarePipe->handle(Object(Laminas\Diactoros\ServerRequest))
#45 /home/bzls8g1evy0v/public_html/forum/vendor/flarum/core/src/Http/Server.php(42): Laminas\HttpHandlerRunner\RequestHandlerRunner->run()
#46 /home/bzls8g1evy0v/public_html/forum/public/index.php(26): Flarum\Http\Server->listen()
#47 {main}  
[2020-09-10 13:34:11] production.ERROR: Intervention\Image\Exception\NotReadableException: Unable to init from given binary data. in /home/bzls8g1evy0v/public_html/forum/vendor/intervention/image/src/Intervention/Image/Gd/Decoder.php:115
Stack trace:
#0 /home/bzls8g1evy0v/public_html/forum/vendor/intervention/image/src/Intervention/Image/AbstractDecoder.php(124): Intervention\Image\Gd\Decoder->initFromBinary('null')
#1 /home/bzls8g1evy0v/public_html/forum/vendor/intervention/image/src/Intervention/Image/AbstractDecoder.php(333): Intervention\Image\AbstractDecoder->initFromStream(Object(Laminas\Diactoros\Stream))
#2 /home/bzls8g1evy0v/public_html/forum/vendor/intervention/image/src/Intervention/Image/AbstractDriver.php(66): Intervention\Image\AbstractDecoder->init(Object(Laminas\Diactoros\Stream))
#3 /home/bzls8g1evy0v/public_html/forum/vendor/intervention/image/src/Intervention/Image/ImageManager.php(54): Intervention\Image\AbstractDriver->init(Object(Laminas\Diactoros\Stream))
#4 /home/bzls8g1evy0v/public_html/forum/vendor/flarum/core/src/User/Command/UploadAvatarHandler.php(73): Intervention\Image\ImageManager->make(Object(Laminas\Diactoros\Stream))
#5 /home/bzls8g1evy0v/public_html/forum/vendor/illuminate/bus/Dispatcher.php(90): Flarum\User\Command\UploadAvatarHandler->handle(Object(Flarum\User\Command\UploadAvatar))
#6 /home/bzls8g1evy0v/public_html/forum/vendor/illuminate/pipeline/Pipeline.php(128): Illuminate\Bus\Dispatcher->Illuminate\Bus\{closure}(Object(Flarum\User\Command\UploadAvatar))
#7 /home/bzls8g1evy0v/public_html/forum/vendor/illuminate/pipeline/Pipeline.php(104): Illuminate\Pipeline\Pipeline->Illuminate\Pipeline\{closure}(Object(Flarum\User\Command\UploadAvatar))
#8 /home/bzls8g1evy0v/public_html/forum/vendor/illuminate/bus/Dispatcher.php(98): Illuminate\Pipeline\Pipeline->then(Object(Closure))
#9 /home/bzls8g1evy0v/public_html/forum/vendor/illuminate/bus/Dispatcher.php(76): Illuminate\Bus\Dispatcher->dispatchNow(Object(Flarum\User\Command\UploadAvatar))
#10 /home/bzls8g1evy0v/public_html/forum/vendor/flarum/core/src/Api/Controller/UploadAvatarController.php(49): Illuminate\Bus\Dispatcher->dispatch(Object(Flarum\User\Command\UploadAvatar))
#11 /home/bzls8g1evy0v/public_html/forum/vendor/flarum/core/src/Api/Controller/AbstractSerializeController.php(96): Flarum\Api\Controller\UploadAvatarController->data(Object(Laminas\Diactoros\ServerRequest), Object(Tobscure\JsonApi\Document))
#12 /home/bzls8g1evy0v/public_html/forum/vendor/flarum/core/src/Http/RouteHandlerFactory.php(38): Flarum\Api\Controller\AbstractSerializeController->handle(Object(Laminas\Diactoros\ServerRequest))
#13 /home/bzls8g1evy0v/public_html/forum/vendor/flarum/core/src/Http/Middleware/DispatchRoute.php(65): Flarum\Http\RouteHandlerFactory->Flarum\Http\{closure}(Object(Laminas\Diactoros\ServerRequest), Array)
#14 /home/bzls8g1evy0v/public_html/forum/vendor/laminas/laminas-stratigility/src/Next.php(61): Flarum\Http\Middleware\DispatchRoute->process(Object(Laminas\Diactoros\ServerRequest), Object(Closure))
#15 /home/bzls8g1evy0v/public_html/forum/vendor/flarum/core/src/Http/Middleware/SetLocale.php(50): Laminas\Stratigility\Next->handle(Object(Laminas\Diactoros\ServerRequest))
#16 /home/bzls8g1evy0v/public_html/forum/vendor/laminas/laminas-stratigility/src/Next.php(61): Flarum\Http\Middleware\SetLocale->process(Object(Laminas\Diactoros\ServerRequest), Object(Laminas\Stratigility\Next))
#17 /home/bzls8g1evy0v/public_html/forum/vendor/flarum/core/src/Http/Middleware/CheckCsrfToken.php(45): Laminas\Stratigility\Next->handle(Object(Laminas\Diactoros\ServerRequest))
#18 /home/bzls8g1evy0v/public_html/forum/vendor/laminas/laminas-stratigility/src/Next.php(61): Flarum\Http\Middleware\CheckCsrfToken->process(Object(Laminas\Diactoros\ServerRequest), Object(Laminas\Stratigility\Next))
#19 /home/bzls8g1evy0v/public_html/forum/vendor/flarum/core/src/Http/Middleware/AuthenticateWithHeader.php(55): Laminas\Stratigility\Next->handle(Object(Laminas\Diactoros\ServerRequest))
#20 /home/bzls8g1evy0v/public_html/forum/vendor/laminas/laminas-stratigility/src/Next.php(61): Flarum\Http\Middleware\AuthenticateWithHeader->process(Object(Laminas\Diactoros\ServerRequest), Object(Laminas\Stratigility\Next))
#21 /home/bzls8g1evy0v/public_html/forum/vendor/flarum/core/src/Http/Middleware/AuthenticateWithSession.php(32): Laminas\Stratigility\Next->handle(Object(Laminas\Diactoros\ServerRequest))
#22 /home/bzls8g1evy0v/public_html/forum/vendor/laminas/laminas-stratigility/src/Next.php(61): Flarum\Http\Middleware\AuthenticateWithSession->process(Object(Laminas\Diactoros\ServerRequest), Object(Laminas\Stratigility\Next))
#23 /home/bzls8g1evy0v/public_html/forum/vendor/flarum/core/src/Http/Middleware/RememberFromCookie.php(51): Laminas\Stratigility\Next->handle(Object(Laminas\Diactoros\ServerRequest))
#24 /home/bzls8g1evy0v/public_html/forum/vendor/laminas/laminas-stratigility/src/Next.php(61): Flarum\Http\Middleware\RememberFromCookie->process(Object(Laminas\Diactoros\ServerRequest), Object(Laminas\Stratigility\Next))
#25 /home/bzls8g1evy0v/public_html/forum/vendor/flarum/core/src/Http/Middleware/StartSession.php(61): Laminas\Stratigility\Next->handle(Object(Laminas\Diactoros\ServerRequest))
#26 /home/bzls8g1evy0v/public_html/forum/vendor/laminas/laminas-stratigility/src/Next.php(61): Flarum\Http\Middleware\StartSession->process(Object(Laminas\Diactoros\ServerRequest), Object(Laminas\Stratigility\Next))
#27 /home/bzls8g1evy0v/public_html/forum/vendor/flarum/core/src/Api/Middleware/FakeHttpMethods.php(29): Laminas\Stratigility\Next->handle(Object(Laminas\Diactoros\ServerRequest))
#28 /home/bzls8g1evy0v/public_html/forum/vendor/laminas/laminas-stratigility/src/Next.php(61): Flarum\Api\Middleware\FakeHttpMethods->process(Object(Laminas\Diactoros\ServerRequest), Object(Laminas\Stratigility\Next))
#29 /home/bzls8g1evy0v/public_html/forum/vendor/flarum/core/src/Http/Middleware/ParseJsonBody.php(28): Laminas\Stratigility\Next->handle(Object(Laminas\Diactoros\ServerRequest))
#30 /home/bzls8g1evy0v/public_html/forum/vendor/laminas/laminas-stratigility/src/Next.php(61): Flarum\Http\Middleware\ParseJsonBody->process(Object(Laminas\Diactoros\ServerRequest), Object(Laminas\Stratigility\Next))
#31 /home/bzls8g1evy0v/public_html/forum/vendor/flarum/core/src/Http/Middleware/HandleErrors.php(57): Laminas\Stratigility\Next->handle(Object(Laminas\Diactoros\ServerRequest))
#32 /home/bzls8g1evy0v/public_html/forum/vendor/laminas/laminas-stratigility/src/Next.php(61): Flarum\Http\Middleware\HandleErrors->process(Object(Laminas\Diactoros\ServerRequest), Object(Laminas\Stratigility\Next))
#33 /home/bzls8g1evy0v/public_html/forum/vendor/laminas/laminas-stratigility/src/MiddlewarePipe.php(84): Laminas\Stratigility\Next->handle(Object(Laminas\Diactoros\ServerRequest))
#34 /home/bzls8g1evy0v/public_html/forum/vendor/middlewares/request-handler/src/RequestHandler.php(84): Laminas\Stratigility\MiddlewarePipe->process(Object(Laminas\Diactoros\ServerRequest), Object(Laminas\Stratigility\Next))
#35 /home/bzls8g1evy0v/public_html/forum/vendor/laminas/laminas-stratigility/src/Next.php(61): Middlewares\RequestHandler->process(Object(Laminas\Diactoros\ServerRequest), Object(Laminas\Stratigility\Next))
#36 /home/bzls8g1evy0v/public_html/forum/vendor/middlewares/base-path-router/src/BasePathRouter.php(97): Laminas\Stratigility\Next->handle(Object(Laminas\Diactoros\ServerRequest))
#37 /home/bzls8g1evy0v/public_html/forum/vendor/laminas/laminas-stratigility/src/Next.php(61): Middlewares\BasePathRouter->process(Object(Laminas\Diactoros\ServerRequest), Object(Laminas\Stratigility\Next))
#38 /home/bzls8g1evy0v/public_html/forum/vendor/laminas/laminas-stratigility/src/Middleware/OriginalMessages.php(42): Laminas\Stratigility\Next->handle(Object(Laminas\Diactoros\ServerRequest))
#39 /home/bzls8g1evy0v/public_html/forum/vendor/laminas/laminas-stratigility/src/Next.php(61): Laminas\Stratigility\Middleware\OriginalMessages->process(Object(Laminas\Diactoros\ServerRequest), Object(Laminas\Stratigility\Next))
#40 /home/bzls8g1evy0v/public_html/forum/vendor/middlewares/base-path/src/BasePath.php(53): Laminas\Stratigility\Next->handle(Object(Laminas\Diactoros\ServerRequest))
#41 /home/bzls8g1evy0v/public_html/forum/vendor/laminas/laminas-stratigility/src/Next.php(61): Middlewares\BasePath->process(Object(Laminas\Diactoros\ServerRequest), Object(Laminas\Stratigility\Next))
#42 /home/bzls8g1evy0v/public_html/forum/vendor/laminas/laminas-stratigility/src/MiddlewarePipe.php(84): Laminas\Stratigility\Next->handle(Object(Laminas\Diactoros\ServerRequest))
#43 /home/bzls8g1evy0v/public_html/forum/vendor/laminas/laminas-stratigility/src/MiddlewarePipe.php(73): Laminas\Stratigility\MiddlewarePipe->process(Object(Laminas\Diactoros\ServerRequest), Object(Laminas\Stratigility\EmptyPipelineHandler))
#44 /home/bzls8g1evy0v/public_html/forum/vendor/laminas/laminas-httphandlerrunner/src/RequestHandlerRunner.php(96): Laminas\Stratigility\MiddlewarePipe->handle(Object(Laminas\Diactoros\ServerRequest))
#45 /home/bzls8g1evy0v/public_html/forum/vendor/flarum/core/src/Http/Server.php(42): Laminas\HttpHandlerRunner\RequestHandlerRunner->run()
#46 /home/bzls8g1evy0v/public_html/forum/public/index.php(26): Flarum\Http\Server->listen()
#47 {main}  
