[2020-10-01 03:55:12] production.ERROR: PDOException: SQLSTATE[23000]: Integrity constraint violation: 1062 Duplicate entry '85-85' for key 'PRIMARY' in /home/bzls8g1evy0v/public_html/forum/vendor/doctrine/dbal/lib/Doctrine/DBAL/Driver/PDOStatement.php:129
Stack trace:
#0 /home/bzls8g1evy0v/public_html/forum/vendor/doctrine/dbal/lib/Doctrine/DBAL/Driver/PDOStatement.php(129): PDOStatement->execute(NULL)
#1 /home/bzls8g1evy0v/public_html/forum/vendor/illuminate/database/Connection.php(458): Doctrine\DBAL\Driver\PDOStatement->execute()
#2 /home/bzls8g1evy0v/public_html/forum/vendor/illuminate/database/Connection.php(657): Illuminate\Database\Connection->Illuminate\Database\{closure}('insert into `cs...', Array)
#3 /home/bzls8g1evy0v/public_html/forum/vendor/illuminate/database/Connection.php(624): Illuminate\Database\Connection->runQueryCallback('insert into `cs...', Array, Object(Closure))
#4 /home/bzls8g1evy0v/public_html/forum/vendor/illuminate/database/Connection.php(459): Illuminate\Database\Connection->run('insert into `cs...', Array, Object(Closure))
#5 /home/bzls8g1evy0v/public_html/forum/vendor/illuminate/database/Connection.php(411): Illuminate\Database\Connection->statement('insert into `cs...', Array)
#6 /home/bzls8g1evy0v/public_html/forum/vendor/illuminate/database/Query/Processors/Processor.php(32): Illuminate\Database\Connection->insert('insert into `cs...', Array)
#7 /home/bzls8g1evy0v/public_html/forum/vendor/illuminate/database/Query/Builder.php(2628): Illuminate\Database\Query\Processors\Processor->processInsertGetId(Object(Illuminate\Database\Query\Builder), 'insert into `cs...', Array, 'id')
#8 /home/bzls8g1evy0v/public_html/forum/vendor/illuminate/database/Eloquent/Builder.php(1338): Illuminate\Database\Query\Builder->insertGetId(Array, 'id')
#9 /home/bzls8g1evy0v/public_html/forum/vendor/illuminate/database/Eloquent/Model.php(823): Illuminate\Database\Eloquent\Builder->__call('insertGetId', Array)
#10 /home/bzls8g1evy0v/public_html/forum/vendor/illuminate/database/Eloquent/Model.php(788): Illuminate\Database\Eloquent\Model->insertAndSetId(Object(Illuminate\Database\Eloquent\Builder), Array)
#11 /home/bzls8g1evy0v/public_html/forum/vendor/illuminate/database/Eloquent/Model.php(651): Illuminate\Database\Eloquent\Model->performInsert(Object(Illuminate\Database\Eloquent\Builder))
#12 /home/bzls8g1evy0v/public_html/forum/vendor/flarum/core/src/Discussion/Command/ReadDiscussionHandler.php(58): Illuminate\Database\Eloquent\Model->save()
#13 /home/bzls8g1evy0v/public_html/forum/vendor/illuminate/bus/Dispatcher.php(90): Flarum\Discussion\Command\ReadDiscussionHandler->handle(Object(Flarum\Discussion\Command\ReadDiscussion))
#14 /home/bzls8g1evy0v/public_html/forum/vendor/illuminate/pipeline/Pipeline.php(128): Illuminate\Bus\Dispatcher->Illuminate\Bus\{closure}(Object(Flarum\Discussion\Command\ReadDiscussion))
#15 /home/bzls8g1evy0v/public_html/forum/vendor/illuminate/pipeline/Pipeline.php(104): Illuminate\Pipeline\Pipeline->Illuminate\Pipeline\{closure}(Object(Flarum\Discussion\Command\ReadDiscussion))
#16 /home/bzls8g1evy0v/public_html/forum/vendor/illuminate/bus/Dispatcher.php(98): Illuminate\Pipeline\Pipeline->then(Object(Closure))
#17 /home/bzls8g1evy0v/public_html/forum/vendor/illuminate/bus/Dispatcher.php(76): Illuminate\Bus\Dispatcher->dispatchNow(Object(Flarum\Discussion\Command\ReadDiscussion))
#18 /home/bzls8g1evy0v/public_html/forum/vendor/flarum/core/src/Api/Controller/UpdateDiscussionController.php(58): Illuminate\Bus\Dispatcher->dispatch(Object(Flarum\Discussion\Command\ReadDiscussion))
#19 /home/bzls8g1evy0v/public_html/forum/vendor/flarum/core/src/Api/Controller/AbstractSerializeController.php(96): Flarum\Api\Controller\UpdateDiscussionController->data(Object(Laminas\Diactoros\ServerRequest), Object(Tobscure\JsonApi\Document))
#20 /home/bzls8g1evy0v/public_html/forum/vendor/flarum/core/src/Http/RouteHandlerFactory.php(38): Flarum\Api\Controller\AbstractSerializeController->handle(Object(Laminas\Diactoros\ServerRequest))
#21 /home/bzls8g1evy0v/public_html/forum/vendor/flarum/core/src/Http/Middleware/DispatchRoute.php(65): Flarum\Http\RouteHandlerFactory->Flarum\Http\{closure}(Object(Laminas\Diactoros\ServerRequest), Array)
#22 /home/bzls8g1evy0v/public_html/forum/vendor/laminas/laminas-stratigility/src/Next.php(61): Flarum\Http\Middleware\DispatchRoute->process(Object(Laminas\Diactoros\ServerRequest), Object(Closure))
#23 /home/bzls8g1evy0v/public_html/forum/vendor/flarum/core/src/Http/Middleware/SetLocale.php(50): Laminas\Stratigility\Next->handle(Object(Laminas\Diactoros\ServerRequest))
#24 /home/bzls8g1evy0v/public_html/forum/vendor/laminas/laminas-stratigility/src/Next.php(61): Flarum\Http\Middleware\SetLocale->process(Object(Laminas\Diactoros\ServerRequest), Object(Laminas\Stratigility\Next))
#25 /home/bzls8g1evy0v/public_html/forum/vendor/flarum/core/src/Http/Middleware/CheckCsrfToken.php(45): Laminas\Stratigility\Next->handle(Object(Laminas\Diactoros\ServerRequest))
#26 /home/bzls8g1evy0v/public_html/forum/vendor/laminas/laminas-stratigility/src/Next.php(61): Flarum\Http\Middleware\CheckCsrfToken->process(Object(Laminas\Diactoros\ServerRequest), Object(Laminas\Stratigility\Next))
#27 /home/bzls8g1evy0v/public_html/forum/vendor/flarum/core/src/Http/Middleware/AuthenticateWithHeader.php(55): Laminas\Stratigility\Next->handle(Object(Laminas\Diactoros\ServerRequest))
#28 /home/bzls8g1evy0v/public_html/forum/vendor/laminas/laminas-stratigility/src/Next.php(61): Flarum\Http\Middleware\AuthenticateWithHeader->process(Object(Laminas\Diactoros\ServerRequest), Object(Laminas\Stratigility\Next))
#29 /home/bzls8g1evy0v/public_html/forum/vendor/flarum/core/src/Http/Middleware/AuthenticateWithSession.php(32): Laminas\Stratigility\Next->handle(Object(Laminas\Diactoros\ServerRequest))
#30 /home/bzls8g1evy0v/public_html/forum/vendor/laminas/laminas-stratigility/src/Next.php(61): Flarum\Http\Middleware\AuthenticateWithSession->process(Object(Laminas\Diactoros\ServerRequest), Object(Laminas\Stratigility\Next))
#31 /home/bzls8g1evy0v/public_html/forum/vendor/flarum/core/src/Http/Middleware/RememberFromCookie.php(51): Laminas\Stratigility\Next->handle(Object(Laminas\Diactoros\ServerRequest))
#32 /home/bzls8g1evy0v/public_html/forum/vendor/laminas/laminas-stratigility/src/Next.php(61): Flarum\Http\Middleware\RememberFromCookie->process(Object(Laminas\Diactoros\ServerRequest), Object(Laminas\Stratigility\Next))
#33 /home/bzls8g1evy0v/public_html/forum/vendor/flarum/core/src/Http/Middleware/StartSession.php(61): Laminas\Stratigility\Next->handle(Object(Laminas\Diactoros\ServerRequest))
#34 /home/bzls8g1evy0v/public_html/forum/vendor/laminas/laminas-stratigility/src/Next.php(61): Flarum\Http\Middleware\StartSession->process(Object(Laminas\Diactoros\ServerRequest), Object(Laminas\Stratigility\Next))
#35 /home/bzls8g1evy0v/public_html/forum/vendor/flarum/core/src/Api/Middleware/FakeHttpMethods.php(29): Laminas\Stratigility\Next->handle(Object(Laminas\Diactoros\ServerRequest))
#36 /home/bzls8g1evy0v/public_html/forum/vendor/laminas/laminas-stratigility/src/Next.php(61): Flarum\Api\Middleware\FakeHttpMethods->process(Object(Laminas\Diactoros\ServerRequest), Object(Laminas\Stratigility\Next))
#37 /home/bzls8g1evy0v/public_html/forum/vendor/flarum/core/src/Http/Middleware/ParseJsonBody.php(28): Laminas\Stratigility\Next->handle(Object(Laminas\Diactoros\ServerRequest))
#38 /home/bzls8g1evy0v/public_html/forum/vendor/laminas/laminas-stratigility/src/Next.php(61): Flarum\Http\Middleware\ParseJsonBody->process(Object(Laminas\Diactoros\ServerRequest), Object(Laminas\Stratigility\Next))
#39 /home/bzls8g1evy0v/public_html/forum/vendor/flarum/core/src/Http/Middleware/HandleErrors.php(57): Laminas\Stratigility\Next->handle(Object(Laminas\Diactoros\ServerRequest))
#40 /home/bzls8g1evy0v/public_html/forum/vendor/laminas/laminas-stratigility/src/Next.php(61): Flarum\Http\Middleware\HandleErrors->process(Object(Laminas\Diactoros\ServerRequest), Object(Laminas\Stratigility\Next))
#41 /home/bzls8g1evy0v/public_html/forum/vendor/laminas/laminas-stratigility/src/MiddlewarePipe.php(84): Laminas\Stratigility\Next->handle(Object(Laminas\Diactoros\ServerRequest))
#42 /home/bzls8g1evy0v/public_html/forum/vendor/middlewares/request-handler/src/RequestHandler.php(84): Laminas\Stratigility\MiddlewarePipe->process(Object(Laminas\Diactoros\ServerRequest), Object(Laminas\Stratigility\Next))
#43 /home/bzls8g1evy0v/public_html/forum/vendor/laminas/laminas-stratigility/src/Next.php(61): Middlewares\RequestHandler->process(Object(Laminas\Diactoros\ServerRequest), Object(Laminas\Stratigility\Next))
#44 /home/bzls8g1evy0v/public_html/forum/vendor/middlewares/base-path-router/src/BasePathRouter.php(97): Laminas\Stratigility\Next->handle(Object(Laminas\Diactoros\ServerRequest))
#45 /home/bzls8g1evy0v/public_html/forum/vendor/laminas/laminas-stratigility/src/Next.php(61): Middlewares\BasePathRouter->process(Object(Laminas\Diactoros\ServerRequest), Object(Laminas\Stratigility\Next))
#46 /home/bzls8g1evy0v/public_html/forum/vendor/laminas/laminas-stratigility/src/Middleware/OriginalMessages.php(42): Laminas\Stratigility\Next->handle(Object(Laminas\Diactoros\ServerRequest))
#47 /home/bzls8g1evy0v/public_html/forum/vendor/laminas/laminas-stratigility/src/Next.php(61): Laminas\Stratigility\Middleware\OriginalMessages->process(Object(Laminas\Diactoros\ServerRequest), Object(Laminas\Stratigility\Next))
#48 /home/bzls8g1evy0v/public_html/forum/vendor/middlewares/base-path/src/BasePath.php(53): Laminas\Stratigility\Next->handle(Object(Laminas\Diactoros\ServerRequest))
#49 /home/bzls8g1evy0v/public_html/forum/vendor/laminas/laminas-stratigility/src/Next.php(61): Middlewares\BasePath->process(Object(Laminas\Diactoros\ServerRequest), Object(Laminas\Stratigility\Next))
#50 /home/bzls8g1evy0v/public_html/forum/vendor/laminas/laminas-stratigility/src/MiddlewarePipe.php(84): Laminas\Stratigility\Next->handle(Object(Laminas\Diactoros\ServerRequest))
#51 /home/bzls8g1evy0v/public_html/forum/vendor/laminas/laminas-stratigility/src/MiddlewarePipe.php(73): Laminas\Stratigility\MiddlewarePipe->process(Object(Laminas\Diactoros\ServerRequest), Object(Laminas\Stratigility\EmptyPipelineHandler))
#52 /home/bzls8g1evy0v/public_html/forum/vendor/laminas/laminas-httphandlerrunner/src/RequestHandlerRunner.php(96): Laminas\Stratigility\MiddlewarePipe->handle(Object(Laminas\Diactoros\ServerRequest))
#53 /home/bzls8g1evy0v/public_html/forum/vendor/flarum/core/src/Http/Server.php(42): Laminas\HttpHandlerRunner\RequestHandlerRunner->run()
#54 /home/bzls8g1evy0v/public_html/forum/public/index.php(26): Flarum\Http\Server->listen()
#55 {main}

Next Doctrine\DBAL\Driver\PDOException: SQLSTATE[23000]: Integrity constraint violation: 1062 Duplicate entry '85-85' for key 'PRIMARY' in /home/bzls8g1evy0v/public_html/forum/vendor/doctrine/dbal/lib/Doctrine/DBAL/Driver/PDOStatement.php:131
Stack trace:
#0 /home/bzls8g1evy0v/public_html/forum/vendor/illuminate/database/Connection.php(458): Doctrine\DBAL\Driver\PDOStatement->execute()
#1 /home/bzls8g1evy0v/public_html/forum/vendor/illuminate/database/Connection.php(657): Illuminate\Database\Connection->Illuminate\Database\{closure}('insert into `cs...', Array)
#2 /home/bzls8g1evy0v/public_html/forum/vendor/illuminate/database/Connection.php(624): Illuminate\Database\Connection->runQueryCallback('insert into `cs...', Array, Object(Closure))
#3 /home/bzls8g1evy0v/public_html/forum/vendor/illuminate/database/Connection.php(459): Illuminate\Database\Connection->run('insert into `cs...', Array, Object(Closure))
#4 /home/bzls8g1evy0v/public_html/forum/vendor/illuminate/database/Connection.php(411): Illuminate\Database\Connection->statement('insert into `cs...', Array)
#5 /home/bzls8g1evy0v/public_html/forum/vendor/illuminate/database/Query/Processors/Processor.php(32): Illuminate\Database\Connection->insert('insert into `cs...', Array)
#6 /home/bzls8g1evy0v/public_html/forum/vendor/illuminate/database/Query/Builder.php(2628): Illuminate\Database\Query\Processors\Processor->processInsertGetId(Object(Illuminate\Database\Query\Builder), 'insert into `cs...', Array, 'id')
#7 /home/bzls8g1evy0v/public_html/forum/vendor/illuminate/database/Eloquent/Builder.php(1338): Illuminate\Database\Query\Builder->insertGetId(Array, 'id')
#8 /home/bzls8g1evy0v/public_html/forum/vendor/illuminate/database/Eloquent/Model.php(823): Illuminate\Database\Eloquent\Builder->__call('insertGetId', Array)
#9 /home/bzls8g1evy0v/public_html/forum/vendor/illuminate/database/Eloquent/Model.php(788): Illuminate\Database\Eloquent\Model->insertAndSetId(Object(Illuminate\Database\Eloquent\Builder), Array)
#10 /home/bzls8g1evy0v/public_html/forum/vendor/illuminate/database/Eloquent/Model.php(651): Illuminate\Database\Eloquent\Model->performInsert(Object(Illuminate\Database\Eloquent\Builder))
#11 /home/bzls8g1evy0v/public_html/forum/vendor/flarum/core/src/Discussion/Command/ReadDiscussionHandler.php(58): Illuminate\Database\Eloquent\Model->save()
#12 /home/bzls8g1evy0v/public_html/forum/vendor/illuminate/bus/Dispatcher.php(90): Flarum\Discussion\Command\ReadDiscussionHandler->handle(Object(Flarum\Discussion\Command\ReadDiscussion))
#13 /home/bzls8g1evy0v/public_html/forum/vendor/illuminate/pipeline/Pipeline.php(128): Illuminate\Bus\Dispatcher->Illuminate\Bus\{closure}(Object(Flarum\Discussion\Command\ReadDiscussion))
#14 /home/bzls8g1evy0v/public_html/forum/vendor/illuminate/pipeline/Pipeline.php(104): Illuminate\Pipeline\Pipeline->Illuminate\Pipeline\{closure}(Object(Flarum\Discussion\Command\ReadDiscussion))
#15 /home/bzls8g1evy0v/public_html/forum/vendor/illuminate/bus/Dispatcher.php(98): Illuminate\Pipeline\Pipeline->then(Object(Closure))
#16 /home/bzls8g1evy0v/public_html/forum/vendor/illuminate/bus/Dispatcher.php(76): Illuminate\Bus\Dispatcher->dispatchNow(Object(Flarum\Discussion\Command\ReadDiscussion))
#17 /home/bzls8g1evy0v/public_html/forum/vendor/flarum/core/src/Api/Controller/UpdateDiscussionController.php(58): Illuminate\Bus\Dispatcher->dispatch(Object(Flarum\Discussion\Command\ReadDiscussion))
#18 /home/bzls8g1evy0v/public_html/forum/vendor/flarum/core/src/Api/Controller/AbstractSerializeController.php(96): Flarum\Api\Controller\UpdateDiscussionController->data(Object(Laminas\Diactoros\ServerRequest), Object(Tobscure\JsonApi\Document))
#19 /home/bzls8g1evy0v/public_html/forum/vendor/flarum/core/src/Http/RouteHandlerFactory.php(38): Flarum\Api\Controller\AbstractSerializeController->handle(Object(Laminas\Diactoros\ServerRequest))
#20 /home/bzls8g1evy0v/public_html/forum/vendor/flarum/core/src/Http/Middleware/DispatchRoute.php(65): Flarum\Http\RouteHandlerFactory->Flarum\Http\{closure}(Object(Laminas\Diactoros\ServerRequest), Array)
#21 /home/bzls8g1evy0v/public_html/forum/vendor/laminas/laminas-stratigility/src/Next.php(61): Flarum\Http\Middleware\DispatchRoute->process(Object(Laminas\Diactoros\ServerRequest), Object(Closure))
#22 /home/bzls8g1evy0v/public_html/forum/vendor/flarum/core/src/Http/Middleware/SetLocale.php(50): Laminas\Stratigility\Next->handle(Object(Laminas\Diactoros\ServerRequest))
#23 /home/bzls8g1evy0v/public_html/forum/vendor/laminas/laminas-stratigility/src/Next.php(61): Flarum\Http\Middleware\SetLocale->process(Object(Laminas\Diactoros\ServerRequest), Object(Laminas\Stratigility\Next))
#24 /home/bzls8g1evy0v/public_html/forum/vendor/flarum/core/src/Http/Middleware/CheckCsrfToken.php(45): Laminas\Stratigility\Next->handle(Object(Laminas\Diactoros\ServerRequest))
#25 /home/bzls8g1evy0v/public_html/forum/vendor/laminas/laminas-stratigility/src/Next.php(61): Flarum\Http\Middleware\CheckCsrfToken->process(Object(Laminas\Diactoros\ServerRequest), Object(Laminas\Stratigility\Next))
#26 /home/bzls8g1evy0v/public_html/forum/vendor/flarum/core/src/Http/Middleware/AuthenticateWithHeader.php(55): Laminas\Stratigility\Next->handle(Object(Laminas\Diactoros\ServerRequest))
#27 /home/bzls8g1evy0v/public_html/forum/vendor/laminas/laminas-stratigility/src/Next.php(61): Flarum\Http\Middleware\AuthenticateWithHeader->process(Object(Laminas\Diactoros\ServerRequest), Object(Laminas\Stratigility\Next))
#28 /home/bzls8g1evy0v/public_html/forum/vendor/flarum/core/src/Http/Middleware/AuthenticateWithSession.php(32): Laminas\Stratigility\Next->handle(Object(Laminas\Diactoros\ServerRequest))
#29 /home/bzls8g1evy0v/public_html/forum/vendor/laminas/laminas-stratigility/src/Next.php(61): Flarum\Http\Middleware\AuthenticateWithSession->process(Object(Laminas\Diactoros\ServerRequest), Object(Laminas\Stratigility\Next))
#30 /home/bzls8g1evy0v/public_html/forum/vendor/flarum/core/src/Http/Middleware/RememberFromCookie.php(51): Laminas\Stratigility\Next->handle(Object(Laminas\Diactoros\ServerRequest))
#31 /home/bzls8g1evy0v/public_html/forum/vendor/laminas/laminas-stratigility/src/Next.php(61): Flarum\Http\Middleware\RememberFromCookie->process(Object(Laminas\Diactoros\ServerRequest), Object(Laminas\Stratigility\Next))
#32 /home/bzls8g1evy0v/public_html/forum/vendor/flarum/core/src/Http/Middleware/StartSession.php(61): Laminas\Stratigility\Next->handle(Object(Laminas\Diactoros\ServerRequest))
#33 /home/bzls8g1evy0v/public_html/forum/vendor/laminas/laminas-stratigility/src/Next.php(61): Flarum\Http\Middleware\StartSession->process(Object(Laminas\Diactoros\ServerRequest), Object(Laminas\Stratigility\Next))
#34 /home/bzls8g1evy0v/public_html/forum/vendor/flarum/core/src/Api/Middleware/FakeHttpMethods.php(29): Laminas\Stratigility\Next->handle(Object(Laminas\Diactoros\ServerRequest))
#35 /home/bzls8g1evy0v/public_html/forum/vendor/laminas/laminas-stratigility/src/Next.php(61): Flarum\Api\Middleware\FakeHttpMethods->process(Object(Laminas\Diactoros\ServerRequest), Object(Laminas\Stratigility\Next))
#36 /home/bzls8g1evy0v/public_html/forum/vendor/flarum/core/src/Http/Middleware/ParseJsonBody.php(28): Laminas\Stratigility\Next->handle(Object(Laminas\Diactoros\ServerRequest))
#37 /home/bzls8g1evy0v/public_html/forum/vendor/laminas/laminas-stratigility/src/Next.php(61): Flarum\Http\Middleware\ParseJsonBody->process(Object(Laminas\Diactoros\ServerRequest), Object(Laminas\Stratigility\Next))
#38 /home/bzls8g1evy0v/public_html/forum/vendor/flarum/core/src/Http/Middleware/HandleErrors.php(57): Laminas\Stratigility\Next->handle(Object(Laminas\Diactoros\ServerRequest))
#39 /home/bzls8g1evy0v/public_html/forum/vendor/laminas/laminas-stratigility/src/Next.php(61): Flarum\Http\Middleware\HandleErrors->process(Object(Laminas\Diactoros\ServerRequest), Object(Laminas\Stratigility\Next))
#40 /home/bzls8g1evy0v/public_html/forum/vendor/laminas/laminas-stratigility/src/MiddlewarePipe.php(84): Laminas\Stratigility\Next->handle(Object(Laminas\Diactoros\ServerRequest))
#41 /home/bzls8g1evy0v/public_html/forum/vendor/middlewares/request-handler/src/RequestHandler.php(84): Laminas\Stratigility\MiddlewarePipe->process(Object(Laminas\Diactoros\ServerRequest), Object(Laminas\Stratigility\Next))
#42 /home/bzls8g1evy0v/public_html/forum/vendor/laminas/laminas-stratigility/src/Next.php(61): Middlewares\RequestHandler->process(Object(Laminas\Diactoros\ServerRequest), Object(Laminas\Stratigility\Next))
#43 /home/bzls8g1evy0v/public_html/forum/vendor/middlewares/base-path-router/src/BasePathRouter.php(97): Laminas\Stratigility\Next->handle(Object(Laminas\Diactoros\ServerRequest))
#44 /home/bzls8g1evy0v/public_html/forum/vendor/laminas/laminas-stratigility/src/Next.php(61): Middlewares\BasePathRouter->process(Object(Laminas\Diactoros\ServerRequest), Object(Laminas\Stratigility\Next))
#45 /home/bzls8g1evy0v/public_html/forum/vendor/laminas/laminas-stratigility/src/Middleware/OriginalMessages.php(42): Laminas\Stratigility\Next->handle(Object(Laminas\Diactoros\ServerRequest))
#46 /home/bzls8g1evy0v/public_html/forum/vendor/laminas/laminas-stratigility/src/Next.php(61): Laminas\Stratigility\Middleware\OriginalMessages->process(Object(Laminas\Diactoros\ServerRequest), Object(Laminas\Stratigility\Next))
#47 /home/bzls8g1evy0v/public_html/forum/vendor/middlewares/base-path/src/BasePath.php(53): Laminas\Stratigility\Next->handle(Object(Laminas\Diactoros\ServerRequest))
#48 /home/bzls8g1evy0v/public_html/forum/vendor/laminas/laminas-stratigility/src/Next.php(61): Middlewares\BasePath->process(Object(Laminas\Diactoros\ServerRequest), Object(Laminas\Stratigility\Next))
#49 /home/bzls8g1evy0v/public_html/forum/vendor/laminas/laminas-stratigility/src/MiddlewarePipe.php(84): Laminas\Stratigility\Next->handle(Object(Laminas\Diactoros\ServerRequest))
#50 /home/bzls8g1evy0v/public_html/forum/vendor/laminas/laminas-stratigility/src/MiddlewarePipe.php(73): Laminas\Stratigility\MiddlewarePipe->process(Object(Laminas\Diactoros\ServerRequest), Object(Laminas\Stratigility\EmptyPipelineHandler))
#51 /home/bzls8g1evy0v/public_html/forum/vendor/laminas/laminas-httphandlerrunner/src/RequestHandlerRunner.php(96): Laminas\Stratigility\MiddlewarePipe->handle(Object(Laminas\Diactoros\ServerRequest))
#52 /home/bzls8g1evy0v/public_html/forum/vendor/flarum/core/src/Http/Server.php(42): Laminas\HttpHandlerRunner\RequestHandlerRunner->run()
#53 /home/bzls8g1evy0v/public_html/forum/public/index.php(26): Flarum\Http\Server->listen()
#54 {main}

Next Illuminate\Database\QueryException: SQLSTATE[23000]: Integrity constraint violation: 1062 Duplicate entry '85-85' for key 'PRIMARY' (SQL: insert into `cssaugdiscussion_user` (`discussion_id`, `user_id`, `last_read_post_number`, `last_read_at`) values (85, 85, 3, 2020-10-01 03:55:11)) in /home/bzls8g1evy0v/public_html/forum/vendor/illuminate/database/Connection.php:664
Stack trace:
#0 /home/bzls8g1evy0v/public_html/forum/vendor/illuminate/database/Connection.php(624): Illuminate\Database\Connection->runQueryCallback('insert into `cs...', Array, Object(Closure))
#1 /home/bzls8g1evy0v/public_html/forum/vendor/illuminate/database/Connection.php(459): Illuminate\Database\Connection->run('insert into `cs...', Array, Object(Closure))
#2 /home/bzls8g1evy0v/public_html/forum/vendor/illuminate/database/Connection.php(411): Illuminate\Database\Connection->statement('insert into `cs...', Array)
#3 /home/bzls8g1evy0v/public_html/forum/vendor/illuminate/database/Query/Processors/Processor.php(32): Illuminate\Database\Connection->insert('insert into `cs...', Array)
#4 /home/bzls8g1evy0v/public_html/forum/vendor/illuminate/database/Query/Builder.php(2628): Illuminate\Database\Query\Processors\Processor->processInsertGetId(Object(Illuminate\Database\Query\Builder), 'insert into `cs...', Array, 'id')
#5 /home/bzls8g1evy0v/public_html/forum/vendor/illuminate/database/Eloquent/Builder.php(1338): Illuminate\Database\Query\Builder->insertGetId(Array, 'id')
#6 /home/bzls8g1evy0v/public_html/forum/vendor/illuminate/database/Eloquent/Model.php(823): Illuminate\Database\Eloquent\Builder->__call('insertGetId', Array)
#7 /home/bzls8g1evy0v/public_html/forum/vendor/illuminate/database/Eloquent/Model.php(788): Illuminate\Database\Eloquent\Model->insertAndSetId(Object(Illuminate\Database\Eloquent\Builder), Array)
#8 /home/bzls8g1evy0v/public_html/forum/vendor/illuminate/database/Eloquent/Model.php(651): Illuminate\Database\Eloquent\Model->performInsert(Object(Illuminate\Database\Eloquent\Builder))
#9 /home/bzls8g1evy0v/public_html/forum/vendor/flarum/core/src/Discussion/Command/ReadDiscussionHandler.php(58): Illuminate\Database\Eloquent\Model->save()
#10 /home/bzls8g1evy0v/public_html/forum/vendor/illuminate/bus/Dispatcher.php(90): Flarum\Discussion\Command\ReadDiscussionHandler->handle(Object(Flarum\Discussion\Command\ReadDiscussion))
#11 /home/bzls8g1evy0v/public_html/forum/vendor/illuminate/pipeline/Pipeline.php(128): Illuminate\Bus\Dispatcher->Illuminate\Bus\{closure}(Object(Flarum\Discussion\Command\ReadDiscussion))
#12 /home/bzls8g1evy0v/public_html/forum/vendor/illuminate/pipeline/Pipeline.php(104): Illuminate\Pipeline\Pipeline->Illuminate\Pipeline\{closure}(Object(Flarum\Discussion\Command\ReadDiscussion))
#13 /home/bzls8g1evy0v/public_html/forum/vendor/illuminate/bus/Dispatcher.php(98): Illuminate\Pipeline\Pipeline->then(Object(Closure))
#14 /home/bzls8g1evy0v/public_html/forum/vendor/illuminate/bus/Dispatcher.php(76): Illuminate\Bus\Dispatcher->dispatchNow(Object(Flarum\Discussion\Command\ReadDiscussion))
#15 /home/bzls8g1evy0v/public_html/forum/vendor/flarum/core/src/Api/Controller/UpdateDiscussionController.php(58): Illuminate\Bus\Dispatcher->dispatch(Object(Flarum\Discussion\Command\ReadDiscussion))
#16 /home/bzls8g1evy0v/public_html/forum/vendor/flarum/core/src/Api/Controller/AbstractSerializeController.php(96): Flarum\Api\Controller\UpdateDiscussionController->data(Object(Laminas\Diactoros\ServerRequest), Object(Tobscure\JsonApi\Document))
#17 /home/bzls8g1evy0v/public_html/forum/vendor/flarum/core/src/Http/RouteHandlerFactory.php(38): Flarum\Api\Controller\AbstractSerializeController->handle(Object(Laminas\Diactoros\ServerRequest))
#18 /home/bzls8g1evy0v/public_html/forum/vendor/flarum/core/src/Http/Middleware/DispatchRoute.php(65): Flarum\Http\RouteHandlerFactory->Flarum\Http\{closure}(Object(Laminas\Diactoros\ServerRequest), Array)
#19 /home/bzls8g1evy0v/public_html/forum/vendor/laminas/laminas-stratigility/src/Next.php(61): Flarum\Http\Middleware\DispatchRoute->process(Object(Laminas\Diactoros\ServerRequest), Object(Closure))
#20 /home/bzls8g1evy0v/public_html/forum/vendor/flarum/core/src/Http/Middleware/SetLocale.php(50): Laminas\Stratigility\Next->handle(Object(Laminas\Diactoros\ServerRequest))
#21 /home/bzls8g1evy0v/public_html/forum/vendor/laminas/laminas-stratigility/src/Next.php(61): Flarum\Http\Middleware\SetLocale->process(Object(Laminas\Diactoros\ServerRequest), Object(Laminas\Stratigility\Next))
#22 /home/bzls8g1evy0v/public_html/forum/vendor/flarum/core/src/Http/Middleware/CheckCsrfToken.php(45): Laminas\Stratigility\Next->handle(Object(Laminas\Diactoros\ServerRequest))
#23 /home/bzls8g1evy0v/public_html/forum/vendor/laminas/laminas-stratigility/src/Next.php(61): Flarum\Http\Middleware\CheckCsrfToken->process(Object(Laminas\Diactoros\ServerRequest), Object(Laminas\Stratigility\Next))
#24 /home/bzls8g1evy0v/public_html/forum/vendor/flarum/core/src/Http/Middleware/AuthenticateWithHeader.php(55): Laminas\Stratigility\Next->handle(Object(Laminas\Diactoros\ServerRequest))
#25 /home/bzls8g1evy0v/public_html/forum/vendor/laminas/laminas-stratigility/src/Next.php(61): Flarum\Http\Middleware\AuthenticateWithHeader->process(Object(Laminas\Diactoros\ServerRequest), Object(Laminas\Stratigility\Next))
#26 /home/bzls8g1evy0v/public_html/forum/vendor/flarum/core/src/Http/Middleware/AuthenticateWithSession.php(32): Laminas\Stratigility\Next->handle(Object(Laminas\Diactoros\ServerRequest))
#27 /home/bzls8g1evy0v/public_html/forum/vendor/laminas/laminas-stratigility/src/Next.php(61): Flarum\Http\Middleware\AuthenticateWithSession->process(Object(Laminas\Diactoros\ServerRequest), Object(Laminas\Stratigility\Next))
#28 /home/bzls8g1evy0v/public_html/forum/vendor/flarum/core/src/Http/Middleware/RememberFromCookie.php(51): Laminas\Stratigility\Next->handle(Object(Laminas\Diactoros\ServerRequest))
#29 /home/bzls8g1evy0v/public_html/forum/vendor/laminas/laminas-stratigility/src/Next.php(61): Flarum\Http\Middleware\RememberFromCookie->process(Object(Laminas\Diactoros\ServerRequest), Object(Laminas\Stratigility\Next))
#30 /home/bzls8g1evy0v/public_html/forum/vendor/flarum/core/src/Http/Middleware/StartSession.php(61): Laminas\Stratigility\Next->handle(Object(Laminas\Diactoros\ServerRequest))
#31 /home/bzls8g1evy0v/public_html/forum/vendor/laminas/laminas-stratigility/src/Next.php(61): Flarum\Http\Middleware\StartSession->process(Object(Laminas\Diactoros\ServerRequest), Object(Laminas\Stratigility\Next))
#32 /home/bzls8g1evy0v/public_html/forum/vendor/flarum/core/src/Api/Middleware/FakeHttpMethods.php(29): Laminas\Stratigility\Next->handle(Object(Laminas\Diactoros\ServerRequest))
#33 /home/bzls8g1evy0v/public_html/forum/vendor/laminas/laminas-stratigility/src/Next.php(61): Flarum\Api\Middleware\FakeHttpMethods->process(Object(Laminas\Diactoros\ServerRequest), Object(Laminas\Stratigility\Next))
#34 /home/bzls8g1evy0v/public_html/forum/vendor/flarum/core/src/Http/Middleware/ParseJsonBody.php(28): Laminas\Stratigility\Next->handle(Object(Laminas\Diactoros\ServerRequest))
#35 /home/bzls8g1evy0v/public_html/forum/vendor/laminas/laminas-stratigility/src/Next.php(61): Flarum\Http\Middleware\ParseJsonBody->process(Object(Laminas\Diactoros\ServerRequest), Object(Laminas\Stratigility\Next))
#36 /home/bzls8g1evy0v/public_html/forum/vendor/flarum/core/src/Http/Middleware/HandleErrors.php(57): Laminas\Stratigility\Next->handle(Object(Laminas\Diactoros\ServerRequest))
#37 /home/bzls8g1evy0v/public_html/forum/vendor/laminas/laminas-stratigility/src/Next.php(61): Flarum\Http\Middleware\HandleErrors->process(Object(Laminas\Diactoros\ServerRequest), Object(Laminas\Stratigility\Next))
#38 /home/bzls8g1evy0v/public_html/forum/vendor/laminas/laminas-stratigility/src/MiddlewarePipe.php(84): Laminas\Stratigility\Next->handle(Object(Laminas\Diactoros\ServerRequest))
#39 /home/bzls8g1evy0v/public_html/forum/vendor/middlewares/request-handler/src/RequestHandler.php(84): Laminas\Stratigility\MiddlewarePipe->process(Object(Laminas\Diactoros\ServerRequest), Object(Laminas\Stratigility\Next))
#40 /home/bzls8g1evy0v/public_html/forum/vendor/laminas/laminas-stratigility/src/Next.php(61): Middlewares\RequestHandler->process(Object(Laminas\Diactoros\ServerRequest), Object(Laminas\Stratigility\Next))
#41 /home/bzls8g1evy0v/public_html/forum/vendor/middlewares/base-path-router/src/BasePathRouter.php(97): Laminas\Stratigility\Next->handle(Object(Laminas\Diactoros\ServerRequest))
#42 /home/bzls8g1evy0v/public_html/forum/vendor/laminas/laminas-stratigility/src/Next.php(61): Middlewares\BasePathRouter->process(Object(Laminas\Diactoros\ServerRequest), Object(Laminas\Stratigility\Next))
#43 /home/bzls8g1evy0v/public_html/forum/vendor/laminas/laminas-stratigility/src/Middleware/OriginalMessages.php(42): Laminas\Stratigility\Next->handle(Object(Laminas\Diactoros\ServerRequest))
#44 /home/bzls8g1evy0v/public_html/forum/vendor/laminas/laminas-stratigility/src/Next.php(61): Laminas\Stratigility\Middleware\OriginalMessages->process(Object(Laminas\Diactoros\ServerRequest), Object(Laminas\Stratigility\Next))
#45 /home/bzls8g1evy0v/public_html/forum/vendor/middlewares/base-path/src/BasePath.php(53): Laminas\Stratigility\Next->handle(Object(Laminas\Diactoros\ServerRequest))
#46 /home/bzls8g1evy0v/public_html/forum/vendor/laminas/laminas-stratigility/src/Next.php(61): Middlewares\BasePath->process(Object(Laminas\Diactoros\ServerRequest), Object(Laminas\Stratigility\Next))
#47 /home/bzls8g1evy0v/public_html/forum/vendor/laminas/laminas-stratigility/src/MiddlewarePipe.php(84): Laminas\Stratigility\Next->handle(Object(Laminas\Diactoros\ServerRequest))
#48 /home/bzls8g1evy0v/public_html/forum/vendor/laminas/laminas-stratigility/src/MiddlewarePipe.php(73): Laminas\Stratigility\MiddlewarePipe->process(Object(Laminas\Diactoros\ServerRequest), Object(Laminas\Stratigility\EmptyPipelineHandler))
#49 /home/bzls8g1evy0v/public_html/forum/vendor/laminas/laminas-httphandlerrunner/src/RequestHandlerRunner.php(96): Laminas\Stratigility\MiddlewarePipe->handle(Object(Laminas\Diactoros\ServerRequest))
#50 /home/bzls8g1evy0v/public_html/forum/vendor/flarum/core/src/Http/Server.php(42): Laminas\HttpHandlerRunner\RequestHandlerRunner->run()
#51 /home/bzls8g1evy0v/public_html/forum/public/index.php(26): Flarum\Http\Server->listen()
#52 {main}  
