[2020-10-22 13:11:20] production.ERROR: PDOException: SQLSTATE[23000]: Integrity constraint violation: 1062 Duplicate entry 'sihaozha2-c@my.cityu.edu.hk' for key 'cssaugusers_email_unique' in /home/bzls8g1evy0v/public_html/forum/vendor/doctrine/dbal/lib/Doctrine/DBAL/Driver/PDOStatement.php:129
Stack trace:
#0 /home/bzls8g1evy0v/public_html/forum/vendor/doctrine/dbal/lib/Doctrine/DBAL/Driver/PDOStatement.php(129): PDOStatement->execute(NULL)
#1 /home/bzls8g1evy0v/public_html/forum/vendor/illuminate/database/Connection.php(483): Doctrine\DBAL\Driver\PDOStatement->execute()
#2 /home/bzls8g1evy0v/public_html/forum/vendor/illuminate/database/Connection.php(657): Illuminate\Database\Connection->Illuminate\Database\{closure}('update `cssaugu...', Array)
#3 /home/bzls8g1evy0v/public_html/forum/vendor/illuminate/database/Connection.php(624): Illuminate\Database\Connection->runQueryCallback('update `cssaugu...', Array, Object(Closure))
#4 /home/bzls8g1evy0v/public_html/forum/vendor/illuminate/database/Connection.php(490): Illuminate\Database\Connection->run('update `cssaugu...', Array, Object(Closure))
#5 /home/bzls8g1evy0v/public_html/forum/vendor/illuminate/database/Connection.php(423): Illuminate\Database\Connection->affectingStatement('update `cssaugu...', Array)
#6 /home/bzls8g1evy0v/public_html/forum/vendor/illuminate/database/Query/Builder.php(2659): Illuminate\Database\Connection->update('update `cssaugu...', Array)
#7 /home/bzls8g1evy0v/public_html/forum/vendor/illuminate/database/Eloquent/Builder.php(818): Illuminate\Database\Query\Builder->update(Array)
#8 /home/bzls8g1evy0v/public_html/forum/vendor/illuminate/database/Eloquent/Model.php(729): Illuminate\Database\Eloquent\Builder->update(Array)
#9 /home/bzls8g1evy0v/public_html/forum/vendor/illuminate/database/Eloquent/Model.php(644): Illuminate\Database\Eloquent\Model->performUpdate(Object(Illuminate\Database\Eloquent\Builder))
#10 /home/bzls8g1evy0v/public_html/forum/vendor/flarum/core/src/User/Command/ConfirmEmailHandler.php(49): Illuminate\Database\Eloquent\Model->save()
#11 /home/bzls8g1evy0v/public_html/forum/vendor/illuminate/bus/Dispatcher.php(90): Flarum\User\Command\ConfirmEmailHandler->handle(Object(Flarum\User\Command\ConfirmEmail))
#12 /home/bzls8g1evy0v/public_html/forum/vendor/illuminate/pipeline/Pipeline.php(128): Illuminate\Bus\Dispatcher->Illuminate\Bus\{closure}(Object(Flarum\User\Command\ConfirmEmail))
#13 /home/bzls8g1evy0v/public_html/forum/vendor/illuminate/pipeline/Pipeline.php(104): Illuminate\Pipeline\Pipeline->Illuminate\Pipeline\{closure}(Object(Flarum\User\Command\ConfirmEmail))
#14 /home/bzls8g1evy0v/public_html/forum/vendor/illuminate/bus/Dispatcher.php(98): Illuminate\Pipeline\Pipeline->then(Object(Closure))
#15 /home/bzls8g1evy0v/public_html/forum/vendor/illuminate/bus/Dispatcher.php(76): Illuminate\Bus\Dispatcher->dispatchNow(Object(Flarum\User\Command\ConfirmEmail))
#16 /home/bzls8g1evy0v/public_html/forum/vendor/flarum/core/src/Forum/Controller/ConfirmEmailController.php(60): Illuminate\Bus\Dispatcher->dispatch(Object(Flarum\User\Command\ConfirmEmail))
#17 /home/bzls8g1evy0v/public_html/forum/vendor/flarum/core/src/Http/RouteHandlerFactory.php(38): Flarum\Forum\Controller\ConfirmEmailController->handle(Object(Laminas\Diactoros\ServerRequest))
#18 /home/bzls8g1evy0v/public_html/forum/vendor/flarum/core/src/Http/Middleware/DispatchRoute.php(65): Flarum\Http\RouteHandlerFactory->Flarum\Http\{closure}(Object(Laminas\Diactoros\ServerRequest), Array)
#19 /home/bzls8g1evy0v/public_html/forum/vendor/laminas/laminas-stratigility/src/Next.php(61): Flarum\Http\Middleware\DispatchRoute->process(Object(Laminas\Diactoros\ServerRequest), Object(Closure))
#20 /home/bzls8g1evy0v/public_html/forum/vendor/flarum/core/src/Http/Middleware/ShareErrorsFromSession.php(57): Laminas\Stratigility\Next->handle(Object(Laminas\Diactoros\ServerRequest))
#21 /home/bzls8g1evy0v/public_html/forum/vendor/laminas/laminas-stratigility/src/Next.php(61): Flarum\Http\Middleware\ShareErrorsFromSession->process(Object(Laminas\Diactoros\ServerRequest), Object(Laminas\Stratigility\Next))
#22 /home/bzls8g1evy0v/public_html/forum/vendor/flarum/core/src/Http/Middleware/SetLocale.php(50): Laminas\Stratigility\Next->handle(Object(Laminas\Diactoros\ServerRequest))
#23 /home/bzls8g1evy0v/public_html/forum/vendor/laminas/laminas-stratigility/src/Next.php(61): Flarum\Http\Middleware\SetLocale->process(Object(Laminas\Diactoros\ServerRequest), Object(Laminas\Stratigility\Next))
#24 /home/bzls8g1evy0v/public_html/forum/vendor/flarum/core/src/Http/Middleware/CheckCsrfToken.php(37): Laminas\Stratigility\Next->handle(Object(Laminas\Diactoros\ServerRequest))
#25 /home/bzls8g1evy0v/public_html/forum/vendor/laminas/laminas-stratigility/src/Next.php(61): Flarum\Http\Middleware\CheckCsrfToken->process(Object(Laminas\Diactoros\ServerRequest), Object(Laminas\Stratigility\Next))
#26 /home/bzls8g1evy0v/public_html/forum/vendor/flarum/core/src/Http/Middleware/AuthenticateWithSession.php(32): Laminas\Stratigility\Next->handle(Object(Laminas\Diactoros\ServerRequest))
#27 /home/bzls8g1evy0v/public_html/forum/vendor/laminas/laminas-stratigility/src/Next.php(61): Flarum\Http\Middleware\AuthenticateWithSession->process(Object(Laminas\Diactoros\ServerRequest), Object(Laminas\Stratigility\Next))
#28 /home/bzls8g1evy0v/public_html/forum/vendor/flarum/core/src/Http/Middleware/RememberFromCookie.php(51): Laminas\Stratigility\Next->handle(Object(Laminas\Diactoros\ServerRequest))
#29 /home/bzls8g1evy0v/public_html/forum/vendor/laminas/laminas-stratigility/src/Next.php(61): Flarum\Http\Middleware\RememberFromCookie->process(Object(Laminas\Diactoros\ServerRequest), Object(Laminas\Stratigility\Next))
#30 /home/bzls8g1evy0v/public_html/forum/vendor/flarum/core/src/Http/Middleware/StartSession.php(61): Laminas\Stratigility\Next->handle(Object(Laminas\Diactoros\ServerRequest))
#31 /home/bzls8g1evy0v/public_html/forum/vendor/laminas/laminas-stratigility/src/Next.php(61): Flarum\Http\Middleware\StartSession->process(Object(Laminas\Diactoros\ServerRequest), Object(Laminas\Stratigility\Next))
#32 /home/bzls8g1evy0v/public_html/forum/vendor/flarum/core/src/Http/Middleware/CollectGarbage.php(46): Laminas\Stratigility\Next->handle(Object(Laminas\Diactoros\ServerRequest))
#33 /home/bzls8g1evy0v/public_html/forum/vendor/laminas/laminas-stratigility/src/Next.php(61): Flarum\Http\Middleware\CollectGarbage->process(Object(Laminas\Diactoros\ServerRequest), Object(Laminas\Stratigility\Next))
#34 /home/bzls8g1evy0v/public_html/forum/vendor/flarum/core/src/Http/Middleware/ParseJsonBody.php(28): Laminas\Stratigility\Next->handle(Object(Laminas\Diactoros\ServerRequest))
#35 /home/bzls8g1evy0v/public_html/forum/vendor/laminas/laminas-stratigility/src/Next.php(61): Flarum\Http\Middleware\ParseJsonBody->process(Object(Laminas\Diactoros\ServerRequest), Object(Laminas\Stratigility\Next))
#36 /home/bzls8g1evy0v/public_html/forum/vendor/flarum/core/src/Http/Middleware/HandleErrors.php(57): Laminas\Stratigility\Next->handle(Object(Laminas\Diactoros\ServerRequest))
#37 /home/bzls8g1evy0v/public_html/forum/vendor/laminas/laminas-stratigility/src/Next.php(61): Flarum\Http\Middleware\HandleErrors->process(Object(Laminas\Diactoros\ServerRequest), Object(Laminas\Stratigility\Next))
#38 /home/bzls8g1evy0v/public_html/forum/vendor/laminas/laminas-stratigility/src/MiddlewarePipe.php(84): Laminas\Stratigility\Next->handle(Object(Laminas\Diactoros\ServerRequest))
#39 /home/bzls8g1evy0v/public_html/forum/vendor/middlewares/request-handler/src/RequestHandler.php(84): Laminas\Stratigility\MiddlewarePipe->process(Object(Laminas\Diactoros\ServerRequest), Object(Laminas\Stratigility\Next))
#40 /home/bzls8g1evy0v/public_html/forum/vendor/laminas/laminas-stratigility/src/Next.php(61): Middlewares\RequestHandler->process(Object(Laminas\Diactoros\ServerRequest), Object(Laminas\Stratigility\Next))
#41 /home/bzls8g1evy0v/public_html/forum/vendor/middlewares/base-path-router/src/BasePathRouter.php(97): Laminas\Stratigility\Next->handle(Object(Laminas\Diactoros\ServerRequest))
#42 /home/bzls8g1evy0v/public_html/forum/vendor/laminas/laminas-stratigility/src/Next.php(61): Middlewares\BasePathRouter->process(Object(Laminas\Diactoros\ServerRequest), Object(Laminas\Stratigility\Next))
#43 /home/bzls8g1evy0v/public_html/forum/vendor/laminas/laminas-stratigility/src/Middleware/OriginalMessages.php(42): Laminas\Stratigility\Next->handle(Object(Laminas\Diactoros\ServerRequest))
#44 /home/bzls8g1evy0v/public_html/forum/vendor/laminas/laminas-stratigility/src/Next.php(61): Laminas\Stratigility\Middleware\OriginalMessages->process(Object(Laminas\Diactoros\ServerRequest), Object(Laminas\Stratigility\Next))
#45 /home/bzls8g1evy0v/public_html/forum/vendor/middlewares/base-path/src/BasePath.php(53): Laminas\Stratigility\Next->handle(Object(Laminas\Diactoros\ServerRequest))
#46 /home/bzls8g1evy0v/public_html/forum/vendor/laminas/laminas-stratigility/src/Next.php(61): Middlewares\BasePath->process(Object(Laminas\Diactoros\ServerRequest), Object(Laminas\Stratigility\Next))
#47 /home/bzls8g1evy0v/public_html/forum/vendor/laminas/laminas-stratigility/src/MiddlewarePipe.php(84): Laminas\Stratigility\Next->handle(Object(Laminas\Diactoros\ServerRequest))
#48 /home/bzls8g1evy0v/public_html/forum/vendor/laminas/laminas-stratigility/src/MiddlewarePipe.php(73): Laminas\Stratigility\MiddlewarePipe->process(Object(Laminas\Diactoros\ServerRequest), Object(Laminas\Stratigility\EmptyPipelineHandler))
#49 /home/bzls8g1evy0v/public_html/forum/vendor/laminas/laminas-httphandlerrunner/src/RequestHandlerRunner.php(96): Laminas\Stratigility\MiddlewarePipe->handle(Object(Laminas\Diactoros\ServerRequest))
#50 /home/bzls8g1evy0v/public_html/forum/vendor/flarum/core/src/Http/Server.php(42): Laminas\HttpHandlerRunner\RequestHandlerRunner->run()
#51 /home/bzls8g1evy0v/public_html/forum/public/index.php(26): Flarum\Http\Server->listen()
#52 {main}

Next Doctrine\DBAL\Driver\PDOException: SQLSTATE[23000]: Integrity constraint violation: 1062 Duplicate entry 'sihaozha2-c@my.cityu.edu.hk' for key 'cssaugusers_email_unique' in /home/bzls8g1evy0v/public_html/forum/vendor/doctrine/dbal/lib/Doctrine/DBAL/Driver/PDOStatement.php:131
Stack trace:
#0 /home/bzls8g1evy0v/public_html/forum/vendor/illuminate/database/Connection.php(483): Doctrine\DBAL\Driver\PDOStatement->execute()
#1 /home/bzls8g1evy0v/public_html/forum/vendor/illuminate/database/Connection.php(657): Illuminate\Database\Connection->Illuminate\Database\{closure}('update `cssaugu...', Array)
#2 /home/bzls8g1evy0v/public_html/forum/vendor/illuminate/database/Connection.php(624): Illuminate\Database\Connection->runQueryCallback('update `cssaugu...', Array, Object(Closure))
#3 /home/bzls8g1evy0v/public_html/forum/vendor/illuminate/database/Connection.php(490): Illuminate\Database\Connection->run('update `cssaugu...', Array, Object(Closure))
#4 /home/bzls8g1evy0v/public_html/forum/vendor/illuminate/database/Connection.php(423): Illuminate\Database\Connection->affectingStatement('update `cssaugu...', Array)
#5 /home/bzls8g1evy0v/public_html/forum/vendor/illuminate/database/Query/Builder.php(2659): Illuminate\Database\Connection->update('update `cssaugu...', Array)
#6 /home/bzls8g1evy0v/public_html/forum/vendor/illuminate/database/Eloquent/Builder.php(818): Illuminate\Database\Query\Builder->update(Array)
#7 /home/bzls8g1evy0v/public_html/forum/vendor/illuminate/database/Eloquent/Model.php(729): Illuminate\Database\Eloquent\Builder->update(Array)
#8 /home/bzls8g1evy0v/public_html/forum/vendor/illuminate/database/Eloquent/Model.php(644): Illuminate\Database\Eloquent\Model->performUpdate(Object(Illuminate\Database\Eloquent\Builder))
#9 /home/bzls8g1evy0v/public_html/forum/vendor/flarum/core/src/User/Command/ConfirmEmailHandler.php(49): Illuminate\Database\Eloquent\Model->save()
#10 /home/bzls8g1evy0v/public_html/forum/vendor/illuminate/bus/Dispatcher.php(90): Flarum\User\Command\ConfirmEmailHandler->handle(Object(Flarum\User\Command\ConfirmEmail))
#11 /home/bzls8g1evy0v/public_html/forum/vendor/illuminate/pipeline/Pipeline.php(128): Illuminate\Bus\Dispatcher->Illuminate\Bus\{closure}(Object(Flarum\User\Command\ConfirmEmail))
#12 /home/bzls8g1evy0v/public_html/forum/vendor/illuminate/pipeline/Pipeline.php(104): Illuminate\Pipeline\Pipeline->Illuminate\Pipeline\{closure}(Object(Flarum\User\Command\ConfirmEmail))
#13 /home/bzls8g1evy0v/public_html/forum/vendor/illuminate/bus/Dispatcher.php(98): Illuminate\Pipeline\Pipeline->then(Object(Closure))
#14 /home/bzls8g1evy0v/public_html/forum/vendor/illuminate/bus/Dispatcher.php(76): Illuminate\Bus\Dispatcher->dispatchNow(Object(Flarum\User\Command\ConfirmEmail))
#15 /home/bzls8g1evy0v/public_html/forum/vendor/flarum/core/src/Forum/Controller/ConfirmEmailController.php(60): Illuminate\Bus\Dispatcher->dispatch(Object(Flarum\User\Command\ConfirmEmail))
#16 /home/bzls8g1evy0v/public_html/forum/vendor/flarum/core/src/Http/RouteHandlerFactory.php(38): Flarum\Forum\Controller\ConfirmEmailController->handle(Object(Laminas\Diactoros\ServerRequest))
#17 /home/bzls8g1evy0v/public_html/forum/vendor/flarum/core/src/Http/Middleware/DispatchRoute.php(65): Flarum\Http\RouteHandlerFactory->Flarum\Http\{closure}(Object(Laminas\Diactoros\ServerRequest), Array)
#18 /home/bzls8g1evy0v/public_html/forum/vendor/laminas/laminas-stratigility/src/Next.php(61): Flarum\Http\Middleware\DispatchRoute->process(Object(Laminas\Diactoros\ServerRequest), Object(Closure))
#19 /home/bzls8g1evy0v/public_html/forum/vendor/flarum/core/src/Http/Middleware/ShareErrorsFromSession.php(57): Laminas\Stratigility\Next->handle(Object(Laminas\Diactoros\ServerRequest))
#20 /home/bzls8g1evy0v/public_html/forum/vendor/laminas/laminas-stratigility/src/Next.php(61): Flarum\Http\Middleware\ShareErrorsFromSession->process(Object(Laminas\Diactoros\ServerRequest), Object(Laminas\Stratigility\Next))
#21 /home/bzls8g1evy0v/public_html/forum/vendor/flarum/core/src/Http/Middleware/SetLocale.php(50): Laminas\Stratigility\Next->handle(Object(Laminas\Diactoros\ServerRequest))
#22 /home/bzls8g1evy0v/public_html/forum/vendor/laminas/laminas-stratigility/src/Next.php(61): Flarum\Http\Middleware\SetLocale->process(Object(Laminas\Diactoros\ServerRequest), Object(Laminas\Stratigility\Next))
#23 /home/bzls8g1evy0v/public_html/forum/vendor/flarum/core/src/Http/Middleware/CheckCsrfToken.php(37): Laminas\Stratigility\Next->handle(Object(Laminas\Diactoros\ServerRequest))
#24 /home/bzls8g1evy0v/public_html/forum/vendor/laminas/laminas-stratigility/src/Next.php(61): Flarum\Http\Middleware\CheckCsrfToken->process(Object(Laminas\Diactoros\ServerRequest), Object(Laminas\Stratigility\Next))
#25 /home/bzls8g1evy0v/public_html/forum/vendor/flarum/core/src/Http/Middleware/AuthenticateWithSession.php(32): Laminas\Stratigility\Next->handle(Object(Laminas\Diactoros\ServerRequest))
#26 /home/bzls8g1evy0v/public_html/forum/vendor/laminas/laminas-stratigility/src/Next.php(61): Flarum\Http\Middleware\AuthenticateWithSession->process(Object(Laminas\Diactoros\ServerRequest), Object(Laminas\Stratigility\Next))
#27 /home/bzls8g1evy0v/public_html/forum/vendor/flarum/core/src/Http/Middleware/RememberFromCookie.php(51): Laminas\Stratigility\Next->handle(Object(Laminas\Diactoros\ServerRequest))
#28 /home/bzls8g1evy0v/public_html/forum/vendor/laminas/laminas-stratigility/src/Next.php(61): Flarum\Http\Middleware\RememberFromCookie->process(Object(Laminas\Diactoros\ServerRequest), Object(Laminas\Stratigility\Next))
#29 /home/bzls8g1evy0v/public_html/forum/vendor/flarum/core/src/Http/Middleware/StartSession.php(61): Laminas\Stratigility\Next->handle(Object(Laminas\Diactoros\ServerRequest))
#30 /home/bzls8g1evy0v/public_html/forum/vendor/laminas/laminas-stratigility/src/Next.php(61): Flarum\Http\Middleware\StartSession->process(Object(Laminas\Diactoros\ServerRequest), Object(Laminas\Stratigility\Next))
#31 /home/bzls8g1evy0v/public_html/forum/vendor/flarum/core/src/Http/Middleware/CollectGarbage.php(46): Laminas\Stratigility\Next->handle(Object(Laminas\Diactoros\ServerRequest))
#32 /home/bzls8g1evy0v/public_html/forum/vendor/laminas/laminas-stratigility/src/Next.php(61): Flarum\Http\Middleware\CollectGarbage->process(Object(Laminas\Diactoros\ServerRequest), Object(Laminas\Stratigility\Next))
#33 /home/bzls8g1evy0v/public_html/forum/vendor/flarum/core/src/Http/Middleware/ParseJsonBody.php(28): Laminas\Stratigility\Next->handle(Object(Laminas\Diactoros\ServerRequest))
#34 /home/bzls8g1evy0v/public_html/forum/vendor/laminas/laminas-stratigility/src/Next.php(61): Flarum\Http\Middleware\ParseJsonBody->process(Object(Laminas\Diactoros\ServerRequest), Object(Laminas\Stratigility\Next))
#35 /home/bzls8g1evy0v/public_html/forum/vendor/flarum/core/src/Http/Middleware/HandleErrors.php(57): Laminas\Stratigility\Next->handle(Object(Laminas\Diactoros\ServerRequest))
#36 /home/bzls8g1evy0v/public_html/forum/vendor/laminas/laminas-stratigility/src/Next.php(61): Flarum\Http\Middleware\HandleErrors->process(Object(Laminas\Diactoros\ServerRequest), Object(Laminas\Stratigility\Next))
#37 /home/bzls8g1evy0v/public_html/forum/vendor/laminas/laminas-stratigility/src/MiddlewarePipe.php(84): Laminas\Stratigility\Next->handle(Object(Laminas\Diactoros\ServerRequest))
#38 /home/bzls8g1evy0v/public_html/forum/vendor/middlewares/request-handler/src/RequestHandler.php(84): Laminas\Stratigility\MiddlewarePipe->process(Object(Laminas\Diactoros\ServerRequest), Object(Laminas\Stratigility\Next))
#39 /home/bzls8g1evy0v/public_html/forum/vendor/laminas/laminas-stratigility/src/Next.php(61): Middlewares\RequestHandler->process(Object(Laminas\Diactoros\ServerRequest), Object(Laminas\Stratigility\Next))
#40 /home/bzls8g1evy0v/public_html/forum/vendor/middlewares/base-path-router/src/BasePathRouter.php(97): Laminas\Stratigility\Next->handle(Object(Laminas\Diactoros\ServerRequest))
#41 /home/bzls8g1evy0v/public_html/forum/vendor/laminas/laminas-stratigility/src/Next.php(61): Middlewares\BasePathRouter->process(Object(Laminas\Diactoros\ServerRequest), Object(Laminas\Stratigility\Next))
#42 /home/bzls8g1evy0v/public_html/forum/vendor/laminas/laminas-stratigility/src/Middleware/OriginalMessages.php(42): Laminas\Stratigility\Next->handle(Object(Laminas\Diactoros\ServerRequest))
#43 /home/bzls8g1evy0v/public_html/forum/vendor/laminas/laminas-stratigility/src/Next.php(61): Laminas\Stratigility\Middleware\OriginalMessages->process(Object(Laminas\Diactoros\ServerRequest), Object(Laminas\Stratigility\Next))
#44 /home/bzls8g1evy0v/public_html/forum/vendor/middlewares/base-path/src/BasePath.php(53): Laminas\Stratigility\Next->handle(Object(Laminas\Diactoros\ServerRequest))
#45 /home/bzls8g1evy0v/public_html/forum/vendor/laminas/laminas-stratigility/src/Next.php(61): Middlewares\BasePath->process(Object(Laminas\Diactoros\ServerRequest), Object(Laminas\Stratigility\Next))
#46 /home/bzls8g1evy0v/public_html/forum/vendor/laminas/laminas-stratigility/src/MiddlewarePipe.php(84): Laminas\Stratigility\Next->handle(Object(Laminas\Diactoros\ServerRequest))
#47 /home/bzls8g1evy0v/public_html/forum/vendor/laminas/laminas-stratigility/src/MiddlewarePipe.php(73): Laminas\Stratigility\MiddlewarePipe->process(Object(Laminas\Diactoros\ServerRequest), Object(Laminas\Stratigility\EmptyPipelineHandler))
#48 /home/bzls8g1evy0v/public_html/forum/vendor/laminas/laminas-httphandlerrunner/src/RequestHandlerRunner.php(96): Laminas\Stratigility\MiddlewarePipe->handle(Object(Laminas\Diactoros\ServerRequest))
#49 /home/bzls8g1evy0v/public_html/forum/vendor/flarum/core/src/Http/Server.php(42): Laminas\HttpHandlerRunner\RequestHandlerRunner->run()
#50 /home/bzls8g1evy0v/public_html/forum/public/index.php(26): Flarum\Http\Server->listen()
#51 {main}

Next Illuminate\Database\QueryException: SQLSTATE[23000]: Integrity constraint violation: 1062 Duplicate entry 'sihaozha2-c@my.cityu.edu.hk' for key 'cssaugusers_email_unique' (SQL: update `cssaugusers` set `email` = sihaozha2-c@my.cityu.edu.hk, `is_email_confirmed` = 1 where `id` = 148) in /home/bzls8g1evy0v/public_html/forum/vendor/illuminate/database/Connection.php:664
Stack trace:
#0 /home/bzls8g1evy0v/public_html/forum/vendor/illuminate/database/Connection.php(624): Illuminate\Database\Connection->runQueryCallback('update `cssaugu...', Array, Object(Closure))
#1 /home/bzls8g1evy0v/public_html/forum/vendor/illuminate/database/Connection.php(490): Illuminate\Database\Connection->run('update `cssaugu...', Array, Object(Closure))
#2 /home/bzls8g1evy0v/public_html/forum/vendor/illuminate/database/Connection.php(423): Illuminate\Database\Connection->affectingStatement('update `cssaugu...', Array)
#3 /home/bzls8g1evy0v/public_html/forum/vendor/illuminate/database/Query/Builder.php(2659): Illuminate\Database\Connection->update('update `cssaugu...', Array)
#4 /home/bzls8g1evy0v/public_html/forum/vendor/illuminate/database/Eloquent/Builder.php(818): Illuminate\Database\Query\Builder->update(Array)
#5 /home/bzls8g1evy0v/public_html/forum/vendor/illuminate/database/Eloquent/Model.php(729): Illuminate\Database\Eloquent\Builder->update(Array)
#6 /home/bzls8g1evy0v/public_html/forum/vendor/illuminate/database/Eloquent/Model.php(644): Illuminate\Database\Eloquent\Model->performUpdate(Object(Illuminate\Database\Eloquent\Builder))
#7 /home/bzls8g1evy0v/public_html/forum/vendor/flarum/core/src/User/Command/ConfirmEmailHandler.php(49): Illuminate\Database\Eloquent\Model->save()
#8 /home/bzls8g1evy0v/public_html/forum/vendor/illuminate/bus/Dispatcher.php(90): Flarum\User\Command\ConfirmEmailHandler->handle(Object(Flarum\User\Command\ConfirmEmail))
#9 /home/bzls8g1evy0v/public_html/forum/vendor/illuminate/pipeline/Pipeline.php(128): Illuminate\Bus\Dispatcher->Illuminate\Bus\{closure}(Object(Flarum\User\Command\ConfirmEmail))
#10 /home/bzls8g1evy0v/public_html/forum/vendor/illuminate/pipeline/Pipeline.php(104): Illuminate\Pipeline\Pipeline->Illuminate\Pipeline\{closure}(Object(Flarum\User\Command\ConfirmEmail))
#11 /home/bzls8g1evy0v/public_html/forum/vendor/illuminate/bus/Dispatcher.php(98): Illuminate\Pipeline\Pipeline->then(Object(Closure))
#12 /home/bzls8g1evy0v/public_html/forum/vendor/illuminate/bus/Dispatcher.php(76): Illuminate\Bus\Dispatcher->dispatchNow(Object(Flarum\User\Command\ConfirmEmail))
#13 /home/bzls8g1evy0v/public_html/forum/vendor/flarum/core/src/Forum/Controller/ConfirmEmailController.php(60): Illuminate\Bus\Dispatcher->dispatch(Object(Flarum\User\Command\ConfirmEmail))
#14 /home/bzls8g1evy0v/public_html/forum/vendor/flarum/core/src/Http/RouteHandlerFactory.php(38): Flarum\Forum\Controller\ConfirmEmailController->handle(Object(Laminas\Diactoros\ServerRequest))
#15 /home/bzls8g1evy0v/public_html/forum/vendor/flarum/core/src/Http/Middleware/DispatchRoute.php(65): Flarum\Http\RouteHandlerFactory->Flarum\Http\{closure}(Object(Laminas\Diactoros\ServerRequest), Array)
#16 /home/bzls8g1evy0v/public_html/forum/vendor/laminas/laminas-stratigility/src/Next.php(61): Flarum\Http\Middleware\DispatchRoute->process(Object(Laminas\Diactoros\ServerRequest), Object(Closure))
#17 /home/bzls8g1evy0v/public_html/forum/vendor/flarum/core/src/Http/Middleware/ShareErrorsFromSession.php(57): Laminas\Stratigility\Next->handle(Object(Laminas\Diactoros\ServerRequest))
#18 /home/bzls8g1evy0v/public_html/forum/vendor/laminas/laminas-stratigility/src/Next.php(61): Flarum\Http\Middleware\ShareErrorsFromSession->process(Object(Laminas\Diactoros\ServerRequest), Object(Laminas\Stratigility\Next))
#19 /home/bzls8g1evy0v/public_html/forum/vendor/flarum/core/src/Http/Middleware/SetLocale.php(50): Laminas\Stratigility\Next->handle(Object(Laminas\Diactoros\ServerRequest))
#20 /home/bzls8g1evy0v/public_html/forum/vendor/laminas/laminas-stratigility/src/Next.php(61): Flarum\Http\Middleware\SetLocale->process(Object(Laminas\Diactoros\ServerRequest), Object(Laminas\Stratigility\Next))
#21 /home/bzls8g1evy0v/public_html/forum/vendor/flarum/core/src/Http/Middleware/CheckCsrfToken.php(37): Laminas\Stratigility\Next->handle(Object(Laminas\Diactoros\ServerRequest))
#22 /home/bzls8g1evy0v/public_html/forum/vendor/laminas/laminas-stratigility/src/Next.php(61): Flarum\Http\Middleware\CheckCsrfToken->process(Object(Laminas\Diactoros\ServerRequest), Object(Laminas\Stratigility\Next))
#23 /home/bzls8g1evy0v/public_html/forum/vendor/flarum/core/src/Http/Middleware/AuthenticateWithSession.php(32): Laminas\Stratigility\Next->handle(Object(Laminas\Diactoros\ServerRequest))
#24 /home/bzls8g1evy0v/public_html/forum/vendor/laminas/laminas-stratigility/src/Next.php(61): Flarum\Http\Middleware\AuthenticateWithSession->process(Object(Laminas\Diactoros\ServerRequest), Object(Laminas\Stratigility\Next))
#25 /home/bzls8g1evy0v/public_html/forum/vendor/flarum/core/src/Http/Middleware/RememberFromCookie.php(51): Laminas\Stratigility\Next->handle(Object(Laminas\Diactoros\ServerRequest))
#26 /home/bzls8g1evy0v/public_html/forum/vendor/laminas/laminas-stratigility/src/Next.php(61): Flarum\Http\Middleware\RememberFromCookie->process(Object(Laminas\Diactoros\ServerRequest), Object(Laminas\Stratigility\Next))
#27 /home/bzls8g1evy0v/public_html/forum/vendor/flarum/core/src/Http/Middleware/StartSession.php(61): Laminas\Stratigility\Next->handle(Object(Laminas\Diactoros\ServerRequest))
#28 /home/bzls8g1evy0v/public_html/forum/vendor/laminas/laminas-stratigility/src/Next.php(61): Flarum\Http\Middleware\StartSession->process(Object(Laminas\Diactoros\ServerRequest), Object(Laminas\Stratigility\Next))
#29 /home/bzls8g1evy0v/public_html/forum/vendor/flarum/core/src/Http/Middleware/CollectGarbage.php(46): Laminas\Stratigility\Next->handle(Object(Laminas\Diactoros\ServerRequest))
#30 /home/bzls8g1evy0v/public_html/forum/vendor/laminas/laminas-stratigility/src/Next.php(61): Flarum\Http\Middleware\CollectGarbage->process(Object(Laminas\Diactoros\ServerRequest), Object(Laminas\Stratigility\Next))
#31 /home/bzls8g1evy0v/public_html/forum/vendor/flarum/core/src/Http/Middleware/ParseJsonBody.php(28): Laminas\Stratigility\Next->handle(Object(Laminas\Diactoros\ServerRequest))
#32 /home/bzls8g1evy0v/public_html/forum/vendor/laminas/laminas-stratigility/src/Next.php(61): Flarum\Http\Middleware\ParseJsonBody->process(Object(Laminas\Diactoros\ServerRequest), Object(Laminas\Stratigility\Next))
#33 /home/bzls8g1evy0v/public_html/forum/vendor/flarum/core/src/Http/Middleware/HandleErrors.php(57): Laminas\Stratigility\Next->handle(Object(Laminas\Diactoros\ServerRequest))
#34 /home/bzls8g1evy0v/public_html/forum/vendor/laminas/laminas-stratigility/src/Next.php(61): Flarum\Http\Middleware\HandleErrors->process(Object(Laminas\Diactoros\ServerRequest), Object(Laminas\Stratigility\Next))
#35 /home/bzls8g1evy0v/public_html/forum/vendor/laminas/laminas-stratigility/src/MiddlewarePipe.php(84): Laminas\Stratigility\Next->handle(Object(Laminas\Diactoros\ServerRequest))
#36 /home/bzls8g1evy0v/public_html/forum/vendor/middlewares/request-handler/src/RequestHandler.php(84): Laminas\Stratigility\MiddlewarePipe->process(Object(Laminas\Diactoros\ServerRequest), Object(Laminas\Stratigility\Next))
#37 /home/bzls8g1evy0v/public_html/forum/vendor/laminas/laminas-stratigility/src/Next.php(61): Middlewares\RequestHandler->process(Object(Laminas\Diactoros\ServerRequest), Object(Laminas\Stratigility\Next))
#38 /home/bzls8g1evy0v/public_html/forum/vendor/middlewares/base-path-router/src/BasePathRouter.php(97): Laminas\Stratigility\Next->handle(Object(Laminas\Diactoros\ServerRequest))
#39 /home/bzls8g1evy0v/public_html/forum/vendor/laminas/laminas-stratigility/src/Next.php(61): Middlewares\BasePathRouter->process(Object(Laminas\Diactoros\ServerRequest), Object(Laminas\Stratigility\Next))
#40 /home/bzls8g1evy0v/public_html/forum/vendor/laminas/laminas-stratigility/src/Middleware/OriginalMessages.php(42): Laminas\Stratigility\Next->handle(Object(Laminas\Diactoros\ServerRequest))
#41 /home/bzls8g1evy0v/public_html/forum/vendor/laminas/laminas-stratigility/src/Next.php(61): Laminas\Stratigility\Middleware\OriginalMessages->process(Object(Laminas\Diactoros\ServerRequest), Object(Laminas\Stratigility\Next))
#42 /home/bzls8g1evy0v/public_html/forum/vendor/middlewares/base-path/src/BasePath.php(53): Laminas\Stratigility\Next->handle(Object(Laminas\Diactoros\ServerRequest))
#43 /home/bzls8g1evy0v/public_html/forum/vendor/laminas/laminas-stratigility/src/Next.php(61): Middlewares\BasePath->process(Object(Laminas\Diactoros\ServerRequest), Object(Laminas\Stratigility\Next))
#44 /home/bzls8g1evy0v/public_html/forum/vendor/laminas/laminas-stratigility/src/MiddlewarePipe.php(84): Laminas\Stratigility\Next->handle(Object(Laminas\Diactoros\ServerRequest))
#45 /home/bzls8g1evy0v/public_html/forum/vendor/laminas/laminas-stratigility/src/MiddlewarePipe.php(73): Laminas\Stratigility\MiddlewarePipe->process(Object(Laminas\Diactoros\ServerRequest), Object(Laminas\Stratigility\EmptyPipelineHandler))
#46 /home/bzls8g1evy0v/public_html/forum/vendor/laminas/laminas-httphandlerrunner/src/RequestHandlerRunner.php(96): Laminas\Stratigility\MiddlewarePipe->handle(Object(Laminas\Diactoros\ServerRequest))
#47 /home/bzls8g1evy0v/public_html/forum/vendor/flarum/core/src/Http/Server.php(42): Laminas\HttpHandlerRunner\RequestHandlerRunner->run()
#48 /home/bzls8g1evy0v/public_html/forum/public/index.php(26): Flarum\Http\Server->listen()
#49 {main}  
[2020-10-22 13:11:24] production.ERROR: PDOException: SQLSTATE[23000]: Integrity constraint violation: 1062 Duplicate entry 'sihaozha2-c@my.cityu.edu.hk' for key 'cssaugusers_email_unique' in /home/bzls8g1evy0v/public_html/forum/vendor/doctrine/dbal/lib/Doctrine/DBAL/Driver/PDOStatement.php:129
Stack trace:
#0 /home/bzls8g1evy0v/public_html/forum/vendor/doctrine/dbal/lib/Doctrine/DBAL/Driver/PDOStatement.php(129): PDOStatement->execute(NULL)
#1 /home/bzls8g1evy0v/public_html/forum/vendor/illuminate/database/Connection.php(483): Doctrine\DBAL\Driver\PDOStatement->execute()
#2 /home/bzls8g1evy0v/public_html/forum/vendor/illuminate/database/Connection.php(657): Illuminate\Database\Connection->Illuminate\Database\{closure}('update `cssaugu...', Array)
#3 /home/bzls8g1evy0v/public_html/forum/vendor/illuminate/database/Connection.php(624): Illuminate\Database\Connection->runQueryCallback('update `cssaugu...', Array, Object(Closure))
#4 /home/bzls8g1evy0v/public_html/forum/vendor/illuminate/database/Connection.php(490): Illuminate\Database\Connection->run('update `cssaugu...', Array, Object(Closure))
#5 /home/bzls8g1evy0v/public_html/forum/vendor/illuminate/database/Connection.php(423): Illuminate\Database\Connection->affectingStatement('update `cssaugu...', Array)
#6 /home/bzls8g1evy0v/public_html/forum/vendor/illuminate/database/Query/Builder.php(2659): Illuminate\Database\Connection->update('update `cssaugu...', Array)
#7 /home/bzls8g1evy0v/public_html/forum/vendor/illuminate/database/Eloquent/Builder.php(818): Illuminate\Database\Query\Builder->update(Array)
#8 /home/bzls8g1evy0v/public_html/forum/vendor/illuminate/database/Eloquent/Model.php(729): Illuminate\Database\Eloquent\Builder->update(Array)
#9 /home/bzls8g1evy0v/public_html/forum/vendor/illuminate/database/Eloquent/Model.php(644): Illuminate\Database\Eloquent\Model->performUpdate(Object(Illuminate\Database\Eloquent\Builder))
#10 /home/bzls8g1evy0v/public_html/forum/vendor/flarum/core/src/User/Command/ConfirmEmailHandler.php(49): Illuminate\Database\Eloquent\Model->save()
#11 /home/bzls8g1evy0v/public_html/forum/vendor/illuminate/bus/Dispatcher.php(90): Flarum\User\Command\ConfirmEmailHandler->handle(Object(Flarum\User\Command\ConfirmEmail))
#12 /home/bzls8g1evy0v/public_html/forum/vendor/illuminate/pipeline/Pipeline.php(128): Illuminate\Bus\Dispatcher->Illuminate\Bus\{closure}(Object(Flarum\User\Command\ConfirmEmail))
#13 /home/bzls8g1evy0v/public_html/forum/vendor/illuminate/pipeline/Pipeline.php(104): Illuminate\Pipeline\Pipeline->Illuminate\Pipeline\{closure}(Object(Flarum\User\Command\ConfirmEmail))
#14 /home/bzls8g1evy0v/public_html/forum/vendor/illuminate/bus/Dispatcher.php(98): Illuminate\Pipeline\Pipeline->then(Object(Closure))
#15 /home/bzls8g1evy0v/public_html/forum/vendor/illuminate/bus/Dispatcher.php(76): Illuminate\Bus\Dispatcher->dispatchNow(Object(Flarum\User\Command\ConfirmEmail))
#16 /home/bzls8g1evy0v/public_html/forum/vendor/flarum/core/src/Forum/Controller/ConfirmEmailController.php(60): Illuminate\Bus\Dispatcher->dispatch(Object(Flarum\User\Command\ConfirmEmail))
#17 /home/bzls8g1evy0v/public_html/forum/vendor/flarum/core/src/Http/RouteHandlerFactory.php(38): Flarum\Forum\Controller\ConfirmEmailController->handle(Object(Laminas\Diactoros\ServerRequest))
#18 /home/bzls8g1evy0v/public_html/forum/vendor/flarum/core/src/Http/Middleware/DispatchRoute.php(65): Flarum\Http\RouteHandlerFactory->Flarum\Http\{closure}(Object(Laminas\Diactoros\ServerRequest), Array)
#19 /home/bzls8g1evy0v/public_html/forum/vendor/laminas/laminas-stratigility/src/Next.php(61): Flarum\Http\Middleware\DispatchRoute->process(Object(Laminas\Diactoros\ServerRequest), Object(Closure))
#20 /home/bzls8g1evy0v/public_html/forum/vendor/flarum/core/src/Http/Middleware/ShareErrorsFromSession.php(57): Laminas\Stratigility\Next->handle(Object(Laminas\Diactoros\ServerRequest))
#21 /home/bzls8g1evy0v/public_html/forum/vendor/laminas/laminas-stratigility/src/Next.php(61): Flarum\Http\Middleware\ShareErrorsFromSession->process(Object(Laminas\Diactoros\ServerRequest), Object(Laminas\Stratigility\Next))
#22 /home/bzls8g1evy0v/public_html/forum/vendor/flarum/core/src/Http/Middleware/SetLocale.php(50): Laminas\Stratigility\Next->handle(Object(Laminas\Diactoros\ServerRequest))
#23 /home/bzls8g1evy0v/public_html/forum/vendor/laminas/laminas-stratigility/src/Next.php(61): Flarum\Http\Middleware\SetLocale->process(Object(Laminas\Diactoros\ServerRequest), Object(Laminas\Stratigility\Next))
#24 /home/bzls8g1evy0v/public_html/forum/vendor/flarum/core/src/Http/Middleware/CheckCsrfToken.php(37): Laminas\Stratigility\Next->handle(Object(Laminas\Diactoros\ServerRequest))
#25 /home/bzls8g1evy0v/public_html/forum/vendor/laminas/laminas-stratigility/src/Next.php(61): Flarum\Http\Middleware\CheckCsrfToken->process(Object(Laminas\Diactoros\ServerRequest), Object(Laminas\Stratigility\Next))
#26 /home/bzls8g1evy0v/public_html/forum/vendor/flarum/core/src/Http/Middleware/AuthenticateWithSession.php(32): Laminas\Stratigility\Next->handle(Object(Laminas\Diactoros\ServerRequest))
#27 /home/bzls8g1evy0v/public_html/forum/vendor/laminas/laminas-stratigility/src/Next.php(61): Flarum\Http\Middleware\AuthenticateWithSession->process(Object(Laminas\Diactoros\ServerRequest), Object(Laminas\Stratigility\Next))
#28 /home/bzls8g1evy0v/public_html/forum/vendor/flarum/core/src/Http/Middleware/RememberFromCookie.php(51): Laminas\Stratigility\Next->handle(Object(Laminas\Diactoros\ServerRequest))
#29 /home/bzls8g1evy0v/public_html/forum/vendor/laminas/laminas-stratigility/src/Next.php(61): Flarum\Http\Middleware\RememberFromCookie->process(Object(Laminas\Diactoros\ServerRequest), Object(Laminas\Stratigility\Next))
#30 /home/bzls8g1evy0v/public_html/forum/vendor/flarum/core/src/Http/Middleware/StartSession.php(61): Laminas\Stratigility\Next->handle(Object(Laminas\Diactoros\ServerRequest))
#31 /home/bzls8g1evy0v/public_html/forum/vendor/laminas/laminas-stratigility/src/Next.php(61): Flarum\Http\Middleware\StartSession->process(Object(Laminas\Diactoros\ServerRequest), Object(Laminas\Stratigility\Next))
#32 /home/bzls8g1evy0v/public_html/forum/vendor/flarum/core/src/Http/Middleware/CollectGarbage.php(46): Laminas\Stratigility\Next->handle(Object(Laminas\Diactoros\ServerRequest))
#33 /home/bzls8g1evy0v/public_html/forum/vendor/laminas/laminas-stratigility/src/Next.php(61): Flarum\Http\Middleware\CollectGarbage->process(Object(Laminas\Diactoros\ServerRequest), Object(Laminas\Stratigility\Next))
#34 /home/bzls8g1evy0v/public_html/forum/vendor/flarum/core/src/Http/Middleware/ParseJsonBody.php(28): Laminas\Stratigility\Next->handle(Object(Laminas\Diactoros\ServerRequest))
#35 /home/bzls8g1evy0v/public_html/forum/vendor/laminas/laminas-stratigility/src/Next.php(61): Flarum\Http\Middleware\ParseJsonBody->process(Object(Laminas\Diactoros\ServerRequest), Object(Laminas\Stratigility\Next))
#36 /home/bzls8g1evy0v/public_html/forum/vendor/flarum/core/src/Http/Middleware/HandleErrors.php(57): Laminas\Stratigility\Next->handle(Object(Laminas\Diactoros\ServerRequest))
#37 /home/bzls8g1evy0v/public_html/forum/vendor/laminas/laminas-stratigility/src/Next.php(61): Flarum\Http\Middleware\HandleErrors->process(Object(Laminas\Diactoros\ServerRequest), Object(Laminas\Stratigility\Next))
#38 /home/bzls8g1evy0v/public_html/forum/vendor/laminas/laminas-stratigility/src/MiddlewarePipe.php(84): Laminas\Stratigility\Next->handle(Object(Laminas\Diactoros\ServerRequest))
#39 /home/bzls8g1evy0v/public_html/forum/vendor/middlewares/request-handler/src/RequestHandler.php(84): Laminas\Stratigility\MiddlewarePipe->process(Object(Laminas\Diactoros\ServerRequest), Object(Laminas\Stratigility\Next))
#40 /home/bzls8g1evy0v/public_html/forum/vendor/laminas/laminas-stratigility/src/Next.php(61): Middlewares\RequestHandler->process(Object(Laminas\Diactoros\ServerRequest), Object(Laminas\Stratigility\Next))
#41 /home/bzls8g1evy0v/public_html/forum/vendor/middlewares/base-path-router/src/BasePathRouter.php(97): Laminas\Stratigility\Next->handle(Object(Laminas\Diactoros\ServerRequest))
#42 /home/bzls8g1evy0v/public_html/forum/vendor/laminas/laminas-stratigility/src/Next.php(61): Middlewares\BasePathRouter->process(Object(Laminas\Diactoros\ServerRequest), Object(Laminas\Stratigility\Next))
#43 /home/bzls8g1evy0v/public_html/forum/vendor/laminas/laminas-stratigility/src/Middleware/OriginalMessages.php(42): Laminas\Stratigility\Next->handle(Object(Laminas\Diactoros\ServerRequest))
#44 /home/bzls8g1evy0v/public_html/forum/vendor/laminas/laminas-stratigility/src/Next.php(61): Laminas\Stratigility\Middleware\OriginalMessages->process(Object(Laminas\Diactoros\ServerRequest), Object(Laminas\Stratigility\Next))
#45 /home/bzls8g1evy0v/public_html/forum/vendor/middlewares/base-path/src/BasePath.php(53): Laminas\Stratigility\Next->handle(Object(Laminas\Diactoros\ServerRequest))
#46 /home/bzls8g1evy0v/public_html/forum/vendor/laminas/laminas-stratigility/src/Next.php(61): Middlewares\BasePath->process(Object(Laminas\Diactoros\ServerRequest), Object(Laminas\Stratigility\Next))
#47 /home/bzls8g1evy0v/public_html/forum/vendor/laminas/laminas-stratigility/src/MiddlewarePipe.php(84): Laminas\Stratigility\Next->handle(Object(Laminas\Diactoros\ServerRequest))
#48 /home/bzls8g1evy0v/public_html/forum/vendor/laminas/laminas-stratigility/src/MiddlewarePipe.php(73): Laminas\Stratigility\MiddlewarePipe->process(Object(Laminas\Diactoros\ServerRequest), Object(Laminas\Stratigility\EmptyPipelineHandler))
#49 /home/bzls8g1evy0v/public_html/forum/vendor/laminas/laminas-httphandlerrunner/src/RequestHandlerRunner.php(96): Laminas\Stratigility\MiddlewarePipe->handle(Object(Laminas\Diactoros\ServerRequest))
#50 /home/bzls8g1evy0v/public_html/forum/vendor/flarum/core/src/Http/Server.php(42): Laminas\HttpHandlerRunner\RequestHandlerRunner->run()
#51 /home/bzls8g1evy0v/public_html/forum/public/index.php(26): Flarum\Http\Server->listen()
#52 {main}

Next Doctrine\DBAL\Driver\PDOException: SQLSTATE[23000]: Integrity constraint violation: 1062 Duplicate entry 'sihaozha2-c@my.cityu.edu.hk' for key 'cssaugusers_email_unique' in /home/bzls8g1evy0v/public_html/forum/vendor/doctrine/dbal/lib/Doctrine/DBAL/Driver/PDOStatement.php:131
Stack trace:
#0 /home/bzls8g1evy0v/public_html/forum/vendor/illuminate/database/Connection.php(483): Doctrine\DBAL\Driver\PDOStatement->execute()
#1 /home/bzls8g1evy0v/public_html/forum/vendor/illuminate/database/Connection.php(657): Illuminate\Database\Connection->Illuminate\Database\{closure}('update `cssaugu...', Array)
#2 /home/bzls8g1evy0v/public_html/forum/vendor/illuminate/database/Connection.php(624): Illuminate\Database\Connection->runQueryCallback('update `cssaugu...', Array, Object(Closure))
#3 /home/bzls8g1evy0v/public_html/forum/vendor/illuminate/database/Connection.php(490): Illuminate\Database\Connection->run('update `cssaugu...', Array, Object(Closure))
#4 /home/bzls8g1evy0v/public_html/forum/vendor/illuminate/database/Connection.php(423): Illuminate\Database\Connection->affectingStatement('update `cssaugu...', Array)
#5 /home/bzls8g1evy0v/public_html/forum/vendor/illuminate/database/Query/Builder.php(2659): Illuminate\Database\Connection->update('update `cssaugu...', Array)
#6 /home/bzls8g1evy0v/public_html/forum/vendor/illuminate/database/Eloquent/Builder.php(818): Illuminate\Database\Query\Builder->update(Array)
#7 /home/bzls8g1evy0v/public_html/forum/vendor/illuminate/database/Eloquent/Model.php(729): Illuminate\Database\Eloquent\Builder->update(Array)
#8 /home/bzls8g1evy0v/public_html/forum/vendor/illuminate/database/Eloquent/Model.php(644): Illuminate\Database\Eloquent\Model->performUpdate(Object(Illuminate\Database\Eloquent\Builder))
#9 /home/bzls8g1evy0v/public_html/forum/vendor/flarum/core/src/User/Command/ConfirmEmailHandler.php(49): Illuminate\Database\Eloquent\Model->save()
#10 /home/bzls8g1evy0v/public_html/forum/vendor/illuminate/bus/Dispatcher.php(90): Flarum\User\Command\ConfirmEmailHandler->handle(Object(Flarum\User\Command\ConfirmEmail))
#11 /home/bzls8g1evy0v/public_html/forum/vendor/illuminate/pipeline/Pipeline.php(128): Illuminate\Bus\Dispatcher->Illuminate\Bus\{closure}(Object(Flarum\User\Command\ConfirmEmail))
#12 /home/bzls8g1evy0v/public_html/forum/vendor/illuminate/pipeline/Pipeline.php(104): Illuminate\Pipeline\Pipeline->Illuminate\Pipeline\{closure}(Object(Flarum\User\Command\ConfirmEmail))
#13 /home/bzls8g1evy0v/public_html/forum/vendor/illuminate/bus/Dispatcher.php(98): Illuminate\Pipeline\Pipeline->then(Object(Closure))
#14 /home/bzls8g1evy0v/public_html/forum/vendor/illuminate/bus/Dispatcher.php(76): Illuminate\Bus\Dispatcher->dispatchNow(Object(Flarum\User\Command\ConfirmEmail))
#15 /home/bzls8g1evy0v/public_html/forum/vendor/flarum/core/src/Forum/Controller/ConfirmEmailController.php(60): Illuminate\Bus\Dispatcher->dispatch(Object(Flarum\User\Command\ConfirmEmail))
#16 /home/bzls8g1evy0v/public_html/forum/vendor/flarum/core/src/Http/RouteHandlerFactory.php(38): Flarum\Forum\Controller\ConfirmEmailController->handle(Object(Laminas\Diactoros\ServerRequest))
#17 /home/bzls8g1evy0v/public_html/forum/vendor/flarum/core/src/Http/Middleware/DispatchRoute.php(65): Flarum\Http\RouteHandlerFactory->Flarum\Http\{closure}(Object(Laminas\Diactoros\ServerRequest), Array)
#18 /home/bzls8g1evy0v/public_html/forum/vendor/laminas/laminas-stratigility/src/Next.php(61): Flarum\Http\Middleware\DispatchRoute->process(Object(Laminas\Diactoros\ServerRequest), Object(Closure))
#19 /home/bzls8g1evy0v/public_html/forum/vendor/flarum/core/src/Http/Middleware/ShareErrorsFromSession.php(57): Laminas\Stratigility\Next->handle(Object(Laminas\Diactoros\ServerRequest))
#20 /home/bzls8g1evy0v/public_html/forum/vendor/laminas/laminas-stratigility/src/Next.php(61): Flarum\Http\Middleware\ShareErrorsFromSession->process(Object(Laminas\Diactoros\ServerRequest), Object(Laminas\Stratigility\Next))
#21 /home/bzls8g1evy0v/public_html/forum/vendor/flarum/core/src/Http/Middleware/SetLocale.php(50): Laminas\Stratigility\Next->handle(Object(Laminas\Diactoros\ServerRequest))
#22 /home/bzls8g1evy0v/public_html/forum/vendor/laminas/laminas-stratigility/src/Next.php(61): Flarum\Http\Middleware\SetLocale->process(Object(Laminas\Diactoros\ServerRequest), Object(Laminas\Stratigility\Next))
#23 /home/bzls8g1evy0v/public_html/forum/vendor/flarum/core/src/Http/Middleware/CheckCsrfToken.php(37): Laminas\Stratigility\Next->handle(Object(Laminas\Diactoros\ServerRequest))
#24 /home/bzls8g1evy0v/public_html/forum/vendor/laminas/laminas-stratigility/src/Next.php(61): Flarum\Http\Middleware\CheckCsrfToken->process(Object(Laminas\Diactoros\ServerRequest), Object(Laminas\Stratigility\Next))
#25 /home/bzls8g1evy0v/public_html/forum/vendor/flarum/core/src/Http/Middleware/AuthenticateWithSession.php(32): Laminas\Stratigility\Next->handle(Object(Laminas\Diactoros\ServerRequest))
#26 /home/bzls8g1evy0v/public_html/forum/vendor/laminas/laminas-stratigility/src/Next.php(61): Flarum\Http\Middleware\AuthenticateWithSession->process(Object(Laminas\Diactoros\ServerRequest), Object(Laminas\Stratigility\Next))
#27 /home/bzls8g1evy0v/public_html/forum/vendor/flarum/core/src/Http/Middleware/RememberFromCookie.php(51): Laminas\Stratigility\Next->handle(Object(Laminas\Diactoros\ServerRequest))
#28 /home/bzls8g1evy0v/public_html/forum/vendor/laminas/laminas-stratigility/src/Next.php(61): Flarum\Http\Middleware\RememberFromCookie->process(Object(Laminas\Diactoros\ServerRequest), Object(Laminas\Stratigility\Next))
#29 /home/bzls8g1evy0v/public_html/forum/vendor/flarum/core/src/Http/Middleware/StartSession.php(61): Laminas\Stratigility\Next->handle(Object(Laminas\Diactoros\ServerRequest))
#30 /home/bzls8g1evy0v/public_html/forum/vendor/laminas/laminas-stratigility/src/Next.php(61): Flarum\Http\Middleware\StartSession->process(Object(Laminas\Diactoros\ServerRequest), Object(Laminas\Stratigility\Next))
#31 /home/bzls8g1evy0v/public_html/forum/vendor/flarum/core/src/Http/Middleware/CollectGarbage.php(46): Laminas\Stratigility\Next->handle(Object(Laminas\Diactoros\ServerRequest))
#32 /home/bzls8g1evy0v/public_html/forum/vendor/laminas/laminas-stratigility/src/Next.php(61): Flarum\Http\Middleware\CollectGarbage->process(Object(Laminas\Diactoros\ServerRequest), Object(Laminas\Stratigility\Next))
#33 /home/bzls8g1evy0v/public_html/forum/vendor/flarum/core/src/Http/Middleware/ParseJsonBody.php(28): Laminas\Stratigility\Next->handle(Object(Laminas\Diactoros\ServerRequest))
#34 /home/bzls8g1evy0v/public_html/forum/vendor/laminas/laminas-stratigility/src/Next.php(61): Flarum\Http\Middleware\ParseJsonBody->process(Object(Laminas\Diactoros\ServerRequest), Object(Laminas\Stratigility\Next))
#35 /home/bzls8g1evy0v/public_html/forum/vendor/flarum/core/src/Http/Middleware/HandleErrors.php(57): Laminas\Stratigility\Next->handle(Object(Laminas\Diactoros\ServerRequest))
#36 /home/bzls8g1evy0v/public_html/forum/vendor/laminas/laminas-stratigility/src/Next.php(61): Flarum\Http\Middleware\HandleErrors->process(Object(Laminas\Diactoros\ServerRequest), Object(Laminas\Stratigility\Next))
#37 /home/bzls8g1evy0v/public_html/forum/vendor/laminas/laminas-stratigility/src/MiddlewarePipe.php(84): Laminas\Stratigility\Next->handle(Object(Laminas\Diactoros\ServerRequest))
#38 /home/bzls8g1evy0v/public_html/forum/vendor/middlewares/request-handler/src/RequestHandler.php(84): Laminas\Stratigility\MiddlewarePipe->process(Object(Laminas\Diactoros\ServerRequest), Object(Laminas\Stratigility\Next))
#39 /home/bzls8g1evy0v/public_html/forum/vendor/laminas/laminas-stratigility/src/Next.php(61): Middlewares\RequestHandler->process(Object(Laminas\Diactoros\ServerRequest), Object(Laminas\Stratigility\Next))
#40 /home/bzls8g1evy0v/public_html/forum/vendor/middlewares/base-path-router/src/BasePathRouter.php(97): Laminas\Stratigility\Next->handle(Object(Laminas\Diactoros\ServerRequest))
#41 /home/bzls8g1evy0v/public_html/forum/vendor/laminas/laminas-stratigility/src/Next.php(61): Middlewares\BasePathRouter->process(Object(Laminas\Diactoros\ServerRequest), Object(Laminas\Stratigility\Next))
#42 /home/bzls8g1evy0v/public_html/forum/vendor/laminas/laminas-stratigility/src/Middleware/OriginalMessages.php(42): Laminas\Stratigility\Next->handle(Object(Laminas\Diactoros\ServerRequest))
#43 /home/bzls8g1evy0v/public_html/forum/vendor/laminas/laminas-stratigility/src/Next.php(61): Laminas\Stratigility\Middleware\OriginalMessages->process(Object(Laminas\Diactoros\ServerRequest), Object(Laminas\Stratigility\Next))
#44 /home/bzls8g1evy0v/public_html/forum/vendor/middlewares/base-path/src/BasePath.php(53): Laminas\Stratigility\Next->handle(Object(Laminas\Diactoros\ServerRequest))
#45 /home/bzls8g1evy0v/public_html/forum/vendor/laminas/laminas-stratigility/src/Next.php(61): Middlewares\BasePath->process(Object(Laminas\Diactoros\ServerRequest), Object(Laminas\Stratigility\Next))
#46 /home/bzls8g1evy0v/public_html/forum/vendor/laminas/laminas-stratigility/src/MiddlewarePipe.php(84): Laminas\Stratigility\Next->handle(Object(Laminas\Diactoros\ServerRequest))
#47 /home/bzls8g1evy0v/public_html/forum/vendor/laminas/laminas-stratigility/src/MiddlewarePipe.php(73): Laminas\Stratigility\MiddlewarePipe->process(Object(Laminas\Diactoros\ServerRequest), Object(Laminas\Stratigility\EmptyPipelineHandler))
#48 /home/bzls8g1evy0v/public_html/forum/vendor/laminas/laminas-httphandlerrunner/src/RequestHandlerRunner.php(96): Laminas\Stratigility\MiddlewarePipe->handle(Object(Laminas\Diactoros\ServerRequest))
#49 /home/bzls8g1evy0v/public_html/forum/vendor/flarum/core/src/Http/Server.php(42): Laminas\HttpHandlerRunner\RequestHandlerRunner->run()
#50 /home/bzls8g1evy0v/public_html/forum/public/index.php(26): Flarum\Http\Server->listen()
#51 {main}

Next Illuminate\Database\QueryException: SQLSTATE[23000]: Integrity constraint violation: 1062 Duplicate entry 'sihaozha2-c@my.cityu.edu.hk' for key 'cssaugusers_email_unique' (SQL: update `cssaugusers` set `email` = sihaozha2-c@my.cityu.edu.hk, `is_email_confirmed` = 1 where `id` = 148) in /home/bzls8g1evy0v/public_html/forum/vendor/illuminate/database/Connection.php:664
Stack trace:
#0 /home/bzls8g1evy0v/public_html/forum/vendor/illuminate/database/Connection.php(624): Illuminate\Database\Connection->runQueryCallback('update `cssaugu...', Array, Object(Closure))
#1 /home/bzls8g1evy0v/public_html/forum/vendor/illuminate/database/Connection.php(490): Illuminate\Database\Connection->run('update `cssaugu...', Array, Object(Closure))
#2 /home/bzls8g1evy0v/public_html/forum/vendor/illuminate/database/Connection.php(423): Illuminate\Database\Connection->affectingStatement('update `cssaugu...', Array)
#3 /home/bzls8g1evy0v/public_html/forum/vendor/illuminate/database/Query/Builder.php(2659): Illuminate\Database\Connection->update('update `cssaugu...', Array)
#4 /home/bzls8g1evy0v/public_html/forum/vendor/illuminate/database/Eloquent/Builder.php(818): Illuminate\Database\Query\Builder->update(Array)
#5 /home/bzls8g1evy0v/public_html/forum/vendor/illuminate/database/Eloquent/Model.php(729): Illuminate\Database\Eloquent\Builder->update(Array)
#6 /home/bzls8g1evy0v/public_html/forum/vendor/illuminate/database/Eloquent/Model.php(644): Illuminate\Database\Eloquent\Model->performUpdate(Object(Illuminate\Database\Eloquent\Builder))
#7 /home/bzls8g1evy0v/public_html/forum/vendor/flarum/core/src/User/Command/ConfirmEmailHandler.php(49): Illuminate\Database\Eloquent\Model->save()
#8 /home/bzls8g1evy0v/public_html/forum/vendor/illuminate/bus/Dispatcher.php(90): Flarum\User\Command\ConfirmEmailHandler->handle(Object(Flarum\User\Command\ConfirmEmail))
#9 /home/bzls8g1evy0v/public_html/forum/vendor/illuminate/pipeline/Pipeline.php(128): Illuminate\Bus\Dispatcher->Illuminate\Bus\{closure}(Object(Flarum\User\Command\ConfirmEmail))
#10 /home/bzls8g1evy0v/public_html/forum/vendor/illuminate/pipeline/Pipeline.php(104): Illuminate\Pipeline\Pipeline->Illuminate\Pipeline\{closure}(Object(Flarum\User\Command\ConfirmEmail))
#11 /home/bzls8g1evy0v/public_html/forum/vendor/illuminate/bus/Dispatcher.php(98): Illuminate\Pipeline\Pipeline->then(Object(Closure))
#12 /home/bzls8g1evy0v/public_html/forum/vendor/illuminate/bus/Dispatcher.php(76): Illuminate\Bus\Dispatcher->dispatchNow(Object(Flarum\User\Command\ConfirmEmail))
#13 /home/bzls8g1evy0v/public_html/forum/vendor/flarum/core/src/Forum/Controller/ConfirmEmailController.php(60): Illuminate\Bus\Dispatcher->dispatch(Object(Flarum\User\Command\ConfirmEmail))
#14 /home/bzls8g1evy0v/public_html/forum/vendor/flarum/core/src/Http/RouteHandlerFactory.php(38): Flarum\Forum\Controller\ConfirmEmailController->handle(Object(Laminas\Diactoros\ServerRequest))
#15 /home/bzls8g1evy0v/public_html/forum/vendor/flarum/core/src/Http/Middleware/DispatchRoute.php(65): Flarum\Http\RouteHandlerFactory->Flarum\Http\{closure}(Object(Laminas\Diactoros\ServerRequest), Array)
#16 /home/bzls8g1evy0v/public_html/forum/vendor/laminas/laminas-stratigility/src/Next.php(61): Flarum\Http\Middleware\DispatchRoute->process(Object(Laminas\Diactoros\ServerRequest), Object(Closure))
#17 /home/bzls8g1evy0v/public_html/forum/vendor/flarum/core/src/Http/Middleware/ShareErrorsFromSession.php(57): Laminas\Stratigility\Next->handle(Object(Laminas\Diactoros\ServerRequest))
#18 /home/bzls8g1evy0v/public_html/forum/vendor/laminas/laminas-stratigility/src/Next.php(61): Flarum\Http\Middleware\ShareErrorsFromSession->process(Object(Laminas\Diactoros\ServerRequest), Object(Laminas\Stratigility\Next))
#19 /home/bzls8g1evy0v/public_html/forum/vendor/flarum/core/src/Http/Middleware/SetLocale.php(50): Laminas\Stratigility\Next->handle(Object(Laminas\Diactoros\ServerRequest))
#20 /home/bzls8g1evy0v/public_html/forum/vendor/laminas/laminas-stratigility/src/Next.php(61): Flarum\Http\Middleware\SetLocale->process(Object(Laminas\Diactoros\ServerRequest), Object(Laminas\Stratigility\Next))
#21 /home/bzls8g1evy0v/public_html/forum/vendor/flarum/core/src/Http/Middleware/CheckCsrfToken.php(37): Laminas\Stratigility\Next->handle(Object(Laminas\Diactoros\ServerRequest))
#22 /home/bzls8g1evy0v/public_html/forum/vendor/laminas/laminas-stratigility/src/Next.php(61): Flarum\Http\Middleware\CheckCsrfToken->process(Object(Laminas\Diactoros\ServerRequest), Object(Laminas\Stratigility\Next))
#23 /home/bzls8g1evy0v/public_html/forum/vendor/flarum/core/src/Http/Middleware/AuthenticateWithSession.php(32): Laminas\Stratigility\Next->handle(Object(Laminas\Diactoros\ServerRequest))
#24 /home/bzls8g1evy0v/public_html/forum/vendor/laminas/laminas-stratigility/src/Next.php(61): Flarum\Http\Middleware\AuthenticateWithSession->process(Object(Laminas\Diactoros\ServerRequest), Object(Laminas\Stratigility\Next))
#25 /home/bzls8g1evy0v/public_html/forum/vendor/flarum/core/src/Http/Middleware/RememberFromCookie.php(51): Laminas\Stratigility\Next->handle(Object(Laminas\Diactoros\ServerRequest))
#26 /home/bzls8g1evy0v/public_html/forum/vendor/laminas/laminas-stratigility/src/Next.php(61): Flarum\Http\Middleware\RememberFromCookie->process(Object(Laminas\Diactoros\ServerRequest), Object(Laminas\Stratigility\Next))
#27 /home/bzls8g1evy0v/public_html/forum/vendor/flarum/core/src/Http/Middleware/StartSession.php(61): Laminas\Stratigility\Next->handle(Object(Laminas\Diactoros\ServerRequest))
#28 /home/bzls8g1evy0v/public_html/forum/vendor/laminas/laminas-stratigility/src/Next.php(61): Flarum\Http\Middleware\StartSession->process(Object(Laminas\Diactoros\ServerRequest), Object(Laminas\Stratigility\Next))
#29 /home/bzls8g1evy0v/public_html/forum/vendor/flarum/core/src/Http/Middleware/CollectGarbage.php(46): Laminas\Stratigility\Next->handle(Object(Laminas\Diactoros\ServerRequest))
#30 /home/bzls8g1evy0v/public_html/forum/vendor/laminas/laminas-stratigility/src/Next.php(61): Flarum\Http\Middleware\CollectGarbage->process(Object(Laminas\Diactoros\ServerRequest), Object(Laminas\Stratigility\Next))
#31 /home/bzls8g1evy0v/public_html/forum/vendor/flarum/core/src/Http/Middleware/ParseJsonBody.php(28): Laminas\Stratigility\Next->handle(Object(Laminas\Diactoros\ServerRequest))
#32 /home/bzls8g1evy0v/public_html/forum/vendor/laminas/laminas-stratigility/src/Next.php(61): Flarum\Http\Middleware\ParseJsonBody->process(Object(Laminas\Diactoros\ServerRequest), Object(Laminas\Stratigility\Next))
#33 /home/bzls8g1evy0v/public_html/forum/vendor/flarum/core/src/Http/Middleware/HandleErrors.php(57): Laminas\Stratigility\Next->handle(Object(Laminas\Diactoros\ServerRequest))
#34 /home/bzls8g1evy0v/public_html/forum/vendor/laminas/laminas-stratigility/src/Next.php(61): Flarum\Http\Middleware\HandleErrors->process(Object(Laminas\Diactoros\ServerRequest), Object(Laminas\Stratigility\Next))
#35 /home/bzls8g1evy0v/public_html/forum/vendor/laminas/laminas-stratigility/src/MiddlewarePipe.php(84): Laminas\Stratigility\Next->handle(Object(Laminas\Diactoros\ServerRequest))
#36 /home/bzls8g1evy0v/public_html/forum/vendor/middlewares/request-handler/src/RequestHandler.php(84): Laminas\Stratigility\MiddlewarePipe->process(Object(Laminas\Diactoros\ServerRequest), Object(Laminas\Stratigility\Next))
#37 /home/bzls8g1evy0v/public_html/forum/vendor/laminas/laminas-stratigility/src/Next.php(61): Middlewares\RequestHandler->process(Object(Laminas\Diactoros\ServerRequest), Object(Laminas\Stratigility\Next))
#38 /home/bzls8g1evy0v/public_html/forum/vendor/middlewares/base-path-router/src/BasePathRouter.php(97): Laminas\Stratigility\Next->handle(Object(Laminas\Diactoros\ServerRequest))
#39 /home/bzls8g1evy0v/public_html/forum/vendor/laminas/laminas-stratigility/src/Next.php(61): Middlewares\BasePathRouter->process(Object(Laminas\Diactoros\ServerRequest), Object(Laminas\Stratigility\Next))
#40 /home/bzls8g1evy0v/public_html/forum/vendor/laminas/laminas-stratigility/src/Middleware/OriginalMessages.php(42): Laminas\Stratigility\Next->handle(Object(Laminas\Diactoros\ServerRequest))
#41 /home/bzls8g1evy0v/public_html/forum/vendor/laminas/laminas-stratigility/src/Next.php(61): Laminas\Stratigility\Middleware\OriginalMessages->process(Object(Laminas\Diactoros\ServerRequest), Object(Laminas\Stratigility\Next))
#42 /home/bzls8g1evy0v/public_html/forum/vendor/middlewares/base-path/src/BasePath.php(53): Laminas\Stratigility\Next->handle(Object(Laminas\Diactoros\ServerRequest))
#43 /home/bzls8g1evy0v/public_html/forum/vendor/laminas/laminas-stratigility/src/Next.php(61): Middlewares\BasePath->process(Object(Laminas\Diactoros\ServerRequest), Object(Laminas\Stratigility\Next))
#44 /home/bzls8g1evy0v/public_html/forum/vendor/laminas/laminas-stratigility/src/MiddlewarePipe.php(84): Laminas\Stratigility\Next->handle(Object(Laminas\Diactoros\ServerRequest))
#45 /home/bzls8g1evy0v/public_html/forum/vendor/laminas/laminas-stratigility/src/MiddlewarePipe.php(73): Laminas\Stratigility\MiddlewarePipe->process(Object(Laminas\Diactoros\ServerRequest), Object(Laminas\Stratigility\EmptyPipelineHandler))
#46 /home/bzls8g1evy0v/public_html/forum/vendor/laminas/laminas-httphandlerrunner/src/RequestHandlerRunner.php(96): Laminas\Stratigility\MiddlewarePipe->handle(Object(Laminas\Diactoros\ServerRequest))
#47 /home/bzls8g1evy0v/public_html/forum/vendor/flarum/core/src/Http/Server.php(42): Laminas\HttpHandlerRunner\RequestHandlerRunner->run()
#48 /home/bzls8g1evy0v/public_html/forum/public/index.php(26): Flarum\Http\Server->listen()
#49 {main}  
[2020-10-22 13:11:34] production.ERROR: PDOException: SQLSTATE[23000]: Integrity constraint violation: 1062 Duplicate entry 'sihaozha2-c@my.cityu.edu.hk' for key 'cssaugusers_email_unique' in /home/bzls8g1evy0v/public_html/forum/vendor/doctrine/dbal/lib/Doctrine/DBAL/Driver/PDOStatement.php:129
Stack trace:
#0 /home/bzls8g1evy0v/public_html/forum/vendor/doctrine/dbal/lib/Doctrine/DBAL/Driver/PDOStatement.php(129): PDOStatement->execute(NULL)
#1 /home/bzls8g1evy0v/public_html/forum/vendor/illuminate/database/Connection.php(483): Doctrine\DBAL\Driver\PDOStatement->execute()
#2 /home/bzls8g1evy0v/public_html/forum/vendor/illuminate/database/Connection.php(657): Illuminate\Database\Connection->Illuminate\Database\{closure}('update `cssaugu...', Array)
#3 /home/bzls8g1evy0v/public_html/forum/vendor/illuminate/database/Connection.php(624): Illuminate\Database\Connection->runQueryCallback('update `cssaugu...', Array, Object(Closure))
#4 /home/bzls8g1evy0v/public_html/forum/vendor/illuminate/database/Connection.php(490): Illuminate\Database\Connection->run('update `cssaugu...', Array, Object(Closure))
#5 /home/bzls8g1evy0v/public_html/forum/vendor/illuminate/database/Connection.php(423): Illuminate\Database\Connection->affectingStatement('update `cssaugu...', Array)
#6 /home/bzls8g1evy0v/public_html/forum/vendor/illuminate/database/Query/Builder.php(2659): Illuminate\Database\Connection->update('update `cssaugu...', Array)
#7 /home/bzls8g1evy0v/public_html/forum/vendor/illuminate/database/Eloquent/Builder.php(818): Illuminate\Database\Query\Builder->update(Array)
#8 /home/bzls8g1evy0v/public_html/forum/vendor/illuminate/database/Eloquent/Model.php(729): Illuminate\Database\Eloquent\Builder->update(Array)
#9 /home/bzls8g1evy0v/public_html/forum/vendor/illuminate/database/Eloquent/Model.php(644): Illuminate\Database\Eloquent\Model->performUpdate(Object(Illuminate\Database\Eloquent\Builder))
#10 /home/bzls8g1evy0v/public_html/forum/vendor/flarum/core/src/User/Command/ConfirmEmailHandler.php(49): Illuminate\Database\Eloquent\Model->save()
#11 /home/bzls8g1evy0v/public_html/forum/vendor/illuminate/bus/Dispatcher.php(90): Flarum\User\Command\ConfirmEmailHandler->handle(Object(Flarum\User\Command\ConfirmEmail))
#12 /home/bzls8g1evy0v/public_html/forum/vendor/illuminate/pipeline/Pipeline.php(128): Illuminate\Bus\Dispatcher->Illuminate\Bus\{closure}(Object(Flarum\User\Command\ConfirmEmail))
#13 /home/bzls8g1evy0v/public_html/forum/vendor/illuminate/pipeline/Pipeline.php(104): Illuminate\Pipeline\Pipeline->Illuminate\Pipeline\{closure}(Object(Flarum\User\Command\ConfirmEmail))
#14 /home/bzls8g1evy0v/public_html/forum/vendor/illuminate/bus/Dispatcher.php(98): Illuminate\Pipeline\Pipeline->then(Object(Closure))
#15 /home/bzls8g1evy0v/public_html/forum/vendor/illuminate/bus/Dispatcher.php(76): Illuminate\Bus\Dispatcher->dispatchNow(Object(Flarum\User\Command\ConfirmEmail))
#16 /home/bzls8g1evy0v/public_html/forum/vendor/flarum/core/src/Forum/Controller/ConfirmEmailController.php(60): Illuminate\Bus\Dispatcher->dispatch(Object(Flarum\User\Command\ConfirmEmail))
#17 /home/bzls8g1evy0v/public_html/forum/vendor/flarum/core/src/Http/RouteHandlerFactory.php(38): Flarum\Forum\Controller\ConfirmEmailController->handle(Object(Laminas\Diactoros\ServerRequest))
#18 /home/bzls8g1evy0v/public_html/forum/vendor/flarum/core/src/Http/Middleware/DispatchRoute.php(65): Flarum\Http\RouteHandlerFactory->Flarum\Http\{closure}(Object(Laminas\Diactoros\ServerRequest), Array)
#19 /home/bzls8g1evy0v/public_html/forum/vendor/laminas/laminas-stratigility/src/Next.php(61): Flarum\Http\Middleware\DispatchRoute->process(Object(Laminas\Diactoros\ServerRequest), Object(Closure))
#20 /home/bzls8g1evy0v/public_html/forum/vendor/flarum/core/src/Http/Middleware/ShareErrorsFromSession.php(57): Laminas\Stratigility\Next->handle(Object(Laminas\Diactoros\ServerRequest))
#21 /home/bzls8g1evy0v/public_html/forum/vendor/laminas/laminas-stratigility/src/Next.php(61): Flarum\Http\Middleware\ShareErrorsFromSession->process(Object(Laminas\Diactoros\ServerRequest), Object(Laminas\Stratigility\Next))
#22 /home/bzls8g1evy0v/public_html/forum/vendor/flarum/core/src/Http/Middleware/SetLocale.php(50): Laminas\Stratigility\Next->handle(Object(Laminas\Diactoros\ServerRequest))
#23 /home/bzls8g1evy0v/public_html/forum/vendor/laminas/laminas-stratigility/src/Next.php(61): Flarum\Http\Middleware\SetLocale->process(Object(Laminas\Diactoros\ServerRequest), Object(Laminas\Stratigility\Next))
#24 /home/bzls8g1evy0v/public_html/forum/vendor/flarum/core/src/Http/Middleware/CheckCsrfToken.php(37): Laminas\Stratigility\Next->handle(Object(Laminas\Diactoros\ServerRequest))
#25 /home/bzls8g1evy0v/public_html/forum/vendor/laminas/laminas-stratigility/src/Next.php(61): Flarum\Http\Middleware\CheckCsrfToken->process(Object(Laminas\Diactoros\ServerRequest), Object(Laminas\Stratigility\Next))
#26 /home/bzls8g1evy0v/public_html/forum/vendor/flarum/core/src/Http/Middleware/AuthenticateWithSession.php(32): Laminas\Stratigility\Next->handle(Object(Laminas\Diactoros\ServerRequest))
#27 /home/bzls8g1evy0v/public_html/forum/vendor/laminas/laminas-stratigility/src/Next.php(61): Flarum\Http\Middleware\AuthenticateWithSession->process(Object(Laminas\Diactoros\ServerRequest), Object(Laminas\Stratigility\Next))
#28 /home/bzls8g1evy0v/public_html/forum/vendor/flarum/core/src/Http/Middleware/RememberFromCookie.php(51): Laminas\Stratigility\Next->handle(Object(Laminas\Diactoros\ServerRequest))
#29 /home/bzls8g1evy0v/public_html/forum/vendor/laminas/laminas-stratigility/src/Next.php(61): Flarum\Http\Middleware\RememberFromCookie->process(Object(Laminas\Diactoros\ServerRequest), Object(Laminas\Stratigility\Next))
#30 /home/bzls8g1evy0v/public_html/forum/vendor/flarum/core/src/Http/Middleware/StartSession.php(61): Laminas\Stratigility\Next->handle(Object(Laminas\Diactoros\ServerRequest))
#31 /home/bzls8g1evy0v/public_html/forum/vendor/laminas/laminas-stratigility/src/Next.php(61): Flarum\Http\Middleware\StartSession->process(Object(Laminas\Diactoros\ServerRequest), Object(Laminas\Stratigility\Next))
#32 /home/bzls8g1evy0v/public_html/forum/vendor/flarum/core/src/Http/Middleware/CollectGarbage.php(46): Laminas\Stratigility\Next->handle(Object(Laminas\Diactoros\ServerRequest))
#33 /home/bzls8g1evy0v/public_html/forum/vendor/laminas/laminas-stratigility/src/Next.php(61): Flarum\Http\Middleware\CollectGarbage->process(Object(Laminas\Diactoros\ServerRequest), Object(Laminas\Stratigility\Next))
#34 /home/bzls8g1evy0v/public_html/forum/vendor/flarum/core/src/Http/Middleware/ParseJsonBody.php(28): Laminas\Stratigility\Next->handle(Object(Laminas\Diactoros\ServerRequest))
#35 /home/bzls8g1evy0v/public_html/forum/vendor/laminas/laminas-stratigility/src/Next.php(61): Flarum\Http\Middleware\ParseJsonBody->process(Object(Laminas\Diactoros\ServerRequest), Object(Laminas\Stratigility\Next))
#36 /home/bzls8g1evy0v/public_html/forum/vendor/flarum/core/src/Http/Middleware/HandleErrors.php(57): Laminas\Stratigility\Next->handle(Object(Laminas\Diactoros\ServerRequest))
#37 /home/bzls8g1evy0v/public_html/forum/vendor/laminas/laminas-stratigility/src/Next.php(61): Flarum\Http\Middleware\HandleErrors->process(Object(Laminas\Diactoros\ServerRequest), Object(Laminas\Stratigility\Next))
#38 /home/bzls8g1evy0v/public_html/forum/vendor/laminas/laminas-stratigility/src/MiddlewarePipe.php(84): Laminas\Stratigility\Next->handle(Object(Laminas\Diactoros\ServerRequest))
#39 /home/bzls8g1evy0v/public_html/forum/vendor/middlewares/request-handler/src/RequestHandler.php(84): Laminas\Stratigility\MiddlewarePipe->process(Object(Laminas\Diactoros\ServerRequest), Object(Laminas\Stratigility\Next))
#40 /home/bzls8g1evy0v/public_html/forum/vendor/laminas/laminas-stratigility/src/Next.php(61): Middlewares\RequestHandler->process(Object(Laminas\Diactoros\ServerRequest), Object(Laminas\Stratigility\Next))
#41 /home/bzls8g1evy0v/public_html/forum/vendor/middlewares/base-path-router/src/BasePathRouter.php(97): Laminas\Stratigility\Next->handle(Object(Laminas\Diactoros\ServerRequest))
#42 /home/bzls8g1evy0v/public_html/forum/vendor/laminas/laminas-stratigility/src/Next.php(61): Middlewares\BasePathRouter->process(Object(Laminas\Diactoros\ServerRequest), Object(Laminas\Stratigility\Next))
#43 /home/bzls8g1evy0v/public_html/forum/vendor/laminas/laminas-stratigility/src/Middleware/OriginalMessages.php(42): Laminas\Stratigility\Next->handle(Object(Laminas\Diactoros\ServerRequest))
#44 /home/bzls8g1evy0v/public_html/forum/vendor/laminas/laminas-stratigility/src/Next.php(61): Laminas\Stratigility\Middleware\OriginalMessages->process(Object(Laminas\Diactoros\ServerRequest), Object(Laminas\Stratigility\Next))
#45 /home/bzls8g1evy0v/public_html/forum/vendor/middlewares/base-path/src/BasePath.php(53): Laminas\Stratigility\Next->handle(Object(Laminas\Diactoros\ServerRequest))
#46 /home/bzls8g1evy0v/public_html/forum/vendor/laminas/laminas-stratigility/src/Next.php(61): Middlewares\BasePath->process(Object(Laminas\Diactoros\ServerRequest), Object(Laminas\Stratigility\Next))
#47 /home/bzls8g1evy0v/public_html/forum/vendor/laminas/laminas-stratigility/src/MiddlewarePipe.php(84): Laminas\Stratigility\Next->handle(Object(Laminas\Diactoros\ServerRequest))
#48 /home/bzls8g1evy0v/public_html/forum/vendor/laminas/laminas-stratigility/src/MiddlewarePipe.php(73): Laminas\Stratigility\MiddlewarePipe->process(Object(Laminas\Diactoros\ServerRequest), Object(Laminas\Stratigility\EmptyPipelineHandler))
#49 /home/bzls8g1evy0v/public_html/forum/vendor/laminas/laminas-httphandlerrunner/src/RequestHandlerRunner.php(96): Laminas\Stratigility\MiddlewarePipe->handle(Object(Laminas\Diactoros\ServerRequest))
#50 /home/bzls8g1evy0v/public_html/forum/vendor/flarum/core/src/Http/Server.php(42): Laminas\HttpHandlerRunner\RequestHandlerRunner->run()
#51 /home/bzls8g1evy0v/public_html/forum/public/index.php(26): Flarum\Http\Server->listen()
#52 {main}

Next Doctrine\DBAL\Driver\PDOException: SQLSTATE[23000]: Integrity constraint violation: 1062 Duplicate entry 'sihaozha2-c@my.cityu.edu.hk' for key 'cssaugusers_email_unique' in /home/bzls8g1evy0v/public_html/forum/vendor/doctrine/dbal/lib/Doctrine/DBAL/Driver/PDOStatement.php:131
Stack trace:
#0 /home/bzls8g1evy0v/public_html/forum/vendor/illuminate/database/Connection.php(483): Doctrine\DBAL\Driver\PDOStatement->execute()
#1 /home/bzls8g1evy0v/public_html/forum/vendor/illuminate/database/Connection.php(657): Illuminate\Database\Connection->Illuminate\Database\{closure}('update `cssaugu...', Array)
#2 /home/bzls8g1evy0v/public_html/forum/vendor/illuminate/database/Connection.php(624): Illuminate\Database\Connection->runQueryCallback('update `cssaugu...', Array, Object(Closure))
#3 /home/bzls8g1evy0v/public_html/forum/vendor/illuminate/database/Connection.php(490): Illuminate\Database\Connection->run('update `cssaugu...', Array, Object(Closure))
#4 /home/bzls8g1evy0v/public_html/forum/vendor/illuminate/database/Connection.php(423): Illuminate\Database\Connection->affectingStatement('update `cssaugu...', Array)
#5 /home/bzls8g1evy0v/public_html/forum/vendor/illuminate/database/Query/Builder.php(2659): Illuminate\Database\Connection->update('update `cssaugu...', Array)
#6 /home/bzls8g1evy0v/public_html/forum/vendor/illuminate/database/Eloquent/Builder.php(818): Illuminate\Database\Query\Builder->update(Array)
#7 /home/bzls8g1evy0v/public_html/forum/vendor/illuminate/database/Eloquent/Model.php(729): Illuminate\Database\Eloquent\Builder->update(Array)
#8 /home/bzls8g1evy0v/public_html/forum/vendor/illuminate/database/Eloquent/Model.php(644): Illuminate\Database\Eloquent\Model->performUpdate(Object(Illuminate\Database\Eloquent\Builder))
#9 /home/bzls8g1evy0v/public_html/forum/vendor/flarum/core/src/User/Command/ConfirmEmailHandler.php(49): Illuminate\Database\Eloquent\Model->save()
#10 /home/bzls8g1evy0v/public_html/forum/vendor/illuminate/bus/Dispatcher.php(90): Flarum\User\Command\ConfirmEmailHandler->handle(Object(Flarum\User\Command\ConfirmEmail))
#11 /home/bzls8g1evy0v/public_html/forum/vendor/illuminate/pipeline/Pipeline.php(128): Illuminate\Bus\Dispatcher->Illuminate\Bus\{closure}(Object(Flarum\User\Command\ConfirmEmail))
#12 /home/bzls8g1evy0v/public_html/forum/vendor/illuminate/pipeline/Pipeline.php(104): Illuminate\Pipeline\Pipeline->Illuminate\Pipeline\{closure}(Object(Flarum\User\Command\ConfirmEmail))
#13 /home/bzls8g1evy0v/public_html/forum/vendor/illuminate/bus/Dispatcher.php(98): Illuminate\Pipeline\Pipeline->then(Object(Closure))
#14 /home/bzls8g1evy0v/public_html/forum/vendor/illuminate/bus/Dispatcher.php(76): Illuminate\Bus\Dispatcher->dispatchNow(Object(Flarum\User\Command\ConfirmEmail))
#15 /home/bzls8g1evy0v/public_html/forum/vendor/flarum/core/src/Forum/Controller/ConfirmEmailController.php(60): Illuminate\Bus\Dispatcher->dispatch(Object(Flarum\User\Command\ConfirmEmail))
#16 /home/bzls8g1evy0v/public_html/forum/vendor/flarum/core/src/Http/RouteHandlerFactory.php(38): Flarum\Forum\Controller\ConfirmEmailController->handle(Object(Laminas\Diactoros\ServerRequest))
#17 /home/bzls8g1evy0v/public_html/forum/vendor/flarum/core/src/Http/Middleware/DispatchRoute.php(65): Flarum\Http\RouteHandlerFactory->Flarum\Http\{closure}(Object(Laminas\Diactoros\ServerRequest), Array)
#18 /home/bzls8g1evy0v/public_html/forum/vendor/laminas/laminas-stratigility/src/Next.php(61): Flarum\Http\Middleware\DispatchRoute->process(Object(Laminas\Diactoros\ServerRequest), Object(Closure))
#19 /home/bzls8g1evy0v/public_html/forum/vendor/flarum/core/src/Http/Middleware/ShareErrorsFromSession.php(57): Laminas\Stratigility\Next->handle(Object(Laminas\Diactoros\ServerRequest))
#20 /home/bzls8g1evy0v/public_html/forum/vendor/laminas/laminas-stratigility/src/Next.php(61): Flarum\Http\Middleware\ShareErrorsFromSession->process(Object(Laminas\Diactoros\ServerRequest), Object(Laminas\Stratigility\Next))
#21 /home/bzls8g1evy0v/public_html/forum/vendor/flarum/core/src/Http/Middleware/SetLocale.php(50): Laminas\Stratigility\Next->handle(Object(Laminas\Diactoros\ServerRequest))
#22 /home/bzls8g1evy0v/public_html/forum/vendor/laminas/laminas-stratigility/src/Next.php(61): Flarum\Http\Middleware\SetLocale->process(Object(Laminas\Diactoros\ServerRequest), Object(Laminas\Stratigility\Next))
#23 /home/bzls8g1evy0v/public_html/forum/vendor/flarum/core/src/Http/Middleware/CheckCsrfToken.php(37): Laminas\Stratigility\Next->handle(Object(Laminas\Diactoros\ServerRequest))
#24 /home/bzls8g1evy0v/public_html/forum/vendor/laminas/laminas-stratigility/src/Next.php(61): Flarum\Http\Middleware\CheckCsrfToken->process(Object(Laminas\Diactoros\ServerRequest), Object(Laminas\Stratigility\Next))
#25 /home/bzls8g1evy0v/public_html/forum/vendor/flarum/core/src/Http/Middleware/AuthenticateWithSession.php(32): Laminas\Stratigility\Next->handle(Object(Laminas\Diactoros\ServerRequest))
#26 /home/bzls8g1evy0v/public_html/forum/vendor/laminas/laminas-stratigility/src/Next.php(61): Flarum\Http\Middleware\AuthenticateWithSession->process(Object(Laminas\Diactoros\ServerRequest), Object(Laminas\Stratigility\Next))
#27 /home/bzls8g1evy0v/public_html/forum/vendor/flarum/core/src/Http/Middleware/RememberFromCookie.php(51): Laminas\Stratigility\Next->handle(Object(Laminas\Diactoros\ServerRequest))
#28 /home/bzls8g1evy0v/public_html/forum/vendor/laminas/laminas-stratigility/src/Next.php(61): Flarum\Http\Middleware\RememberFromCookie->process(Object(Laminas\Diactoros\ServerRequest), Object(Laminas\Stratigility\Next))
#29 /home/bzls8g1evy0v/public_html/forum/vendor/flarum/core/src/Http/Middleware/StartSession.php(61): Laminas\Stratigility\Next->handle(Object(Laminas\Diactoros\ServerRequest))
#30 /home/bzls8g1evy0v/public_html/forum/vendor/laminas/laminas-stratigility/src/Next.php(61): Flarum\Http\Middleware\StartSession->process(Object(Laminas\Diactoros\ServerRequest), Object(Laminas\Stratigility\Next))
#31 /home/bzls8g1evy0v/public_html/forum/vendor/flarum/core/src/Http/Middleware/CollectGarbage.php(46): Laminas\Stratigility\Next->handle(Object(Laminas\Diactoros\ServerRequest))
#32 /home/bzls8g1evy0v/public_html/forum/vendor/laminas/laminas-stratigility/src/Next.php(61): Flarum\Http\Middleware\CollectGarbage->process(Object(Laminas\Diactoros\ServerRequest), Object(Laminas\Stratigility\Next))
#33 /home/bzls8g1evy0v/public_html/forum/vendor/flarum/core/src/Http/Middleware/ParseJsonBody.php(28): Laminas\Stratigility\Next->handle(Object(Laminas\Diactoros\ServerRequest))
#34 /home/bzls8g1evy0v/public_html/forum/vendor/laminas/laminas-stratigility/src/Next.php(61): Flarum\Http\Middleware\ParseJsonBody->process(Object(Laminas\Diactoros\ServerRequest), Object(Laminas\Stratigility\Next))
#35 /home/bzls8g1evy0v/public_html/forum/vendor/flarum/core/src/Http/Middleware/HandleErrors.php(57): Laminas\Stratigility\Next->handle(Object(Laminas\Diactoros\ServerRequest))
#36 /home/bzls8g1evy0v/public_html/forum/vendor/laminas/laminas-stratigility/src/Next.php(61): Flarum\Http\Middleware\HandleErrors->process(Object(Laminas\Diactoros\ServerRequest), Object(Laminas\Stratigility\Next))
#37 /home/bzls8g1evy0v/public_html/forum/vendor/laminas/laminas-stratigility/src/MiddlewarePipe.php(84): Laminas\Stratigility\Next->handle(Object(Laminas\Diactoros\ServerRequest))
#38 /home/bzls8g1evy0v/public_html/forum/vendor/middlewares/request-handler/src/RequestHandler.php(84): Laminas\Stratigility\MiddlewarePipe->process(Object(Laminas\Diactoros\ServerRequest), Object(Laminas\Stratigility\Next))
#39 /home/bzls8g1evy0v/public_html/forum/vendor/laminas/laminas-stratigility/src/Next.php(61): Middlewares\RequestHandler->process(Object(Laminas\Diactoros\ServerRequest), Object(Laminas\Stratigility\Next))
#40 /home/bzls8g1evy0v/public_html/forum/vendor/middlewares/base-path-router/src/BasePathRouter.php(97): Laminas\Stratigility\Next->handle(Object(Laminas\Diactoros\ServerRequest))
#41 /home/bzls8g1evy0v/public_html/forum/vendor/laminas/laminas-stratigility/src/Next.php(61): Middlewares\BasePathRouter->process(Object(Laminas\Diactoros\ServerRequest), Object(Laminas\Stratigility\Next))
#42 /home/bzls8g1evy0v/public_html/forum/vendor/laminas/laminas-stratigility/src/Middleware/OriginalMessages.php(42): Laminas\Stratigility\Next->handle(Object(Laminas\Diactoros\ServerRequest))
#43 /home/bzls8g1evy0v/public_html/forum/vendor/laminas/laminas-stratigility/src/Next.php(61): Laminas\Stratigility\Middleware\OriginalMessages->process(Object(Laminas\Diactoros\ServerRequest), Object(Laminas\Stratigility\Next))
#44 /home/bzls8g1evy0v/public_html/forum/vendor/middlewares/base-path/src/BasePath.php(53): Laminas\Stratigility\Next->handle(Object(Laminas\Diactoros\ServerRequest))
#45 /home/bzls8g1evy0v/public_html/forum/vendor/laminas/laminas-stratigility/src/Next.php(61): Middlewares\BasePath->process(Object(Laminas\Diactoros\ServerRequest), Object(Laminas\Stratigility\Next))
#46 /home/bzls8g1evy0v/public_html/forum/vendor/laminas/laminas-stratigility/src/MiddlewarePipe.php(84): Laminas\Stratigility\Next->handle(Object(Laminas\Diactoros\ServerRequest))
#47 /home/bzls8g1evy0v/public_html/forum/vendor/laminas/laminas-stratigility/src/MiddlewarePipe.php(73): Laminas\Stratigility\MiddlewarePipe->process(Object(Laminas\Diactoros\ServerRequest), Object(Laminas\Stratigility\EmptyPipelineHandler))
#48 /home/bzls8g1evy0v/public_html/forum/vendor/laminas/laminas-httphandlerrunner/src/RequestHandlerRunner.php(96): Laminas\Stratigility\MiddlewarePipe->handle(Object(Laminas\Diactoros\ServerRequest))
#49 /home/bzls8g1evy0v/public_html/forum/vendor/flarum/core/src/Http/Server.php(42): Laminas\HttpHandlerRunner\RequestHandlerRunner->run()
#50 /home/bzls8g1evy0v/public_html/forum/public/index.php(26): Flarum\Http\Server->listen()
#51 {main}

Next Illuminate\Database\QueryException: SQLSTATE[23000]: Integrity constraint violation: 1062 Duplicate entry 'sihaozha2-c@my.cityu.edu.hk' for key 'cssaugusers_email_unique' (SQL: update `cssaugusers` set `email` = sihaozha2-c@my.cityu.edu.hk, `is_email_confirmed` = 1 where `id` = 148) in /home/bzls8g1evy0v/public_html/forum/vendor/illuminate/database/Connection.php:664
Stack trace:
#0 /home/bzls8g1evy0v/public_html/forum/vendor/illuminate/database/Connection.php(624): Illuminate\Database\Connection->runQueryCallback('update `cssaugu...', Array, Object(Closure))
#1 /home/bzls8g1evy0v/public_html/forum/vendor/illuminate/database/Connection.php(490): Illuminate\Database\Connection->run('update `cssaugu...', Array, Object(Closure))
#2 /home/bzls8g1evy0v/public_html/forum/vendor/illuminate/database/Connection.php(423): Illuminate\Database\Connection->affectingStatement('update `cssaugu...', Array)
#3 /home/bzls8g1evy0v/public_html/forum/vendor/illuminate/database/Query/Builder.php(2659): Illuminate\Database\Connection->update('update `cssaugu...', Array)
#4 /home/bzls8g1evy0v/public_html/forum/vendor/illuminate/database/Eloquent/Builder.php(818): Illuminate\Database\Query\Builder->update(Array)
#5 /home/bzls8g1evy0v/public_html/forum/vendor/illuminate/database/Eloquent/Model.php(729): Illuminate\Database\Eloquent\Builder->update(Array)
#6 /home/bzls8g1evy0v/public_html/forum/vendor/illuminate/database/Eloquent/Model.php(644): Illuminate\Database\Eloquent\Model->performUpdate(Object(Illuminate\Database\Eloquent\Builder))
#7 /home/bzls8g1evy0v/public_html/forum/vendor/flarum/core/src/User/Command/ConfirmEmailHandler.php(49): Illuminate\Database\Eloquent\Model->save()
#8 /home/bzls8g1evy0v/public_html/forum/vendor/illuminate/bus/Dispatcher.php(90): Flarum\User\Command\ConfirmEmailHandler->handle(Object(Flarum\User\Command\ConfirmEmail))
#9 /home/bzls8g1evy0v/public_html/forum/vendor/illuminate/pipeline/Pipeline.php(128): Illuminate\Bus\Dispatcher->Illuminate\Bus\{closure}(Object(Flarum\User\Command\ConfirmEmail))
#10 /home/bzls8g1evy0v/public_html/forum/vendor/illuminate/pipeline/Pipeline.php(104): Illuminate\Pipeline\Pipeline->Illuminate\Pipeline\{closure}(Object(Flarum\User\Command\ConfirmEmail))
#11 /home/bzls8g1evy0v/public_html/forum/vendor/illuminate/bus/Dispatcher.php(98): Illuminate\Pipeline\Pipeline->then(Object(Closure))
#12 /home/bzls8g1evy0v/public_html/forum/vendor/illuminate/bus/Dispatcher.php(76): Illuminate\Bus\Dispatcher->dispatchNow(Object(Flarum\User\Command\ConfirmEmail))
#13 /home/bzls8g1evy0v/public_html/forum/vendor/flarum/core/src/Forum/Controller/ConfirmEmailController.php(60): Illuminate\Bus\Dispatcher->dispatch(Object(Flarum\User\Command\ConfirmEmail))
#14 /home/bzls8g1evy0v/public_html/forum/vendor/flarum/core/src/Http/RouteHandlerFactory.php(38): Flarum\Forum\Controller\ConfirmEmailController->handle(Object(Laminas\Diactoros\ServerRequest))
#15 /home/bzls8g1evy0v/public_html/forum/vendor/flarum/core/src/Http/Middleware/DispatchRoute.php(65): Flarum\Http\RouteHandlerFactory->Flarum\Http\{closure}(Object(Laminas\Diactoros\ServerRequest), Array)
#16 /home/bzls8g1evy0v/public_html/forum/vendor/laminas/laminas-stratigility/src/Next.php(61): Flarum\Http\Middleware\DispatchRoute->process(Object(Laminas\Diactoros\ServerRequest), Object(Closure))
#17 /home/bzls8g1evy0v/public_html/forum/vendor/flarum/core/src/Http/Middleware/ShareErrorsFromSession.php(57): Laminas\Stratigility\Next->handle(Object(Laminas\Diactoros\ServerRequest))
#18 /home/bzls8g1evy0v/public_html/forum/vendor/laminas/laminas-stratigility/src/Next.php(61): Flarum\Http\Middleware\ShareErrorsFromSession->process(Object(Laminas\Diactoros\ServerRequest), Object(Laminas\Stratigility\Next))
#19 /home/bzls8g1evy0v/public_html/forum/vendor/flarum/core/src/Http/Middleware/SetLocale.php(50): Laminas\Stratigility\Next->handle(Object(Laminas\Diactoros\ServerRequest))
#20 /home/bzls8g1evy0v/public_html/forum/vendor/laminas/laminas-stratigility/src/Next.php(61): Flarum\Http\Middleware\SetLocale->process(Object(Laminas\Diactoros\ServerRequest), Object(Laminas\Stratigility\Next))
#21 /home/bzls8g1evy0v/public_html/forum/vendor/flarum/core/src/Http/Middleware/CheckCsrfToken.php(37): Laminas\Stratigility\Next->handle(Object(Laminas\Diactoros\ServerRequest))
#22 /home/bzls8g1evy0v/public_html/forum/vendor/laminas/laminas-stratigility/src/Next.php(61): Flarum\Http\Middleware\CheckCsrfToken->process(Object(Laminas\Diactoros\ServerRequest), Object(Laminas\Stratigility\Next))
#23 /home/bzls8g1evy0v/public_html/forum/vendor/flarum/core/src/Http/Middleware/AuthenticateWithSession.php(32): Laminas\Stratigility\Next->handle(Object(Laminas\Diactoros\ServerRequest))
#24 /home/bzls8g1evy0v/public_html/forum/vendor/laminas/laminas-stratigility/src/Next.php(61): Flarum\Http\Middleware\AuthenticateWithSession->process(Object(Laminas\Diactoros\ServerRequest), Object(Laminas\Stratigility\Next))
#25 /home/bzls8g1evy0v/public_html/forum/vendor/flarum/core/src/Http/Middleware/RememberFromCookie.php(51): Laminas\Stratigility\Next->handle(Object(Laminas\Diactoros\ServerRequest))
#26 /home/bzls8g1evy0v/public_html/forum/vendor/laminas/laminas-stratigility/src/Next.php(61): Flarum\Http\Middleware\RememberFromCookie->process(Object(Laminas\Diactoros\ServerRequest), Object(Laminas\Stratigility\Next))
#27 /home/bzls8g1evy0v/public_html/forum/vendor/flarum/core/src/Http/Middleware/StartSession.php(61): Laminas\Stratigility\Next->handle(Object(Laminas\Diactoros\ServerRequest))
#28 /home/bzls8g1evy0v/public_html/forum/vendor/laminas/laminas-stratigility/src/Next.php(61): Flarum\Http\Middleware\StartSession->process(Object(Laminas\Diactoros\ServerRequest), Object(Laminas\Stratigility\Next))
#29 /home/bzls8g1evy0v/public_html/forum/vendor/flarum/core/src/Http/Middleware/CollectGarbage.php(46): Laminas\Stratigility\Next->handle(Object(Laminas\Diactoros\ServerRequest))
#30 /home/bzls8g1evy0v/public_html/forum/vendor/laminas/laminas-stratigility/src/Next.php(61): Flarum\Http\Middleware\CollectGarbage->process(Object(Laminas\Diactoros\ServerRequest), Object(Laminas\Stratigility\Next))
#31 /home/bzls8g1evy0v/public_html/forum/vendor/flarum/core/src/Http/Middleware/ParseJsonBody.php(28): Laminas\Stratigility\Next->handle(Object(Laminas\Diactoros\ServerRequest))
#32 /home/bzls8g1evy0v/public_html/forum/vendor/laminas/laminas-stratigility/src/Next.php(61): Flarum\Http\Middleware\ParseJsonBody->process(Object(Laminas\Diactoros\ServerRequest), Object(Laminas\Stratigility\Next))
#33 /home/bzls8g1evy0v/public_html/forum/vendor/flarum/core/src/Http/Middleware/HandleErrors.php(57): Laminas\Stratigility\Next->handle(Object(Laminas\Diactoros\ServerRequest))
#34 /home/bzls8g1evy0v/public_html/forum/vendor/laminas/laminas-stratigility/src/Next.php(61): Flarum\Http\Middleware\HandleErrors->process(Object(Laminas\Diactoros\ServerRequest), Object(Laminas\Stratigility\Next))
#35 /home/bzls8g1evy0v/public_html/forum/vendor/laminas/laminas-stratigility/src/MiddlewarePipe.php(84): Laminas\Stratigility\Next->handle(Object(Laminas\Diactoros\ServerRequest))
#36 /home/bzls8g1evy0v/public_html/forum/vendor/middlewares/request-handler/src/RequestHandler.php(84): Laminas\Stratigility\MiddlewarePipe->process(Object(Laminas\Diactoros\ServerRequest), Object(Laminas\Stratigility\Next))
#37 /home/bzls8g1evy0v/public_html/forum/vendor/laminas/laminas-stratigility/src/Next.php(61): Middlewares\RequestHandler->process(Object(Laminas\Diactoros\ServerRequest), Object(Laminas\Stratigility\Next))
#38 /home/bzls8g1evy0v/public_html/forum/vendor/middlewares/base-path-router/src/BasePathRouter.php(97): Laminas\Stratigility\Next->handle(Object(Laminas\Diactoros\ServerRequest))
#39 /home/bzls8g1evy0v/public_html/forum/vendor/laminas/laminas-stratigility/src/Next.php(61): Middlewares\BasePathRouter->process(Object(Laminas\Diactoros\ServerRequest), Object(Laminas\Stratigility\Next))
#40 /home/bzls8g1evy0v/public_html/forum/vendor/laminas/laminas-stratigility/src/Middleware/OriginalMessages.php(42): Laminas\Stratigility\Next->handle(Object(Laminas\Diactoros\ServerRequest))
#41 /home/bzls8g1evy0v/public_html/forum/vendor/laminas/laminas-stratigility/src/Next.php(61): Laminas\Stratigility\Middleware\OriginalMessages->process(Object(Laminas\Diactoros\ServerRequest), Object(Laminas\Stratigility\Next))
#42 /home/bzls8g1evy0v/public_html/forum/vendor/middlewares/base-path/src/BasePath.php(53): Laminas\Stratigility\Next->handle(Object(Laminas\Diactoros\ServerRequest))
#43 /home/bzls8g1evy0v/public_html/forum/vendor/laminas/laminas-stratigility/src/Next.php(61): Middlewares\BasePath->process(Object(Laminas\Diactoros\ServerRequest), Object(Laminas\Stratigility\Next))
#44 /home/bzls8g1evy0v/public_html/forum/vendor/laminas/laminas-stratigility/src/MiddlewarePipe.php(84): Laminas\Stratigility\Next->handle(Object(Laminas\Diactoros\ServerRequest))
#45 /home/bzls8g1evy0v/public_html/forum/vendor/laminas/laminas-stratigility/src/MiddlewarePipe.php(73): Laminas\Stratigility\MiddlewarePipe->process(Object(Laminas\Diactoros\ServerRequest), Object(Laminas\Stratigility\EmptyPipelineHandler))
#46 /home/bzls8g1evy0v/public_html/forum/vendor/laminas/laminas-httphandlerrunner/src/RequestHandlerRunner.php(96): Laminas\Stratigility\MiddlewarePipe->handle(Object(Laminas\Diactoros\ServerRequest))
#47 /home/bzls8g1evy0v/public_html/forum/vendor/flarum/core/src/Http/Server.php(42): Laminas\HttpHandlerRunner\RequestHandlerRunner->run()
#48 /home/bzls8g1evy0v/public_html/forum/public/index.php(26): Flarum\Http\Server->listen()
#49 {main}  
[2020-10-22 14:49:58] production.ERROR: Flagrow\Upload\Exceptions\InvalidUploadException: No files were uploaded in /home/bzls8g1evy0v/public_html/forum/vendor/flagrow/upload/src/Api/Controllers/UploadController.php:56
Stack trace:
#0 /home/bzls8g1evy0v/public_html/forum/vendor/flarum/core/src/Http/RouteHandlerFactory.php(38): Flagrow\Upload\Api\Controllers\UploadController->handle(Object(Laminas\Diactoros\ServerRequest))
#1 /home/bzls8g1evy0v/public_html/forum/vendor/flarum/core/src/Http/Middleware/DispatchRoute.php(65): Flarum\Http\RouteHandlerFactory->Flarum\Http\{closure}(Object(Laminas\Diactoros\ServerRequest), Array)
#2 /home/bzls8g1evy0v/public_html/forum/vendor/laminas/laminas-stratigility/src/Next.php(61): Flarum\Http\Middleware\DispatchRoute->process(Object(Laminas\Diactoros\ServerRequest), Object(Closure))
#3 /home/bzls8g1evy0v/public_html/forum/vendor/flarum/core/src/Http/Middleware/SetLocale.php(50): Laminas\Stratigility\Next->handle(Object(Laminas\Diactoros\ServerRequest))
#4 /home/bzls8g1evy0v/public_html/forum/vendor/laminas/laminas-stratigility/src/Next.php(61): Flarum\Http\Middleware\SetLocale->process(Object(Laminas\Diactoros\ServerRequest), Object(Laminas\Stratigility\Next))
#5 /home/bzls8g1evy0v/public_html/forum/vendor/flarum/core/src/Http/Middleware/CheckCsrfToken.php(45): Laminas\Stratigility\Next->handle(Object(Laminas\Diactoros\ServerRequest))
#6 /home/bzls8g1evy0v/public_html/forum/vendor/laminas/laminas-stratigility/src/Next.php(61): Flarum\Http\Middleware\CheckCsrfToken->process(Object(Laminas\Diactoros\ServerRequest), Object(Laminas\Stratigility\Next))
#7 /home/bzls8g1evy0v/public_html/forum/vendor/flarum/core/src/Http/Middleware/AuthenticateWithHeader.php(55): Laminas\Stratigility\Next->handle(Object(Laminas\Diactoros\ServerRequest))
#8 /home/bzls8g1evy0v/public_html/forum/vendor/laminas/laminas-stratigility/src/Next.php(61): Flarum\Http\Middleware\AuthenticateWithHeader->process(Object(Laminas\Diactoros\ServerRequest), Object(Laminas\Stratigility\Next))
#9 /home/bzls8g1evy0v/public_html/forum/vendor/flarum/core/src/Http/Middleware/AuthenticateWithSession.php(32): Laminas\Stratigility\Next->handle(Object(Laminas\Diactoros\ServerRequest))
#10 /home/bzls8g1evy0v/public_html/forum/vendor/laminas/laminas-stratigility/src/Next.php(61): Flarum\Http\Middleware\AuthenticateWithSession->process(Object(Laminas\Diactoros\ServerRequest), Object(Laminas\Stratigility\Next))
#11 /home/bzls8g1evy0v/public_html/forum/vendor/flarum/core/src/Http/Middleware/RememberFromCookie.php(51): Laminas\Stratigility\Next->handle(Object(Laminas\Diactoros\ServerRequest))
#12 /home/bzls8g1evy0v/public_html/forum/vendor/laminas/laminas-stratigility/src/Next.php(61): Flarum\Http\Middleware\RememberFromCookie->process(Object(Laminas\Diactoros\ServerRequest), Object(Laminas\Stratigility\Next))
#13 /home/bzls8g1evy0v/public_html/forum/vendor/flarum/core/src/Http/Middleware/StartSession.php(61): Laminas\Stratigility\Next->handle(Object(Laminas\Diactoros\ServerRequest))
#14 /home/bzls8g1evy0v/public_html/forum/vendor/laminas/laminas-stratigility/src/Next.php(61): Flarum\Http\Middleware\StartSession->process(Object(Laminas\Diactoros\ServerRequest), Object(Laminas\Stratigility\Next))
#15 /home/bzls8g1evy0v/public_html/forum/vendor/flarum/core/src/Api/Middleware/FakeHttpMethods.php(29): Laminas\Stratigility\Next->handle(Object(Laminas\Diactoros\ServerRequest))
#16 /home/bzls8g1evy0v/public_html/forum/vendor/laminas/laminas-stratigility/src/Next.php(61): Flarum\Api\Middleware\FakeHttpMethods->process(Object(Laminas\Diactoros\ServerRequest), Object(Laminas\Stratigility\Next))
#17 /home/bzls8g1evy0v/public_html/forum/vendor/flarum/core/src/Http/Middleware/ParseJsonBody.php(28): Laminas\Stratigility\Next->handle(Object(Laminas\Diactoros\ServerRequest))
#18 /home/bzls8g1evy0v/public_html/forum/vendor/laminas/laminas-stratigility/src/Next.php(61): Flarum\Http\Middleware\ParseJsonBody->process(Object(Laminas\Diactoros\ServerRequest), Object(Laminas\Stratigility\Next))
#19 /home/bzls8g1evy0v/public_html/forum/vendor/flarum/core/src/Http/Middleware/HandleErrors.php(57): Laminas\Stratigility\Next->handle(Object(Laminas\Diactoros\ServerRequest))
#20 /home/bzls8g1evy0v/public_html/forum/vendor/laminas/laminas-stratigility/src/Next.php(61): Flarum\Http\Middleware\HandleErrors->process(Object(Laminas\Diactoros\ServerRequest), Object(Laminas\Stratigility\Next))
#21 /home/bzls8g1evy0v/public_html/forum/vendor/laminas/laminas-stratigility/src/MiddlewarePipe.php(84): Laminas\Stratigility\Next->handle(Object(Laminas\Diactoros\ServerRequest))
#22 /home/bzls8g1evy0v/public_html/forum/vendor/middlewares/request-handler/src/RequestHandler.php(84): Laminas\Stratigility\MiddlewarePipe->process(Object(Laminas\Diactoros\ServerRequest), Object(Laminas\Stratigility\Next))
#23 /home/bzls8g1evy0v/public_html/forum/vendor/laminas/laminas-stratigility/src/Next.php(61): Middlewares\RequestHandler->process(Object(Laminas\Diactoros\ServerRequest), Object(Laminas\Stratigility\Next))
#24 /home/bzls8g1evy0v/public_html/forum/vendor/middlewares/base-path-router/src/BasePathRouter.php(97): Laminas\Stratigility\Next->handle(Object(Laminas\Diactoros\ServerRequest))
#25 /home/bzls8g1evy0v/public_html/forum/vendor/laminas/laminas-stratigility/src/Next.php(61): Middlewares\BasePathRouter->process(Object(Laminas\Diactoros\ServerRequest), Object(Laminas\Stratigility\Next))
#26 /home/bzls8g1evy0v/public_html/forum/vendor/laminas/laminas-stratigility/src/Middleware/OriginalMessages.php(42): Laminas\Stratigility\Next->handle(Object(Laminas\Diactoros\ServerRequest))
#27 /home/bzls8g1evy0v/public_html/forum/vendor/laminas/laminas-stratigility/src/Next.php(61): Laminas\Stratigility\Middleware\OriginalMessages->process(Object(Laminas\Diactoros\ServerRequest), Object(Laminas\Stratigility\Next))
#28 /home/bzls8g1evy0v/public_html/forum/vendor/middlewares/base-path/src/BasePath.php(53): Laminas\Stratigility\Next->handle(Object(Laminas\Diactoros\ServerRequest))
#29 /home/bzls8g1evy0v/public_html/forum/vendor/laminas/laminas-stratigility/src/Next.php(61): Middlewares\BasePath->process(Object(Laminas\Diactoros\ServerRequest), Object(Laminas\Stratigility\Next))
#30 /home/bzls8g1evy0v/public_html/forum/vendor/laminas/laminas-stratigility/src/MiddlewarePipe.php(84): Laminas\Stratigility\Next->handle(Object(Laminas\Diactoros\ServerRequest))
#31 /home/bzls8g1evy0v/public_html/forum/vendor/laminas/laminas-stratigility/src/MiddlewarePipe.php(73): Laminas\Stratigility\MiddlewarePipe->process(Object(Laminas\Diactoros\ServerRequest), Object(Laminas\Stratigility\EmptyPipelineHandler))
#32 /home/bzls8g1evy0v/public_html/forum/vendor/laminas/laminas-httphandlerrunner/src/RequestHandlerRunner.php(96): Laminas\Stratigility\MiddlewarePipe->handle(Object(Laminas\Diactoros\ServerRequest))
#33 /home/bzls8g1evy0v/public_html/forum/vendor/flarum/core/src/Http/Server.php(42): Laminas\HttpHandlerRunner\RequestHandlerRunner->run()
#34 /home/bzls8g1evy0v/public_html/forum/public/index.php(26): Flarum\Http\Server->listen()
#35 {main}  
