[2020-11-14 11:40:54] production.ERROR: InvalidArgumentException: Cannot load XML: Specification mandate value for attribute border
 in /home/bzls8g1evy0v/public_html/forum/vendor/s9e/text-formatter/src/Renderer.php:46
Stack trace:
#0 /home/bzls8g1evy0v/public_html/forum/vendor/s9e/text-formatter/src/Renderers/PHP.php(303): s9e\TextFormatter\Renderer->loadXML('<table border>\r...')
#1 /home/bzls8g1evy0v/public_html/forum/vendor/s9e/text-formatter/src/Renderer.php(66): s9e\TextFormatter\Renderers\PHP->renderRichText('<table border>\r...')
#2 /home/bzls8g1evy0v/public_html/forum/vendor/flarum/core/src/Formatter/Formatter.php(80): s9e\TextFormatter\Renderer->render('<table border>\r...')
#3 /home/bzls8g1evy0v/public_html/forum/vendor/flarum/core/src/Post/CommentPost.php(172): Flarum\Formatter\Formatter->render('<table border>\r...', Object(Flarum\Post\CommentPost), Object(Laminas\Diactoros\ServerRequest))
#4 /home/bzls8g1evy0v/public_html/forum/vendor/flarum/core/src/Api/Serializer/BasicPostSerializer.php(44): Flarum\Post\CommentPost->formatContent(Object(Laminas\Diactoros\ServerRequest))
#5 /home/bzls8g1evy0v/public_html/forum/vendor/flarum/core/src/Api/Serializer/PostSerializer.php(35): Flarum\Api\Serializer\BasicPostSerializer->getDefaultAttributes(Object(Flarum\Post\CommentPost))
#6 /home/bzls8g1evy0v/public_html/forum/vendor/flarum/core/src/Api/Serializer/AbstractSerializer.php(84): Flarum\Api\Serializer\PostSerializer->getDefaultAttributes(Object(Flarum\Post\CommentPost))
#7 /home/bzls8g1evy0v/public_html/forum/vendor/tobscure/json-api/src/Resource.php(169): Flarum\Api\Serializer\AbstractSerializer->getAttributes(Object(Flarum\Post\CommentPost), NULL)
#8 /home/bzls8g1evy0v/public_html/forum/vendor/tobscure/json-api/src/Resource.php(75): Tobscure\JsonApi\Resource->getAttributes()
#9 /home/bzls8g1evy0v/public_html/forum/vendor/tobscure/json-api/src/Document.php(187): Tobscure\JsonApi\Resource->toArray()
#10 [internal function]: Tobscure\JsonApi\Document->Tobscure\JsonApi\{closure}(Object(Tobscure\JsonApi\Resource))
#11 /home/bzls8g1evy0v/public_html/forum/vendor/tobscure/json-api/src/Document.php(186): array_map(Object(Closure), Array)
#12 /home/bzls8g1evy0v/public_html/forum/vendor/tobscure/json-api/src/Document.php(224): Tobscure\JsonApi\Document->toArray()
#13 /home/bzls8g1evy0v/public_html/forum/vendor/flarum/core/src/Api/JsonApiResponse.php(27): Tobscure\JsonApi\Document->jsonSerialize()
#14 /home/bzls8g1evy0v/public_html/forum/vendor/flarum/core/src/Api/Controller/AbstractSerializeController.php(111): Flarum\Api\JsonApiResponse->__construct(Object(Tobscure\JsonApi\Document))
#15 /home/bzls8g1evy0v/public_html/forum/vendor/flarum/core/src/Http/RouteHandlerFactory.php(38): Flarum\Api\Controller\AbstractSerializeController->handle(Object(Laminas\Diactoros\ServerRequest))
#16 /home/bzls8g1evy0v/public_html/forum/vendor/flarum/core/src/Http/Middleware/DispatchRoute.php(65): Flarum\Http\RouteHandlerFactory->Flarum\Http\{closure}(Object(Laminas\Diactoros\ServerRequest), Array)
#17 /home/bzls8g1evy0v/public_html/forum/vendor/laminas/laminas-stratigility/src/Next.php(61): Flarum\Http\Middleware\DispatchRoute->process(Object(Laminas\Diactoros\ServerRequest), Object(Closure))
#18 /home/bzls8g1evy0v/public_html/forum/vendor/flarum/core/src/Http/Middleware/SetLocale.php(50): Laminas\Stratigility\Next->handle(Object(Laminas\Diactoros\ServerRequest))
#19 /home/bzls8g1evy0v/public_html/forum/vendor/laminas/laminas-stratigility/src/Next.php(61): Flarum\Http\Middleware\SetLocale->process(Object(Laminas\Diactoros\ServerRequest), Object(Laminas\Stratigility\Next))
#20 /home/bzls8g1evy0v/public_html/forum/vendor/flarum/core/src/Http/Middleware/CheckCsrfToken.php(37): Laminas\Stratigility\Next->handle(Object(Laminas\Diactoros\ServerRequest))
#21 /home/bzls8g1evy0v/public_html/forum/vendor/laminas/laminas-stratigility/src/Next.php(61): Flarum\Http\Middleware\CheckCsrfToken->process(Object(Laminas\Diactoros\ServerRequest), Object(Laminas\Stratigility\Next))
#22 /home/bzls8g1evy0v/public_html/forum/vendor/flarum/core/src/Http/Middleware/AuthenticateWithHeader.php(55): Laminas\Stratigility\Next->handle(Object(Laminas\Diactoros\ServerRequest))
#23 /home/bzls8g1evy0v/public_html/forum/vendor/laminas/laminas-stratigility/src/Next.php(61): Flarum\Http\Middleware\AuthenticateWithHeader->process(Object(Laminas\Diactoros\ServerRequest), Object(Laminas\Stratigility\Next))
#24 /home/bzls8g1evy0v/public_html/forum/vendor/flarum/core/src/Http/Middleware/AuthenticateWithSession.php(32): Laminas\Stratigility\Next->handle(Object(Laminas\Diactoros\ServerRequest))
#25 /home/bzls8g1evy0v/public_html/forum/vendor/laminas/laminas-stratigility/src/Next.php(61): Flarum\Http\Middleware\AuthenticateWithSession->process(Object(Laminas\Diactoros\ServerRequest), Object(Laminas\Stratigility\Next))
#26 /home/bzls8g1evy0v/public_html/forum/vendor/flarum/core/src/Http/Middleware/RememberFromCookie.php(51): Laminas\Stratigility\Next->handle(Object(Laminas\Diactoros\ServerRequest))
#27 /home/bzls8g1evy0v/public_html/forum/vendor/laminas/laminas-stratigility/src/Next.php(61): Flarum\Http\Middleware\RememberFromCookie->process(Object(Laminas\Diactoros\ServerRequest), Object(Laminas\Stratigility\Next))
#28 /home/bzls8g1evy0v/public_html/forum/vendor/flarum/core/src/Http/Middleware/StartSession.php(61): Laminas\Stratigility\Next->handle(Object(Laminas\Diactoros\ServerRequest))
#29 /home/bzls8g1evy0v/public_html/forum/vendor/laminas/laminas-stratigility/src/Next.php(61): Flarum\Http\Middleware\StartSession->process(Object(Laminas\Diactoros\ServerRequest), Object(Laminas\Stratigility\Next))
#30 /home/bzls8g1evy0v/public_html/forum/vendor/flarum/core/src/Api/Middleware/FakeHttpMethods.php(29): Laminas\Stratigility\Next->handle(Object(Laminas\Diactoros\ServerRequest))
#31 /home/bzls8g1evy0v/public_html/forum/vendor/laminas/laminas-stratigility/src/Next.php(61): Flarum\Api\Middleware\FakeHttpMethods->process(Object(Laminas\Diactoros\ServerRequest), Object(Laminas\Stratigility\Next))
#32 /home/bzls8g1evy0v/public_html/forum/vendor/flarum/core/src/Http/Middleware/ParseJsonBody.php(28): Laminas\Stratigility\Next->handle(Object(Laminas\Diactoros\ServerRequest))
#33 /home/bzls8g1evy0v/public_html/forum/vendor/laminas/laminas-stratigility/src/Next.php(61): Flarum\Http\Middleware\ParseJsonBody->process(Object(Laminas\Diactoros\ServerRequest), Object(Laminas\Stratigility\Next))
#34 /home/bzls8g1evy0v/public_html/forum/vendor/flarum/core/src/Http/Middleware/HandleErrors.php(57): Laminas\Stratigility\Next->handle(Object(Laminas\Diactoros\ServerRequest))
#35 /home/bzls8g1evy0v/public_html/forum/vendor/laminas/laminas-stratigility/src/Next.php(61): Flarum\Http\Middleware\HandleErrors->process(Object(Laminas\Diactoros\ServerRequest), Object(Laminas\Stratigility\Next))
#36 /home/bzls8g1evy0v/public_html/forum/vendor/laminas/laminas-stratigility/src/MiddlewarePipe.php(84): Laminas\Stratigility\Next->handle(Object(Laminas\Diactoros\ServerRequest))
#37 /home/bzls8g1evy0v/public_html/forum/vendor/middlewares/request-handler/src/RequestHandler.php(84): Laminas\Stratigility\MiddlewarePipe->process(Object(Laminas\Diactoros\ServerRequest), Object(Laminas\Stratigility\Next))
#38 /home/bzls8g1evy0v/public_html/forum/vendor/laminas/laminas-stratigility/src/Next.php(61): Middlewares\RequestHandler->process(Object(Laminas\Diactoros\ServerRequest), Object(Laminas\Stratigility\Next))
#39 /home/bzls8g1evy0v/public_html/forum/vendor/middlewares/base-path-router/src/BasePathRouter.php(97): Laminas\Stratigility\Next->handle(Object(Laminas\Diactoros\ServerRequest))
#40 /home/bzls8g1evy0v/public_html/forum/vendor/laminas/laminas-stratigility/src/Next.php(61): Middlewares\BasePathRouter->process(Object(Laminas\Diactoros\ServerRequest), Object(Laminas\Stratigility\Next))
#41 /home/bzls8g1evy0v/public_html/forum/vendor/laminas/laminas-stratigility/src/Middleware/OriginalMessages.php(42): Laminas\Stratigility\Next->handle(Object(Laminas\Diactoros\ServerRequest))
#42 /home/bzls8g1evy0v/public_html/forum/vendor/laminas/laminas-stratigility/src/Next.php(61): Laminas\Stratigility\Middleware\OriginalMessages->process(Object(Laminas\Diactoros\ServerRequest), Object(Laminas\Stratigility\Next))
#43 /home/bzls8g1evy0v/public_html/forum/vendor/middlewares/base-path/src/BasePath.php(53): Laminas\Stratigility\Next->handle(Object(Laminas\Diactoros\ServerRequest))
#44 /home/bzls8g1evy0v/public_html/forum/vendor/laminas/laminas-stratigility/src/Next.php(61): Middlewares\BasePath->process(Object(Laminas\Diactoros\ServerRequest), Object(Laminas\Stratigility\Next))
#45 /home/bzls8g1evy0v/public_html/forum/vendor/laminas/laminas-stratigility/src/MiddlewarePipe.php(84): Laminas\Stratigility\Next->handle(Object(Laminas\Diactoros\ServerRequest))
#46 /home/bzls8g1evy0v/public_html/forum/vendor/laminas/laminas-stratigility/src/MiddlewarePipe.php(73): Laminas\Stratigility\MiddlewarePipe->process(Object(Laminas\Diactoros\ServerRequest), Object(Laminas\Stratigility\EmptyPipelineHandler))
#47 /home/bzls8g1evy0v/public_html/forum/vendor/laminas/laminas-httphandlerrunner/src/RequestHandlerRunner.php(96): Laminas\Stratigility\MiddlewarePipe->handle(Object(Laminas\Diactoros\ServerRequest))
#48 /home/bzls8g1evy0v/public_html/forum/vendor/flarum/core/src/Http/Server.php(42): Laminas\HttpHandlerRunner\RequestHandlerRunner->run()
#49 /home/bzls8g1evy0v/public_html/forum/public/index.php(26): Flarum\Http\Server->listen()
#50 {main}  
[2020-11-14 11:40:59] production.ERROR: InvalidArgumentException: Cannot load XML: Specification mandate value for attribute border
 in /home/bzls8g1evy0v/public_html/forum/vendor/s9e/text-formatter/src/Renderer.php:46
Stack trace:
#0 /home/bzls8g1evy0v/public_html/forum/vendor/s9e/text-formatter/src/Renderers/PHP.php(303): s9e\TextFormatter\Renderer->loadXML('<table border>\r...')
#1 /home/bzls8g1evy0v/public_html/forum/vendor/s9e/text-formatter/src/Renderer.php(66): s9e\TextFormatter\Renderers\PHP->renderRichText('<table border>\r...')
#2 /home/bzls8g1evy0v/public_html/forum/vendor/flarum/core/src/Formatter/Formatter.php(80): s9e\TextFormatter\Renderer->render('<table border>\r...')
#3 /home/bzls8g1evy0v/public_html/forum/vendor/flarum/core/src/Post/CommentPost.php(172): Flarum\Formatter\Formatter->render('<table border>\r...', Object(Flarum\Post\CommentPost), Object(Laminas\Diactoros\ServerRequest))
#4 /home/bzls8g1evy0v/public_html/forum/vendor/flarum/core/src/Api/Serializer/BasicPostSerializer.php(44): Flarum\Post\CommentPost->formatContent(Object(Laminas\Diactoros\ServerRequest))
#5 /home/bzls8g1evy0v/public_html/forum/vendor/flarum/core/src/Api/Serializer/PostSerializer.php(35): Flarum\Api\Serializer\BasicPostSerializer->getDefaultAttributes(Object(Flarum\Post\CommentPost))
#6 /home/bzls8g1evy0v/public_html/forum/vendor/flarum/core/src/Api/Serializer/AbstractSerializer.php(84): Flarum\Api\Serializer\PostSerializer->getDefaultAttributes(Object(Flarum\Post\CommentPost))
#7 /home/bzls8g1evy0v/public_html/forum/vendor/tobscure/json-api/src/Resource.php(169): Flarum\Api\Serializer\AbstractSerializer->getAttributes(Object(Flarum\Post\CommentPost), NULL)
#8 /home/bzls8g1evy0v/public_html/forum/vendor/tobscure/json-api/src/Resource.php(75): Tobscure\JsonApi\Resource->getAttributes()
#9 /home/bzls8g1evy0v/public_html/forum/vendor/tobscure/json-api/src/Document.php(187): Tobscure\JsonApi\Resource->toArray()
#10 [internal function]: Tobscure\JsonApi\Document->Tobscure\JsonApi\{closure}(Object(Tobscure\JsonApi\Resource))
#11 /home/bzls8g1evy0v/public_html/forum/vendor/tobscure/json-api/src/Document.php(186): array_map(Object(Closure), Array)
#12 /home/bzls8g1evy0v/public_html/forum/vendor/tobscure/json-api/src/Document.php(224): Tobscure\JsonApi\Document->toArray()
#13 /home/bzls8g1evy0v/public_html/forum/vendor/flarum/core/src/Api/JsonApiResponse.php(27): Tobscure\JsonApi\Document->jsonSerialize()
#14 /home/bzls8g1evy0v/public_html/forum/vendor/flarum/core/src/Api/Controller/AbstractSerializeController.php(111): Flarum\Api\JsonApiResponse->__construct(Object(Tobscure\JsonApi\Document))
#15 /home/bzls8g1evy0v/public_html/forum/vendor/flarum/core/src/Http/RouteHandlerFactory.php(38): Flarum\Api\Controller\AbstractSerializeController->handle(Object(Laminas\Diactoros\ServerRequest))
#16 /home/bzls8g1evy0v/public_html/forum/vendor/flarum/core/src/Http/Middleware/DispatchRoute.php(65): Flarum\Http\RouteHandlerFactory->Flarum\Http\{closure}(Object(Laminas\Diactoros\ServerRequest), Array)
#17 /home/bzls8g1evy0v/public_html/forum/vendor/laminas/laminas-stratigility/src/Next.php(61): Flarum\Http\Middleware\DispatchRoute->process(Object(Laminas\Diactoros\ServerRequest), Object(Closure))
#18 /home/bzls8g1evy0v/public_html/forum/vendor/flarum/core/src/Http/Middleware/SetLocale.php(50): Laminas\Stratigility\Next->handle(Object(Laminas\Diactoros\ServerRequest))
#19 /home/bzls8g1evy0v/public_html/forum/vendor/laminas/laminas-stratigility/src/Next.php(61): Flarum\Http\Middleware\SetLocale->process(Object(Laminas\Diactoros\ServerRequest), Object(Laminas\Stratigility\Next))
#20 /home/bzls8g1evy0v/public_html/forum/vendor/flarum/core/src/Http/Middleware/CheckCsrfToken.php(37): Laminas\Stratigility\Next->handle(Object(Laminas\Diactoros\ServerRequest))
#21 /home/bzls8g1evy0v/public_html/forum/vendor/laminas/laminas-stratigility/src/Next.php(61): Flarum\Http\Middleware\CheckCsrfToken->process(Object(Laminas\Diactoros\ServerRequest), Object(Laminas\Stratigility\Next))
#22 /home/bzls8g1evy0v/public_html/forum/vendor/flarum/core/src/Http/Middleware/AuthenticateWithHeader.php(55): Laminas\Stratigility\Next->handle(Object(Laminas\Diactoros\ServerRequest))
#23 /home/bzls8g1evy0v/public_html/forum/vendor/laminas/laminas-stratigility/src/Next.php(61): Flarum\Http\Middleware\AuthenticateWithHeader->process(Object(Laminas\Diactoros\ServerRequest), Object(Laminas\Stratigility\Next))
#24 /home/bzls8g1evy0v/public_html/forum/vendor/flarum/core/src/Http/Middleware/AuthenticateWithSession.php(32): Laminas\Stratigility\Next->handle(Object(Laminas\Diactoros\ServerRequest))
#25 /home/bzls8g1evy0v/public_html/forum/vendor/laminas/laminas-stratigility/src/Next.php(61): Flarum\Http\Middleware\AuthenticateWithSession->process(Object(Laminas\Diactoros\ServerRequest), Object(Laminas\Stratigility\Next))
#26 /home/bzls8g1evy0v/public_html/forum/vendor/flarum/core/src/Http/Middleware/RememberFromCookie.php(51): Laminas\Stratigility\Next->handle(Object(Laminas\Diactoros\ServerRequest))
#27 /home/bzls8g1evy0v/public_html/forum/vendor/laminas/laminas-stratigility/src/Next.php(61): Flarum\Http\Middleware\RememberFromCookie->process(Object(Laminas\Diactoros\ServerRequest), Object(Laminas\Stratigility\Next))
#28 /home/bzls8g1evy0v/public_html/forum/vendor/flarum/core/src/Http/Middleware/StartSession.php(61): Laminas\Stratigility\Next->handle(Object(Laminas\Diactoros\ServerRequest))
#29 /home/bzls8g1evy0v/public_html/forum/vendor/laminas/laminas-stratigility/src/Next.php(61): Flarum\Http\Middleware\StartSession->process(Object(Laminas\Diactoros\ServerRequest), Object(Laminas\Stratigility\Next))
#30 /home/bzls8g1evy0v/public_html/forum/vendor/flarum/core/src/Api/Middleware/FakeHttpMethods.php(29): Laminas\Stratigility\Next->handle(Object(Laminas\Diactoros\ServerRequest))
#31 /home/bzls8g1evy0v/public_html/forum/vendor/laminas/laminas-stratigility/src/Next.php(61): Flarum\Api\Middleware\FakeHttpMethods->process(Object(Laminas\Diactoros\ServerRequest), Object(Laminas\Stratigility\Next))
#32 /home/bzls8g1evy0v/public_html/forum/vendor/flarum/core/src/Http/Middleware/ParseJsonBody.php(28): Laminas\Stratigility\Next->handle(Object(Laminas\Diactoros\ServerRequest))
#33 /home/bzls8g1evy0v/public_html/forum/vendor/laminas/laminas-stratigility/src/Next.php(61): Flarum\Http\Middleware\ParseJsonBody->process(Object(Laminas\Diactoros\ServerRequest), Object(Laminas\Stratigility\Next))
#34 /home/bzls8g1evy0v/public_html/forum/vendor/flarum/core/src/Http/Middleware/HandleErrors.php(57): Laminas\Stratigility\Next->handle(Object(Laminas\Diactoros\ServerRequest))
#35 /home/bzls8g1evy0v/public_html/forum/vendor/laminas/laminas-stratigility/src/Next.php(61): Flarum\Http\Middleware\HandleErrors->process(Object(Laminas\Diactoros\ServerRequest), Object(Laminas\Stratigility\Next))
#36 /home/bzls8g1evy0v/public_html/forum/vendor/laminas/laminas-stratigility/src/MiddlewarePipe.php(84): Laminas\Stratigility\Next->handle(Object(Laminas\Diactoros\ServerRequest))
#37 /home/bzls8g1evy0v/public_html/forum/vendor/middlewares/request-handler/src/RequestHandler.php(84): Laminas\Stratigility\MiddlewarePipe->process(Object(Laminas\Diactoros\ServerRequest), Object(Laminas\Stratigility\Next))
#38 /home/bzls8g1evy0v/public_html/forum/vendor/laminas/laminas-stratigility/src/Next.php(61): Middlewares\RequestHandler->process(Object(Laminas\Diactoros\ServerRequest), Object(Laminas\Stratigility\Next))
#39 /home/bzls8g1evy0v/public_html/forum/vendor/middlewares/base-path-router/src/BasePathRouter.php(97): Laminas\Stratigility\Next->handle(Object(Laminas\Diactoros\ServerRequest))
#40 /home/bzls8g1evy0v/public_html/forum/vendor/laminas/laminas-stratigility/src/Next.php(61): Middlewares\BasePathRouter->process(Object(Laminas\Diactoros\ServerRequest), Object(Laminas\Stratigility\Next))
#41 /home/bzls8g1evy0v/public_html/forum/vendor/laminas/laminas-stratigility/src/Middleware/OriginalMessages.php(42): Laminas\Stratigility\Next->handle(Object(Laminas\Diactoros\ServerRequest))
#42 /home/bzls8g1evy0v/public_html/forum/vendor/laminas/laminas-stratigility/src/Next.php(61): Laminas\Stratigility\Middleware\OriginalMessages->process(Object(Laminas\Diactoros\ServerRequest), Object(Laminas\Stratigility\Next))
#43 /home/bzls8g1evy0v/public_html/forum/vendor/middlewares/base-path/src/BasePath.php(53): Laminas\Stratigility\Next->handle(Object(Laminas\Diactoros\ServerRequest))
#44 /home/bzls8g1evy0v/public_html/forum/vendor/laminas/laminas-stratigility/src/Next.php(61): Middlewares\BasePath->process(Object(Laminas\Diactoros\ServerRequest), Object(Laminas\Stratigility\Next))
#45 /home/bzls8g1evy0v/public_html/forum/vendor/laminas/laminas-stratigility/src/MiddlewarePipe.php(84): Laminas\Stratigility\Next->handle(Object(Laminas\Diactoros\ServerRequest))
#46 /home/bzls8g1evy0v/public_html/forum/vendor/laminas/laminas-stratigility/src/MiddlewarePipe.php(73): Laminas\Stratigility\MiddlewarePipe->process(Object(Laminas\Diactoros\ServerRequest), Object(Laminas\Stratigility\EmptyPipelineHandler))
#47 /home/bzls8g1evy0v/public_html/forum/vendor/laminas/laminas-httphandlerrunner/src/RequestHandlerRunner.php(96): Laminas\Stratigility\MiddlewarePipe->handle(Object(Laminas\Diactoros\ServerRequest))
#48 /home/bzls8g1evy0v/public_html/forum/vendor/flarum/core/src/Http/Server.php(42): Laminas\HttpHandlerRunner\RequestHandlerRunner->run()
#49 /home/bzls8g1evy0v/public_html/forum/public/index.php(26): Flarum\Http\Server->listen()
#50 {main}  
[2020-11-14 11:42:35] production.ERROR: InvalidArgumentException: Cannot load XML: Specification mandate value for attribute border
 in /home/bzls8g1evy0v/public_html/forum/vendor/s9e/text-formatter/src/Renderer.php:46
Stack trace:
#0 /home/bzls8g1evy0v/public_html/forum/vendor/s9e/text-formatter/src/Renderers/PHP.php(303): s9e\TextFormatter\Renderer->loadXML('<table border>\r...')
#1 /home/bzls8g1evy0v/public_html/forum/vendor/s9e/text-formatter/src/Renderer.php(66): s9e\TextFormatter\Renderers\PHP->renderRichText('<table border>\r...')
#2 /home/bzls8g1evy0v/public_html/forum/vendor/flarum/core/src/Formatter/Formatter.php(80): s9e\TextFormatter\Renderer->render('<table border>\r...')
#3 /home/bzls8g1evy0v/public_html/forum/vendor/flarum/core/src/Post/CommentPost.php(172): Flarum\Formatter\Formatter->render('<table border>\r...', Object(Flarum\Post\CommentPost), Object(Laminas\Diactoros\ServerRequest))
#4 /home/bzls8g1evy0v/public_html/forum/vendor/flarum/core/src/Api/Serializer/BasicPostSerializer.php(44): Flarum\Post\CommentPost->formatContent(Object(Laminas\Diactoros\ServerRequest))
#5 /home/bzls8g1evy0v/public_html/forum/vendor/flarum/core/src/Api/Serializer/PostSerializer.php(35): Flarum\Api\Serializer\BasicPostSerializer->getDefaultAttributes(Object(Flarum\Post\CommentPost))
#6 /home/bzls8g1evy0v/public_html/forum/vendor/flarum/core/src/Api/Serializer/AbstractSerializer.php(84): Flarum\Api\Serializer\PostSerializer->getDefaultAttributes(Object(Flarum\Post\CommentPost))
#7 /home/bzls8g1evy0v/public_html/forum/vendor/tobscure/json-api/src/Resource.php(169): Flarum\Api\Serializer\AbstractSerializer->getAttributes(Object(Flarum\Post\CommentPost), NULL)
#8 /home/bzls8g1evy0v/public_html/forum/vendor/tobscure/json-api/src/Resource.php(75): Tobscure\JsonApi\Resource->getAttributes()
#9 /home/bzls8g1evy0v/public_html/forum/vendor/tobscure/json-api/src/Document.php(187): Tobscure\JsonApi\Resource->toArray()
#10 [internal function]: Tobscure\JsonApi\Document->Tobscure\JsonApi\{closure}(Object(Tobscure\JsonApi\Resource))
#11 /home/bzls8g1evy0v/public_html/forum/vendor/tobscure/json-api/src/Document.php(186): array_map(Object(Closure), Array)
#12 /home/bzls8g1evy0v/public_html/forum/vendor/tobscure/json-api/src/Document.php(224): Tobscure\JsonApi\Document->toArray()
#13 /home/bzls8g1evy0v/public_html/forum/vendor/flarum/core/src/Api/JsonApiResponse.php(27): Tobscure\JsonApi\Document->jsonSerialize()
#14 /home/bzls8g1evy0v/public_html/forum/vendor/flarum/core/src/Api/Controller/AbstractSerializeController.php(111): Flarum\Api\JsonApiResponse->__construct(Object(Tobscure\JsonApi\Document))
#15 /home/bzls8g1evy0v/public_html/forum/vendor/flarum/core/src/Http/RouteHandlerFactory.php(38): Flarum\Api\Controller\AbstractSerializeController->handle(Object(Laminas\Diactoros\ServerRequest))
#16 /home/bzls8g1evy0v/public_html/forum/vendor/flarum/core/src/Http/Middleware/DispatchRoute.php(65): Flarum\Http\RouteHandlerFactory->Flarum\Http\{closure}(Object(Laminas\Diactoros\ServerRequest), Array)
#17 /home/bzls8g1evy0v/public_html/forum/vendor/laminas/laminas-stratigility/src/Next.php(61): Flarum\Http\Middleware\DispatchRoute->process(Object(Laminas\Diactoros\ServerRequest), Object(Closure))
#18 /home/bzls8g1evy0v/public_html/forum/vendor/flarum/core/src/Http/Middleware/SetLocale.php(50): Laminas\Stratigility\Next->handle(Object(Laminas\Diactoros\ServerRequest))
#19 /home/bzls8g1evy0v/public_html/forum/vendor/laminas/laminas-stratigility/src/Next.php(61): Flarum\Http\Middleware\SetLocale->process(Object(Laminas\Diactoros\ServerRequest), Object(Laminas\Stratigility\Next))
#20 /home/bzls8g1evy0v/public_html/forum/vendor/flarum/core/src/Http/Middleware/CheckCsrfToken.php(37): Laminas\Stratigility\Next->handle(Object(Laminas\Diactoros\ServerRequest))
#21 /home/bzls8g1evy0v/public_html/forum/vendor/laminas/laminas-stratigility/src/Next.php(61): Flarum\Http\Middleware\CheckCsrfToken->process(Object(Laminas\Diactoros\ServerRequest), Object(Laminas\Stratigility\Next))
#22 /home/bzls8g1evy0v/public_html/forum/vendor/flarum/core/src/Http/Middleware/AuthenticateWithHeader.php(55): Laminas\Stratigility\Next->handle(Object(Laminas\Diactoros\ServerRequest))
#23 /home/bzls8g1evy0v/public_html/forum/vendor/laminas/laminas-stratigility/src/Next.php(61): Flarum\Http\Middleware\AuthenticateWithHeader->process(Object(Laminas\Diactoros\ServerRequest), Object(Laminas\Stratigility\Next))
#24 /home/bzls8g1evy0v/public_html/forum/vendor/flarum/core/src/Http/Middleware/AuthenticateWithSession.php(32): Laminas\Stratigility\Next->handle(Object(Laminas\Diactoros\ServerRequest))
#25 /home/bzls8g1evy0v/public_html/forum/vendor/laminas/laminas-stratigility/src/Next.php(61): Flarum\Http\Middleware\AuthenticateWithSession->process(Object(Laminas\Diactoros\ServerRequest), Object(Laminas\Stratigility\Next))
#26 /home/bzls8g1evy0v/public_html/forum/vendor/flarum/core/src/Http/Middleware/RememberFromCookie.php(51): Laminas\Stratigility\Next->handle(Object(Laminas\Diactoros\ServerRequest))
#27 /home/bzls8g1evy0v/public_html/forum/vendor/laminas/laminas-stratigility/src/Next.php(61): Flarum\Http\Middleware\RememberFromCookie->process(Object(Laminas\Diactoros\ServerRequest), Object(Laminas\Stratigility\Next))
#28 /home/bzls8g1evy0v/public_html/forum/vendor/flarum/core/src/Http/Middleware/StartSession.php(61): Laminas\Stratigility\Next->handle(Object(Laminas\Diactoros\ServerRequest))
#29 /home/bzls8g1evy0v/public_html/forum/vendor/laminas/laminas-stratigility/src/Next.php(61): Flarum\Http\Middleware\StartSession->process(Object(Laminas\Diactoros\ServerRequest), Object(Laminas\Stratigility\Next))
#30 /home/bzls8g1evy0v/public_html/forum/vendor/flarum/core/src/Api/Middleware/FakeHttpMethods.php(29): Laminas\Stratigility\Next->handle(Object(Laminas\Diactoros\ServerRequest))
#31 /home/bzls8g1evy0v/public_html/forum/vendor/laminas/laminas-stratigility/src/Next.php(61): Flarum\Api\Middleware\FakeHttpMethods->process(Object(Laminas\Diactoros\ServerRequest), Object(Laminas\Stratigility\Next))
#32 /home/bzls8g1evy0v/public_html/forum/vendor/flarum/core/src/Http/Middleware/ParseJsonBody.php(28): Laminas\Stratigility\Next->handle(Object(Laminas\Diactoros\ServerRequest))
#33 /home/bzls8g1evy0v/public_html/forum/vendor/laminas/laminas-stratigility/src/Next.php(61): Flarum\Http\Middleware\ParseJsonBody->process(Object(Laminas\Diactoros\ServerRequest), Object(Laminas\Stratigility\Next))
#34 /home/bzls8g1evy0v/public_html/forum/vendor/flarum/core/src/Http/Middleware/HandleErrors.php(57): Laminas\Stratigility\Next->handle(Object(Laminas\Diactoros\ServerRequest))
#35 /home/bzls8g1evy0v/public_html/forum/vendor/laminas/laminas-stratigility/src/Next.php(61): Flarum\Http\Middleware\HandleErrors->process(Object(Laminas\Diactoros\ServerRequest), Object(Laminas\Stratigility\Next))
#36 /home/bzls8g1evy0v/public_html/forum/vendor/laminas/laminas-stratigility/src/MiddlewarePipe.php(84): Laminas\Stratigility\Next->handle(Object(Laminas\Diactoros\ServerRequest))
#37 /home/bzls8g1evy0v/public_html/forum/vendor/middlewares/request-handler/src/RequestHandler.php(84): Laminas\Stratigility\MiddlewarePipe->process(Object(Laminas\Diactoros\ServerRequest), Object(Laminas\Stratigility\Next))
#38 /home/bzls8g1evy0v/public_html/forum/vendor/laminas/laminas-stratigility/src/Next.php(61): Middlewares\RequestHandler->process(Object(Laminas\Diactoros\ServerRequest), Object(Laminas\Stratigility\Next))
#39 /home/bzls8g1evy0v/public_html/forum/vendor/middlewares/base-path-router/src/BasePathRouter.php(97): Laminas\Stratigility\Next->handle(Object(Laminas\Diactoros\ServerRequest))
#40 /home/bzls8g1evy0v/public_html/forum/vendor/laminas/laminas-stratigility/src/Next.php(61): Middlewares\BasePathRouter->process(Object(Laminas\Diactoros\ServerRequest), Object(Laminas\Stratigility\Next))
#41 /home/bzls8g1evy0v/public_html/forum/vendor/laminas/laminas-stratigility/src/Middleware/OriginalMessages.php(42): Laminas\Stratigility\Next->handle(Object(Laminas\Diactoros\ServerRequest))
#42 /home/bzls8g1evy0v/public_html/forum/vendor/laminas/laminas-stratigility/src/Next.php(61): Laminas\Stratigility\Middleware\OriginalMessages->process(Object(Laminas\Diactoros\ServerRequest), Object(Laminas\Stratigility\Next))
#43 /home/bzls8g1evy0v/public_html/forum/vendor/middlewares/base-path/src/BasePath.php(53): Laminas\Stratigility\Next->handle(Object(Laminas\Diactoros\ServerRequest))
#44 /home/bzls8g1evy0v/public_html/forum/vendor/laminas/laminas-stratigility/src/Next.php(61): Middlewares\BasePath->process(Object(Laminas\Diactoros\ServerRequest), Object(Laminas\Stratigility\Next))
#45 /home/bzls8g1evy0v/public_html/forum/vendor/laminas/laminas-stratigility/src/MiddlewarePipe.php(84): Laminas\Stratigility\Next->handle(Object(Laminas\Diactoros\ServerRequest))
#46 /home/bzls8g1evy0v/public_html/forum/vendor/laminas/laminas-stratigility/src/MiddlewarePipe.php(73): Laminas\Stratigility\MiddlewarePipe->process(Object(Laminas\Diactoros\ServerRequest), Object(Laminas\Stratigility\EmptyPipelineHandler))
#47 /home/bzls8g1evy0v/public_html/forum/vendor/laminas/laminas-httphandlerrunner/src/RequestHandlerRunner.php(96): Laminas\Stratigility\MiddlewarePipe->handle(Object(Laminas\Diactoros\ServerRequest))
#48 /home/bzls8g1evy0v/public_html/forum/vendor/flarum/core/src/Http/Server.php(42): Laminas\HttpHandlerRunner\RequestHandlerRunner->run()
#49 /home/bzls8g1evy0v/public_html/forum/public/index.php(26): Flarum\Http\Server->listen()
#50 {main}  
[2020-11-14 11:42:37] production.ERROR: InvalidArgumentException: Cannot load XML: Specification mandate value for attribute border
 in /home/bzls8g1evy0v/public_html/forum/vendor/s9e/text-formatter/src/Renderer.php:46
Stack trace:
#0 /home/bzls8g1evy0v/public_html/forum/vendor/s9e/text-formatter/src/Renderers/PHP.php(303): s9e\TextFormatter\Renderer->loadXML('<table border>\r...')
#1 /home/bzls8g1evy0v/public_html/forum/vendor/s9e/text-formatter/src/Renderer.php(66): s9e\TextFormatter\Renderers\PHP->renderRichText('<table border>\r...')
#2 /home/bzls8g1evy0v/public_html/forum/vendor/flarum/core/src/Formatter/Formatter.php(80): s9e\TextFormatter\Renderer->render('<table border>\r...')
#3 /home/bzls8g1evy0v/public_html/forum/vendor/flarum/core/src/Post/CommentPost.php(172): Flarum\Formatter\Formatter->render('<table border>\r...', Object(Flarum\Post\CommentPost), Object(Laminas\Diactoros\ServerRequest))
#4 /home/bzls8g1evy0v/public_html/forum/vendor/flarum/core/src/Api/Serializer/BasicPostSerializer.php(44): Flarum\Post\CommentPost->formatContent(Object(Laminas\Diactoros\ServerRequest))
#5 /home/bzls8g1evy0v/public_html/forum/vendor/flarum/core/src/Api/Serializer/PostSerializer.php(35): Flarum\Api\Serializer\BasicPostSerializer->getDefaultAttributes(Object(Flarum\Post\CommentPost))
#6 /home/bzls8g1evy0v/public_html/forum/vendor/flarum/core/src/Api/Serializer/AbstractSerializer.php(84): Flarum\Api\Serializer\PostSerializer->getDefaultAttributes(Object(Flarum\Post\CommentPost))
#7 /home/bzls8g1evy0v/public_html/forum/vendor/tobscure/json-api/src/Resource.php(169): Flarum\Api\Serializer\AbstractSerializer->getAttributes(Object(Flarum\Post\CommentPost), NULL)
#8 /home/bzls8g1evy0v/public_html/forum/vendor/tobscure/json-api/src/Resource.php(75): Tobscure\JsonApi\Resource->getAttributes()
#9 /home/bzls8g1evy0v/public_html/forum/vendor/tobscure/json-api/src/Document.php(187): Tobscure\JsonApi\Resource->toArray()
#10 [internal function]: Tobscure\JsonApi\Document->Tobscure\JsonApi\{closure}(Object(Tobscure\JsonApi\Resource))
#11 /home/bzls8g1evy0v/public_html/forum/vendor/tobscure/json-api/src/Document.php(186): array_map(Object(Closure), Array)
#12 /home/bzls8g1evy0v/public_html/forum/vendor/tobscure/json-api/src/Document.php(224): Tobscure\JsonApi\Document->toArray()
#13 /home/bzls8g1evy0v/public_html/forum/vendor/flarum/core/src/Api/JsonApiResponse.php(27): Tobscure\JsonApi\Document->jsonSerialize()
#14 /home/bzls8g1evy0v/public_html/forum/vendor/flarum/core/src/Api/Controller/AbstractSerializeController.php(111): Flarum\Api\JsonApiResponse->__construct(Object(Tobscure\JsonApi\Document))
#15 /home/bzls8g1evy0v/public_html/forum/vendor/flarum/core/src/Api/Client.php(72): Flarum\Api\Controller\AbstractSerializeController->handle(Object(Laminas\Diactoros\ServerRequest))
#16 /home/bzls8g1evy0v/public_html/forum/vendor/flarum/core/src/Forum/Content/Discussion.php(109): Flarum\Api\Client->send(Object(Flarum\Api\Controller\ShowDiscussionController), Object(Flarum\User\User), Array)
#17 /home/bzls8g1evy0v/public_html/forum/vendor/flarum/core/src/Forum/Content/Discussion.php(64): Flarum\Forum\Content\Discussion->getApiDocument(Object(Flarum\User\User), Array)
#18 /home/bzls8g1evy0v/public_html/forum/vendor/flarum/core/src/Frontend/Frontend.php(63): Flarum\Forum\Content\Discussion->__invoke(Object(Flarum\Frontend\Document), Object(Laminas\Diactoros\ServerRequest))
#19 /home/bzls8g1evy0v/public_html/forum/vendor/flarum/core/src/Frontend/Frontend.php(55): Flarum\Frontend\Frontend->populate(Object(Flarum\Frontend\Document), Object(Laminas\Diactoros\ServerRequest))
#20 /home/bzls8g1evy0v/public_html/forum/vendor/flarum/core/src/Frontend/Controller.php(32): Flarum\Frontend\Frontend->document(Object(Laminas\Diactoros\ServerRequest))
#21 /home/bzls8g1evy0v/public_html/forum/vendor/flarum/core/src/Http/RouteHandlerFactory.php(38): Flarum\Frontend\Controller->handle(Object(Laminas\Diactoros\ServerRequest))
#22 /home/bzls8g1evy0v/public_html/forum/vendor/flarum/core/src/Http/Middleware/DispatchRoute.php(65): Flarum\Http\RouteHandlerFactory->Flarum\Http\{closure}(Object(Laminas\Diactoros\ServerRequest), Array)
#23 /home/bzls8g1evy0v/public_html/forum/vendor/laminas/laminas-stratigility/src/Next.php(61): Flarum\Http\Middleware\DispatchRoute->process(Object(Laminas\Diactoros\ServerRequest), Object(Closure))
#24 /home/bzls8g1evy0v/public_html/forum/vendor/flarum/core/src/Http/Middleware/ShareErrorsFromSession.php(57): Laminas\Stratigility\Next->handle(Object(Laminas\Diactoros\ServerRequest))
#25 /home/bzls8g1evy0v/public_html/forum/vendor/laminas/laminas-stratigility/src/Next.php(61): Flarum\Http\Middleware\ShareErrorsFromSession->process(Object(Laminas\Diactoros\ServerRequest), Object(Laminas\Stratigility\Next))
#26 /home/bzls8g1evy0v/public_html/forum/vendor/flarum/core/src/Http/Middleware/SetLocale.php(50): Laminas\Stratigility\Next->handle(Object(Laminas\Diactoros\ServerRequest))
#27 /home/bzls8g1evy0v/public_html/forum/vendor/laminas/laminas-stratigility/src/Next.php(61): Flarum\Http\Middleware\SetLocale->process(Object(Laminas\Diactoros\ServerRequest), Object(Laminas\Stratigility\Next))
#28 /home/bzls8g1evy0v/public_html/forum/vendor/flarum/core/src/Http/Middleware/CheckCsrfToken.php(37): Laminas\Stratigility\Next->handle(Object(Laminas\Diactoros\ServerRequest))
#29 /home/bzls8g1evy0v/public_html/forum/vendor/laminas/laminas-stratigility/src/Next.php(61): Flarum\Http\Middleware\CheckCsrfToken->process(Object(Laminas\Diactoros\ServerRequest), Object(Laminas\Stratigility\Next))
#30 /home/bzls8g1evy0v/public_html/forum/vendor/flarum/core/src/Http/Middleware/AuthenticateWithSession.php(32): Laminas\Stratigility\Next->handle(Object(Laminas\Diactoros\ServerRequest))
#31 /home/bzls8g1evy0v/public_html/forum/vendor/laminas/laminas-stratigility/src/Next.php(61): Flarum\Http\Middleware\AuthenticateWithSession->process(Object(Laminas\Diactoros\ServerRequest), Object(Laminas\Stratigility\Next))
#32 /home/bzls8g1evy0v/public_html/forum/vendor/flarum/core/src/Http/Middleware/RememberFromCookie.php(51): Laminas\Stratigility\Next->handle(Object(Laminas\Diactoros\ServerRequest))
#33 /home/bzls8g1evy0v/public_html/forum/vendor/laminas/laminas-stratigility/src/Next.php(61): Flarum\Http\Middleware\RememberFromCookie->process(Object(Laminas\Diactoros\ServerRequest), Object(Laminas\Stratigility\Next))
#34 /home/bzls8g1evy0v/public_html/forum/vendor/flarum/core/src/Http/Middleware/StartSession.php(61): Laminas\Stratigility\Next->handle(Object(Laminas\Diactoros\ServerRequest))
#35 /home/bzls8g1evy0v/public_html/forum/vendor/laminas/laminas-stratigility/src/Next.php(61): Flarum\Http\Middleware\StartSession->process(Object(Laminas\Diactoros\ServerRequest), Object(Laminas\Stratigility\Next))
#36 /home/bzls8g1evy0v/public_html/forum/vendor/flarum/core/src/Http/Middleware/CollectGarbage.php(46): Laminas\Stratigility\Next->handle(Object(Laminas\Diactoros\ServerRequest))
#37 /home/bzls8g1evy0v/public_html/forum/vendor/laminas/laminas-stratigility/src/Next.php(61): Flarum\Http\Middleware\CollectGarbage->process(Object(Laminas\Diactoros\ServerRequest), Object(Laminas\Stratigility\Next))
#38 /home/bzls8g1evy0v/public_html/forum/vendor/flarum/core/src/Http/Middleware/ParseJsonBody.php(28): Laminas\Stratigility\Next->handle(Object(Laminas\Diactoros\ServerRequest))
#39 /home/bzls8g1evy0v/public_html/forum/vendor/laminas/laminas-stratigility/src/Next.php(61): Flarum\Http\Middleware\ParseJsonBody->process(Object(Laminas\Diactoros\ServerRequest), Object(Laminas\Stratigility\Next))
#40 /home/bzls8g1evy0v/public_html/forum/vendor/flarum/core/src/Http/Middleware/HandleErrors.php(57): Laminas\Stratigility\Next->handle(Object(Laminas\Diactoros\ServerRequest))
#41 /home/bzls8g1evy0v/public_html/forum/vendor/laminas/laminas-stratigility/src/Next.php(61): Flarum\Http\Middleware\HandleErrors->process(Object(Laminas\Diactoros\ServerRequest), Object(Laminas\Stratigility\Next))
#42 /home/bzls8g1evy0v/public_html/forum/vendor/laminas/laminas-stratigility/src/MiddlewarePipe.php(84): Laminas\Stratigility\Next->handle(Object(Laminas\Diactoros\ServerRequest))
#43 /home/bzls8g1evy0v/public_html/forum/vendor/middlewares/request-handler/src/RequestHandler.php(84): Laminas\Stratigility\MiddlewarePipe->process(Object(Laminas\Diactoros\ServerRequest), Object(Laminas\Stratigility\Next))
#44 /home/bzls8g1evy0v/public_html/forum/vendor/laminas/laminas-stratigility/src/Next.php(61): Middlewares\RequestHandler->process(Object(Laminas\Diactoros\ServerRequest), Object(Laminas\Stratigility\Next))
#45 /home/bzls8g1evy0v/public_html/forum/vendor/middlewares/base-path-router/src/BasePathRouter.php(97): Laminas\Stratigility\Next->handle(Object(Laminas\Diactoros\ServerRequest))
#46 /home/bzls8g1evy0v/public_html/forum/vendor/laminas/laminas-stratigility/src/Next.php(61): Middlewares\BasePathRouter->process(Object(Laminas\Diactoros\ServerRequest), Object(Laminas\Stratigility\Next))
#47 /home/bzls8g1evy0v/public_html/forum/vendor/laminas/laminas-stratigility/src/Middleware/OriginalMessages.php(42): Laminas\Stratigility\Next->handle(Object(Laminas\Diactoros\ServerRequest))
#48 /home/bzls8g1evy0v/public_html/forum/vendor/laminas/laminas-stratigility/src/Next.php(61): Laminas\Stratigility\Middleware\OriginalMessages->process(Object(Laminas\Diactoros\ServerRequest), Object(Laminas\Stratigility\Next))
#49 /home/bzls8g1evy0v/public_html/forum/vendor/middlewares/base-path/src/BasePath.php(53): Laminas\Stratigility\Next->handle(Object(Laminas\Diactoros\ServerRequest))
#50 /home/bzls8g1evy0v/public_html/forum/vendor/laminas/laminas-stratigility/src/Next.php(61): Middlewares\BasePath->process(Object(Laminas\Diactoros\ServerRequest), Object(Laminas\Stratigility\Next))
#51 /home/bzls8g1evy0v/public_html/forum/vendor/laminas/laminas-stratigility/src/MiddlewarePipe.php(84): Laminas\Stratigility\Next->handle(Object(Laminas\Diactoros\ServerRequest))
#52 /home/bzls8g1evy0v/public_html/forum/vendor/laminas/laminas-stratigility/src/MiddlewarePipe.php(73): Laminas\Stratigility\MiddlewarePipe->process(Object(Laminas\Diactoros\ServerRequest), Object(Laminas\Stratigility\EmptyPipelineHandler))
#53 /home/bzls8g1evy0v/public_html/forum/vendor/laminas/laminas-httphandlerrunner/src/RequestHandlerRunner.php(96): Laminas\Stratigility\MiddlewarePipe->handle(Object(Laminas\Diactoros\ServerRequest))
#54 /home/bzls8g1evy0v/public_html/forum/vendor/flarum/core/src/Http/Server.php(42): Laminas\HttpHandlerRunner\RequestHandlerRunner->run()
#55 /home/bzls8g1evy0v/public_html/forum/public/index.php(26): Flarum\Http\Server->listen()
#56 {main}  
[2020-11-14 11:44:50] production.ERROR: InvalidArgumentException: Cannot load XML: Premature end of data in tag br line 1
 in /home/bzls8g1evy0v/public_html/forum/vendor/s9e/text-formatter/src/Renderer.php:46
Stack trace:
#0 /home/bzls8g1evy0v/public_html/forum/vendor/s9e/text-formatter/src/Renderers/PHP.php(303): s9e\TextFormatter\Renderer->loadXML('<br>\r\n\xE9\x82\xA3\xE8\xBF\x98\xE6\x98\xAF...')
#1 /home/bzls8g1evy0v/public_html/forum/vendor/s9e/text-formatter/src/Renderer.php(66): s9e\TextFormatter\Renderers\PHP->renderRichText('<br>\r\n\xE9\x82\xA3\xE8\xBF\x98\xE6\x98\xAF...')
#2 /home/bzls8g1evy0v/public_html/forum/vendor/flarum/core/src/Formatter/Formatter.php(80): s9e\TextFormatter\Renderer->render('<br>\r\n\xE9\x82\xA3\xE8\xBF\x98\xE6\x98\xAF...')
#3 /home/bzls8g1evy0v/public_html/forum/vendor/flarum/core/src/Post/CommentPost.php(172): Flarum\Formatter\Formatter->render('<br>\r\n\xE9\x82\xA3\xE8\xBF\x98\xE6\x98\xAF...', Object(Flarum\Post\CommentPost), Object(Laminas\Diactoros\ServerRequest))
#4 /home/bzls8g1evy0v/public_html/forum/vendor/flarum/core/src/Api/Serializer/BasicPostSerializer.php(44): Flarum\Post\CommentPost->formatContent(Object(Laminas\Diactoros\ServerRequest))
#5 /home/bzls8g1evy0v/public_html/forum/vendor/flarum/core/src/Api/Serializer/PostSerializer.php(35): Flarum\Api\Serializer\BasicPostSerializer->getDefaultAttributes(Object(Flarum\Post\CommentPost))
#6 /home/bzls8g1evy0v/public_html/forum/vendor/flarum/core/src/Api/Serializer/AbstractSerializer.php(84): Flarum\Api\Serializer\PostSerializer->getDefaultAttributes(Object(Flarum\Post\CommentPost))
#7 /home/bzls8g1evy0v/public_html/forum/vendor/tobscure/json-api/src/Resource.php(169): Flarum\Api\Serializer\AbstractSerializer->getAttributes(Object(Flarum\Post\CommentPost), NULL)
#8 /home/bzls8g1evy0v/public_html/forum/vendor/tobscure/json-api/src/Resource.php(75): Tobscure\JsonApi\Resource->getAttributes()
#9 /home/bzls8g1evy0v/public_html/forum/vendor/tobscure/json-api/src/Document.php(187): Tobscure\JsonApi\Resource->toArray()
#10 [internal function]: Tobscure\JsonApi\Document->Tobscure\JsonApi\{closure}(Object(Tobscure\JsonApi\Resource))
#11 /home/bzls8g1evy0v/public_html/forum/vendor/tobscure/json-api/src/Document.php(186): array_map(Object(Closure), Array)
#12 /home/bzls8g1evy0v/public_html/forum/vendor/tobscure/json-api/src/Document.php(224): Tobscure\JsonApi\Document->toArray()
#13 /home/bzls8g1evy0v/public_html/forum/vendor/flarum/core/src/Api/JsonApiResponse.php(27): Tobscure\JsonApi\Document->jsonSerialize()
#14 /home/bzls8g1evy0v/public_html/forum/vendor/flarum/core/src/Api/Controller/AbstractSerializeController.php(111): Flarum\Api\JsonApiResponse->__construct(Object(Tobscure\JsonApi\Document))
#15 /home/bzls8g1evy0v/public_html/forum/vendor/flarum/core/src/Http/RouteHandlerFactory.php(38): Flarum\Api\Controller\AbstractSerializeController->handle(Object(Laminas\Diactoros\ServerRequest))
#16 /home/bzls8g1evy0v/public_html/forum/vendor/flarum/core/src/Http/Middleware/DispatchRoute.php(65): Flarum\Http\RouteHandlerFactory->Flarum\Http\{closure}(Object(Laminas\Diactoros\ServerRequest), Array)
#17 /home/bzls8g1evy0v/public_html/forum/vendor/laminas/laminas-stratigility/src/Next.php(61): Flarum\Http\Middleware\DispatchRoute->process(Object(Laminas\Diactoros\ServerRequest), Object(Closure))
#18 /home/bzls8g1evy0v/public_html/forum/vendor/flarum/core/src/Http/Middleware/SetLocale.php(50): Laminas\Stratigility\Next->handle(Object(Laminas\Diactoros\ServerRequest))
#19 /home/bzls8g1evy0v/public_html/forum/vendor/laminas/laminas-stratigility/src/Next.php(61): Flarum\Http\Middleware\SetLocale->process(Object(Laminas\Diactoros\ServerRequest), Object(Laminas\Stratigility\Next))
#20 /home/bzls8g1evy0v/public_html/forum/vendor/flarum/core/src/Http/Middleware/CheckCsrfToken.php(37): Laminas\Stratigility\Next->handle(Object(Laminas\Diactoros\ServerRequest))
#21 /home/bzls8g1evy0v/public_html/forum/vendor/laminas/laminas-stratigility/src/Next.php(61): Flarum\Http\Middleware\CheckCsrfToken->process(Object(Laminas\Diactoros\ServerRequest), Object(Laminas\Stratigility\Next))
#22 /home/bzls8g1evy0v/public_html/forum/vendor/flarum/core/src/Http/Middleware/AuthenticateWithHeader.php(55): Laminas\Stratigility\Next->handle(Object(Laminas\Diactoros\ServerRequest))
#23 /home/bzls8g1evy0v/public_html/forum/vendor/laminas/laminas-stratigility/src/Next.php(61): Flarum\Http\Middleware\AuthenticateWithHeader->process(Object(Laminas\Diactoros\ServerRequest), Object(Laminas\Stratigility\Next))
#24 /home/bzls8g1evy0v/public_html/forum/vendor/flarum/core/src/Http/Middleware/AuthenticateWithSession.php(32): Laminas\Stratigility\Next->handle(Object(Laminas\Diactoros\ServerRequest))
#25 /home/bzls8g1evy0v/public_html/forum/vendor/laminas/laminas-stratigility/src/Next.php(61): Flarum\Http\Middleware\AuthenticateWithSession->process(Object(Laminas\Diactoros\ServerRequest), Object(Laminas\Stratigility\Next))
#26 /home/bzls8g1evy0v/public_html/forum/vendor/flarum/core/src/Http/Middleware/RememberFromCookie.php(51): Laminas\Stratigility\Next->handle(Object(Laminas\Diactoros\ServerRequest))
#27 /home/bzls8g1evy0v/public_html/forum/vendor/laminas/laminas-stratigility/src/Next.php(61): Flarum\Http\Middleware\RememberFromCookie->process(Object(Laminas\Diactoros\ServerRequest), Object(Laminas\Stratigility\Next))
#28 /home/bzls8g1evy0v/public_html/forum/vendor/flarum/core/src/Http/Middleware/StartSession.php(61): Laminas\Stratigility\Next->handle(Object(Laminas\Diactoros\ServerRequest))
#29 /home/bzls8g1evy0v/public_html/forum/vendor/laminas/laminas-stratigility/src/Next.php(61): Flarum\Http\Middleware\StartSession->process(Object(Laminas\Diactoros\ServerRequest), Object(Laminas\Stratigility\Next))
#30 /home/bzls8g1evy0v/public_html/forum/vendor/flarum/core/src/Api/Middleware/FakeHttpMethods.php(29): Laminas\Stratigility\Next->handle(Object(Laminas\Diactoros\ServerRequest))
#31 /home/bzls8g1evy0v/public_html/forum/vendor/laminas/laminas-stratigility/src/Next.php(61): Flarum\Api\Middleware\FakeHttpMethods->process(Object(Laminas\Diactoros\ServerRequest), Object(Laminas\Stratigility\Next))
#32 /home/bzls8g1evy0v/public_html/forum/vendor/flarum/core/src/Http/Middleware/ParseJsonBody.php(28): Laminas\Stratigility\Next->handle(Object(Laminas\Diactoros\ServerRequest))
#33 /home/bzls8g1evy0v/public_html/forum/vendor/laminas/laminas-stratigility/src/Next.php(61): Flarum\Http\Middleware\ParseJsonBody->process(Object(Laminas\Diactoros\ServerRequest), Object(Laminas\Stratigility\Next))
#34 /home/bzls8g1evy0v/public_html/forum/vendor/flarum/core/src/Http/Middleware/HandleErrors.php(57): Laminas\Stratigility\Next->handle(Object(Laminas\Diactoros\ServerRequest))
#35 /home/bzls8g1evy0v/public_html/forum/vendor/laminas/laminas-stratigility/src/Next.php(61): Flarum\Http\Middleware\HandleErrors->process(Object(Laminas\Diactoros\ServerRequest), Object(Laminas\Stratigility\Next))
#36 /home/bzls8g1evy0v/public_html/forum/vendor/laminas/laminas-stratigility/src/MiddlewarePipe.php(84): Laminas\Stratigility\Next->handle(Object(Laminas\Diactoros\ServerRequest))
#37 /home/bzls8g1evy0v/public_html/forum/vendor/middlewares/request-handler/src/RequestHandler.php(84): Laminas\Stratigility\MiddlewarePipe->process(Object(Laminas\Diactoros\ServerRequest), Object(Laminas\Stratigility\Next))
#38 /home/bzls8g1evy0v/public_html/forum/vendor/laminas/laminas-stratigility/src/Next.php(61): Middlewares\RequestHandler->process(Object(Laminas\Diactoros\ServerRequest), Object(Laminas\Stratigility\Next))
#39 /home/bzls8g1evy0v/public_html/forum/vendor/middlewares/base-path-router/src/BasePathRouter.php(97): Laminas\Stratigility\Next->handle(Object(Laminas\Diactoros\ServerRequest))
#40 /home/bzls8g1evy0v/public_html/forum/vendor/laminas/laminas-stratigility/src/Next.php(61): Middlewares\BasePathRouter->process(Object(Laminas\Diactoros\ServerRequest), Object(Laminas\Stratigility\Next))
#41 /home/bzls8g1evy0v/public_html/forum/vendor/laminas/laminas-stratigility/src/Middleware/OriginalMessages.php(42): Laminas\Stratigility\Next->handle(Object(Laminas\Diactoros\ServerRequest))
#42 /home/bzls8g1evy0v/public_html/forum/vendor/laminas/laminas-stratigility/src/Next.php(61): Laminas\Stratigility\Middleware\OriginalMessages->process(Object(Laminas\Diactoros\ServerRequest), Object(Laminas\Stratigility\Next))
#43 /home/bzls8g1evy0v/public_html/forum/vendor/middlewares/base-path/src/BasePath.php(53): Laminas\Stratigility\Next->handle(Object(Laminas\Diactoros\ServerRequest))
#44 /home/bzls8g1evy0v/public_html/forum/vendor/laminas/laminas-stratigility/src/Next.php(61): Middlewares\BasePath->process(Object(Laminas\Diactoros\ServerRequest), Object(Laminas\Stratigility\Next))
#45 /home/bzls8g1evy0v/public_html/forum/vendor/laminas/laminas-stratigility/src/MiddlewarePipe.php(84): Laminas\Stratigility\Next->handle(Object(Laminas\Diactoros\ServerRequest))
#46 /home/bzls8g1evy0v/public_html/forum/vendor/laminas/laminas-stratigility/src/MiddlewarePipe.php(73): Laminas\Stratigility\MiddlewarePipe->process(Object(Laminas\Diactoros\ServerRequest), Object(Laminas\Stratigility\EmptyPipelineHandler))
#47 /home/bzls8g1evy0v/public_html/forum/vendor/laminas/laminas-httphandlerrunner/src/RequestHandlerRunner.php(96): Laminas\Stratigility\MiddlewarePipe->handle(Object(Laminas\Diactoros\ServerRequest))
#48 /home/bzls8g1evy0v/public_html/forum/vendor/flarum/core/src/Http/Server.php(42): Laminas\HttpHandlerRunner\RequestHandlerRunner->run()
#49 /home/bzls8g1evy0v/public_html/forum/public/index.php(26): Flarum\Http\Server->listen()
#50 {main}  
[2020-11-14 11:44:55] production.ERROR: InvalidArgumentException: Cannot load XML: Premature end of data in tag br line 1
 in /home/bzls8g1evy0v/public_html/forum/vendor/s9e/text-formatter/src/Renderer.php:46
Stack trace:
#0 /home/bzls8g1evy0v/public_html/forum/vendor/s9e/text-formatter/src/Renderers/PHP.php(303): s9e\TextFormatter\Renderer->loadXML('<br>\r\n\xE9\x82\xA3\xE8\xBF\x98\xE6\x98\xAF...')
#1 /home/bzls8g1evy0v/public_html/forum/vendor/s9e/text-formatter/src/Renderer.php(66): s9e\TextFormatter\Renderers\PHP->renderRichText('<br>\r\n\xE9\x82\xA3\xE8\xBF\x98\xE6\x98\xAF...')
#2 /home/bzls8g1evy0v/public_html/forum/vendor/flarum/core/src/Formatter/Formatter.php(80): s9e\TextFormatter\Renderer->render('<br>\r\n\xE9\x82\xA3\xE8\xBF\x98\xE6\x98\xAF...')
#3 /home/bzls8g1evy0v/public_html/forum/vendor/flarum/core/src/Post/CommentPost.php(172): Flarum\Formatter\Formatter->render('<br>\r\n\xE9\x82\xA3\xE8\xBF\x98\xE6\x98\xAF...', Object(Flarum\Post\CommentPost), Object(Laminas\Diactoros\ServerRequest))
#4 /home/bzls8g1evy0v/public_html/forum/vendor/flarum/core/src/Api/Serializer/BasicPostSerializer.php(44): Flarum\Post\CommentPost->formatContent(Object(Laminas\Diactoros\ServerRequest))
#5 /home/bzls8g1evy0v/public_html/forum/vendor/flarum/core/src/Api/Serializer/PostSerializer.php(35): Flarum\Api\Serializer\BasicPostSerializer->getDefaultAttributes(Object(Flarum\Post\CommentPost))
#6 /home/bzls8g1evy0v/public_html/forum/vendor/flarum/core/src/Api/Serializer/AbstractSerializer.php(84): Flarum\Api\Serializer\PostSerializer->getDefaultAttributes(Object(Flarum\Post\CommentPost))
#7 /home/bzls8g1evy0v/public_html/forum/vendor/tobscure/json-api/src/Resource.php(169): Flarum\Api\Serializer\AbstractSerializer->getAttributes(Object(Flarum\Post\CommentPost), NULL)
#8 /home/bzls8g1evy0v/public_html/forum/vendor/tobscure/json-api/src/Resource.php(75): Tobscure\JsonApi\Resource->getAttributes()
#9 /home/bzls8g1evy0v/public_html/forum/vendor/tobscure/json-api/src/Document.php(187): Tobscure\JsonApi\Resource->toArray()
#10 [internal function]: Tobscure\JsonApi\Document->Tobscure\JsonApi\{closure}(Object(Tobscure\JsonApi\Resource))
#11 /home/bzls8g1evy0v/public_html/forum/vendor/tobscure/json-api/src/Document.php(186): array_map(Object(Closure), Array)
#12 /home/bzls8g1evy0v/public_html/forum/vendor/tobscure/json-api/src/Document.php(224): Tobscure\JsonApi\Document->toArray()
#13 /home/bzls8g1evy0v/public_html/forum/vendor/flarum/core/src/Api/JsonApiResponse.php(27): Tobscure\JsonApi\Document->jsonSerialize()
#14 /home/bzls8g1evy0v/public_html/forum/vendor/flarum/core/src/Api/Controller/AbstractSerializeController.php(111): Flarum\Api\JsonApiResponse->__construct(Object(Tobscure\JsonApi\Document))
#15 /home/bzls8g1evy0v/public_html/forum/vendor/flarum/core/src/Api/Client.php(72): Flarum\Api\Controller\AbstractSerializeController->handle(Object(Laminas\Diactoros\ServerRequest))
#16 /home/bzls8g1evy0v/public_html/forum/vendor/flarum/core/src/Forum/Content/Discussion.php(109): Flarum\Api\Client->send(Object(Flarum\Api\Controller\ShowDiscussionController), Object(Flarum\User\User), Array)
#17 /home/bzls8g1evy0v/public_html/forum/vendor/flarum/core/src/Forum/Content/Discussion.php(64): Flarum\Forum\Content\Discussion->getApiDocument(Object(Flarum\User\User), Array)
#18 /home/bzls8g1evy0v/public_html/forum/vendor/flarum/core/src/Frontend/Frontend.php(63): Flarum\Forum\Content\Discussion->__invoke(Object(Flarum\Frontend\Document), Object(Laminas\Diactoros\ServerRequest))
#19 /home/bzls8g1evy0v/public_html/forum/vendor/flarum/core/src/Frontend/Frontend.php(55): Flarum\Frontend\Frontend->populate(Object(Flarum\Frontend\Document), Object(Laminas\Diactoros\ServerRequest))
#20 /home/bzls8g1evy0v/public_html/forum/vendor/flarum/core/src/Frontend/Controller.php(32): Flarum\Frontend\Frontend->document(Object(Laminas\Diactoros\ServerRequest))
#21 /home/bzls8g1evy0v/public_html/forum/vendor/flarum/core/src/Http/RouteHandlerFactory.php(38): Flarum\Frontend\Controller->handle(Object(Laminas\Diactoros\ServerRequest))
#22 /home/bzls8g1evy0v/public_html/forum/vendor/flarum/core/src/Http/Middleware/DispatchRoute.php(65): Flarum\Http\RouteHandlerFactory->Flarum\Http\{closure}(Object(Laminas\Diactoros\ServerRequest), Array)
#23 /home/bzls8g1evy0v/public_html/forum/vendor/laminas/laminas-stratigility/src/Next.php(61): Flarum\Http\Middleware\DispatchRoute->process(Object(Laminas\Diactoros\ServerRequest), Object(Closure))
#24 /home/bzls8g1evy0v/public_html/forum/vendor/flarum/core/src/Http/Middleware/ShareErrorsFromSession.php(57): Laminas\Stratigility\Next->handle(Object(Laminas\Diactoros\ServerRequest))
#25 /home/bzls8g1evy0v/public_html/forum/vendor/laminas/laminas-stratigility/src/Next.php(61): Flarum\Http\Middleware\ShareErrorsFromSession->process(Object(Laminas\Diactoros\ServerRequest), Object(Laminas\Stratigility\Next))
#26 /home/bzls8g1evy0v/public_html/forum/vendor/flarum/core/src/Http/Middleware/SetLocale.php(50): Laminas\Stratigility\Next->handle(Object(Laminas\Diactoros\ServerRequest))
#27 /home/bzls8g1evy0v/public_html/forum/vendor/laminas/laminas-stratigility/src/Next.php(61): Flarum\Http\Middleware\SetLocale->process(Object(Laminas\Diactoros\ServerRequest), Object(Laminas\Stratigility\Next))
#28 /home/bzls8g1evy0v/public_html/forum/vendor/flarum/core/src/Http/Middleware/CheckCsrfToken.php(37): Laminas\Stratigility\Next->handle(Object(Laminas\Diactoros\ServerRequest))
#29 /home/bzls8g1evy0v/public_html/forum/vendor/laminas/laminas-stratigility/src/Next.php(61): Flarum\Http\Middleware\CheckCsrfToken->process(Object(Laminas\Diactoros\ServerRequest), Object(Laminas\Stratigility\Next))
#30 /home/bzls8g1evy0v/public_html/forum/vendor/flarum/core/src/Http/Middleware/AuthenticateWithSession.php(32): Laminas\Stratigility\Next->handle(Object(Laminas\Diactoros\ServerRequest))
#31 /home/bzls8g1evy0v/public_html/forum/vendor/laminas/laminas-stratigility/src/Next.php(61): Flarum\Http\Middleware\AuthenticateWithSession->process(Object(Laminas\Diactoros\ServerRequest), Object(Laminas\Stratigility\Next))
#32 /home/bzls8g1evy0v/public_html/forum/vendor/flarum/core/src/Http/Middleware/RememberFromCookie.php(51): Laminas\Stratigility\Next->handle(Object(Laminas\Diactoros\ServerRequest))
#33 /home/bzls8g1evy0v/public_html/forum/vendor/laminas/laminas-stratigility/src/Next.php(61): Flarum\Http\Middleware\RememberFromCookie->process(Object(Laminas\Diactoros\ServerRequest), Object(Laminas\Stratigility\Next))
#34 /home/bzls8g1evy0v/public_html/forum/vendor/flarum/core/src/Http/Middleware/StartSession.php(61): Laminas\Stratigility\Next->handle(Object(Laminas\Diactoros\ServerRequest))
#35 /home/bzls8g1evy0v/public_html/forum/vendor/laminas/laminas-stratigility/src/Next.php(61): Flarum\Http\Middleware\StartSession->process(Object(Laminas\Diactoros\ServerRequest), Object(Laminas\Stratigility\Next))
#36 /home/bzls8g1evy0v/public_html/forum/vendor/flarum/core/src/Http/Middleware/CollectGarbage.php(46): Laminas\Stratigility\Next->handle(Object(Laminas\Diactoros\ServerRequest))
#37 /home/bzls8g1evy0v/public_html/forum/vendor/laminas/laminas-stratigility/src/Next.php(61): Flarum\Http\Middleware\CollectGarbage->process(Object(Laminas\Diactoros\ServerRequest), Object(Laminas\Stratigility\Next))
#38 /home/bzls8g1evy0v/public_html/forum/vendor/flarum/core/src/Http/Middleware/ParseJsonBody.php(28): Laminas\Stratigility\Next->handle(Object(Laminas\Diactoros\ServerRequest))
#39 /home/bzls8g1evy0v/public_html/forum/vendor/laminas/laminas-stratigility/src/Next.php(61): Flarum\Http\Middleware\ParseJsonBody->process(Object(Laminas\Diactoros\ServerRequest), Object(Laminas\Stratigility\Next))
#40 /home/bzls8g1evy0v/public_html/forum/vendor/flarum/core/src/Http/Middleware/HandleErrors.php(57): Laminas\Stratigility\Next->handle(Object(Laminas\Diactoros\ServerRequest))
#41 /home/bzls8g1evy0v/public_html/forum/vendor/laminas/laminas-stratigility/src/Next.php(61): Flarum\Http\Middleware\HandleErrors->process(Object(Laminas\Diactoros\ServerRequest), Object(Laminas\Stratigility\Next))
#42 /home/bzls8g1evy0v/public_html/forum/vendor/laminas/laminas-stratigility/src/MiddlewarePipe.php(84): Laminas\Stratigility\Next->handle(Object(Laminas\Diactoros\ServerRequest))
#43 /home/bzls8g1evy0v/public_html/forum/vendor/middlewares/request-handler/src/RequestHandler.php(84): Laminas\Stratigility\MiddlewarePipe->process(Object(Laminas\Diactoros\ServerRequest), Object(Laminas\Stratigility\Next))
#44 /home/bzls8g1evy0v/public_html/forum/vendor/laminas/laminas-stratigility/src/Next.php(61): Middlewares\RequestHandler->process(Object(Laminas\Diactoros\ServerRequest), Object(Laminas\Stratigility\Next))
#45 /home/bzls8g1evy0v/public_html/forum/vendor/middlewares/base-path-router/src/BasePathRouter.php(97): Laminas\Stratigility\Next->handle(Object(Laminas\Diactoros\ServerRequest))
#46 /home/bzls8g1evy0v/public_html/forum/vendor/laminas/laminas-stratigility/src/Next.php(61): Middlewares\BasePathRouter->process(Object(Laminas\Diactoros\ServerRequest), Object(Laminas\Stratigility\Next))
#47 /home/bzls8g1evy0v/public_html/forum/vendor/laminas/laminas-stratigility/src/Middleware/OriginalMessages.php(42): Laminas\Stratigility\Next->handle(Object(Laminas\Diactoros\ServerRequest))
#48 /home/bzls8g1evy0v/public_html/forum/vendor/laminas/laminas-stratigility/src/Next.php(61): Laminas\Stratigility\Middleware\OriginalMessages->process(Object(Laminas\Diactoros\ServerRequest), Object(Laminas\Stratigility\Next))
#49 /home/bzls8g1evy0v/public_html/forum/vendor/middlewares/base-path/src/BasePath.php(53): Laminas\Stratigility\Next->handle(Object(Laminas\Diactoros\ServerRequest))
#50 /home/bzls8g1evy0v/public_html/forum/vendor/laminas/laminas-stratigility/src/Next.php(61): Middlewares\BasePath->process(Object(Laminas\Diactoros\ServerRequest), Object(Laminas\Stratigility\Next))
#51 /home/bzls8g1evy0v/public_html/forum/vendor/laminas/laminas-stratigility/src/MiddlewarePipe.php(84): Laminas\Stratigility\Next->handle(Object(Laminas\Diactoros\ServerRequest))
#52 /home/bzls8g1evy0v/public_html/forum/vendor/laminas/laminas-stratigility/src/MiddlewarePipe.php(73): Laminas\Stratigility\MiddlewarePipe->process(Object(Laminas\Diactoros\ServerRequest), Object(Laminas\Stratigility\EmptyPipelineHandler))
#53 /home/bzls8g1evy0v/public_html/forum/vendor/laminas/laminas-httphandlerrunner/src/RequestHandlerRunner.php(96): Laminas\Stratigility\MiddlewarePipe->handle(Object(Laminas\Diactoros\ServerRequest))
#54 /home/bzls8g1evy0v/public_html/forum/vendor/flarum/core/src/Http/Server.php(42): Laminas\HttpHandlerRunner\RequestHandlerRunner->run()
#55 /home/bzls8g1evy0v/public_html/forum/public/index.php(26): Flarum\Http\Server->listen()
#56 {main}  
