[2021-01-21 12:07:45] production.ERROR: InvalidArgumentException: Cannot load XML: Start tag expected, '<' not found
 in /home/bzls8g1evy0v/public_html/forum/vendor/s9e/text-formatter/src/Renderer.php:46
Stack trace:
#0 /home/bzls8g1evy0v/public_html/forum/vendor/s9e/text-formatter/src/Renderers/PHP.php(303): s9e\TextFormatter\Renderer->loadXML('[[8],[2]]')
#1 /home/bzls8g1evy0v/public_html/forum/vendor/s9e/text-formatter/src/Renderer.php(66): s9e\TextFormatter\Renderers\PHP->renderRichText('[[8],[2]]')
#2 /home/bzls8g1evy0v/public_html/forum/vendor/flarum/core/src/Formatter/Formatter.php(80): s9e\TextFormatter\Renderer->render('[[8],[2]]')
#3 /home/bzls8g1evy0v/public_html/forum/vendor/flarum/core/src/Post/CommentPost.php(172): Flarum\Formatter\Formatter->render('[[8],[2]]', Object(Flarum\Post\CommentPost), Object(Laminas\Diactoros\ServerRequest))
#4 /home/bzls8g1evy0v/public_html/forum/vendor/flarum/core/src/Api/Serializer/BasicPostSerializer.php(44): Flarum\Post\CommentPost->formatContent(Object(Laminas\Diactoros\ServerRequest))
#5 /home/bzls8g1evy0v/public_html/forum/vendor/flarum/core/src/Api/Serializer/PostSerializer.php(35): Flarum\Api\Serializer\BasicPostSerializer->getDefaultAttributes(Object(Flarum\Post\CommentPost))
#6 /home/bzls8g1evy0v/public_html/forum/vendor/flarum/core/src/Api/Serializer/AbstractSerializer.php(84): Flarum\Api\Serializer\PostSerializer->getDefaultAttributes(Object(Flarum\Post\CommentPost))
#7 /home/bzls8g1evy0v/public_html/forum/vendor/tobscure/json-api/src/Resource.php(169): Flarum\Api\Serializer\AbstractSerializer->getAttributes(Object(Flarum\Post\CommentPost), NULL)
#8 /home/bzls8g1evy0v/public_html/forum/vendor/tobscure/json-api/src/Resource.php(75): Tobscure\JsonApi\Resource->getAttributes()
#9 /home/bzls8g1evy0v/public_html/forum/vendor/tobscure/json-api/src/Collection.php(123): Tobscure\JsonApi\Resource->toArray()
#10 [internal function]: Tobscure\JsonApi\Collection->Tobscure\JsonApi\{closure}(Object(Tobscure\JsonApi\Resource))
#11 /home/bzls8g1evy0v/public_html/forum/vendor/tobscure/json-api/src/Collection.php(124): array_map(Object(Closure), Array)
#12 /home/bzls8g1evy0v/public_html/forum/vendor/tobscure/json-api/src/Document.php(181): Tobscure\JsonApi\Collection->toArray()
#13 /home/bzls8g1evy0v/public_html/forum/vendor/tobscure/json-api/src/Document.php(224): Tobscure\JsonApi\Document->toArray()
#14 /home/bzls8g1evy0v/public_html/forum/vendor/flarum/core/src/Api/JsonApiResponse.php(27): Tobscure\JsonApi\Document->jsonSerialize()
#15 /home/bzls8g1evy0v/public_html/forum/vendor/flarum/core/src/Api/Controller/AbstractSerializeController.php(111): Flarum\Api\JsonApiResponse->__construct(Object(Tobscure\JsonApi\Document))
#16 /home/bzls8g1evy0v/public_html/forum/vendor/flarum/core/src/Http/RouteHandlerFactory.php(38): Flarum\Api\Controller\AbstractSerializeController->handle(Object(Laminas\Diactoros\ServerRequest))
#17 /home/bzls8g1evy0v/public_html/forum/vendor/flarum/core/src/Http/Middleware/DispatchRoute.php(65): Flarum\Http\RouteHandlerFactory->Flarum\Http\{closure}(Object(Laminas\Diactoros\ServerRequest), Array)
#18 /home/bzls8g1evy0v/public_html/forum/vendor/laminas/laminas-stratigility/src/Next.php(61): Flarum\Http\Middleware\DispatchRoute->process(Object(Laminas\Diactoros\ServerRequest), Object(Closure))
#19 /home/bzls8g1evy0v/public_html/forum/vendor/flarum/core/src/Http/Middleware/SetLocale.php(50): Laminas\Stratigility\Next->handle(Object(Laminas\Diactoros\ServerRequest))
#20 /home/bzls8g1evy0v/public_html/forum/vendor/laminas/laminas-stratigility/src/Next.php(61): Flarum\Http\Middleware\SetLocale->process(Object(Laminas\Diactoros\ServerRequest), Object(Laminas\Stratigility\Next))
#21 /home/bzls8g1evy0v/public_html/forum/vendor/flarum/core/src/Http/Middleware/CheckCsrfToken.php(37): Laminas\Stratigility\Next->handle(Object(Laminas\Diactoros\ServerRequest))
#22 /home/bzls8g1evy0v/public_html/forum/vendor/laminas/laminas-stratigility/src/Next.php(61): Flarum\Http\Middleware\CheckCsrfToken->process(Object(Laminas\Diactoros\ServerRequest), Object(Laminas\Stratigility\Next))
#23 /home/bzls8g1evy0v/public_html/forum/vendor/flarum/core/src/Http/Middleware/AuthenticateWithHeader.php(55): Laminas\Stratigility\Next->handle(Object(Laminas\Diactoros\ServerRequest))
#24 /home/bzls8g1evy0v/public_html/forum/vendor/laminas/laminas-stratigility/src/Next.php(61): Flarum\Http\Middleware\AuthenticateWithHeader->process(Object(Laminas\Diactoros\ServerRequest), Object(Laminas\Stratigility\Next))
#25 /home/bzls8g1evy0v/public_html/forum/vendor/flarum/core/src/Http/Middleware/AuthenticateWithSession.php(32): Laminas\Stratigility\Next->handle(Object(Laminas\Diactoros\ServerRequest))
#26 /home/bzls8g1evy0v/public_html/forum/vendor/laminas/laminas-stratigility/src/Next.php(61): Flarum\Http\Middleware\AuthenticateWithSession->process(Object(Laminas\Diactoros\ServerRequest), Object(Laminas\Stratigility\Next))
#27 /home/bzls8g1evy0v/public_html/forum/vendor/flarum/core/src/Http/Middleware/RememberFromCookie.php(51): Laminas\Stratigility\Next->handle(Object(Laminas\Diactoros\ServerRequest))
#28 /home/bzls8g1evy0v/public_html/forum/vendor/laminas/laminas-stratigility/src/Next.php(61): Flarum\Http\Middleware\RememberFromCookie->process(Object(Laminas\Diactoros\ServerRequest), Object(Laminas\Stratigility\Next))
#29 /home/bzls8g1evy0v/public_html/forum/vendor/flarum/core/src/Http/Middleware/StartSession.php(61): Laminas\Stratigility\Next->handle(Object(Laminas\Diactoros\ServerRequest))
#30 /home/bzls8g1evy0v/public_html/forum/vendor/laminas/laminas-stratigility/src/Next.php(61): Flarum\Http\Middleware\StartSession->process(Object(Laminas\Diactoros\ServerRequest), Object(Laminas\Stratigility\Next))
#31 /home/bzls8g1evy0v/public_html/forum/vendor/flarum/core/src/Api/Middleware/FakeHttpMethods.php(29): Laminas\Stratigility\Next->handle(Object(Laminas\Diactoros\ServerRequest))
#32 /home/bzls8g1evy0v/public_html/forum/vendor/laminas/laminas-stratigility/src/Next.php(61): Flarum\Api\Middleware\FakeHttpMethods->process(Object(Laminas\Diactoros\ServerRequest), Object(Laminas\Stratigility\Next))
#33 /home/bzls8g1evy0v/public_html/forum/vendor/flarum/core/src/Http/Middleware/ParseJsonBody.php(28): Laminas\Stratigility\Next->handle(Object(Laminas\Diactoros\ServerRequest))
#34 /home/bzls8g1evy0v/public_html/forum/vendor/laminas/laminas-stratigility/src/Next.php(61): Flarum\Http\Middleware\ParseJsonBody->process(Object(Laminas\Diactoros\ServerRequest), Object(Laminas\Stratigility\Next))
#35 /home/bzls8g1evy0v/public_html/forum/vendor/flarum/core/src/Http/Middleware/HandleErrors.php(57): Laminas\Stratigility\Next->handle(Object(Laminas\Diactoros\ServerRequest))
#36 /home/bzls8g1evy0v/public_html/forum/vendor/laminas/laminas-stratigility/src/Next.php(61): Flarum\Http\Middleware\HandleErrors->process(Object(Laminas\Diactoros\ServerRequest), Object(Laminas\Stratigility\Next))
#37 /home/bzls8g1evy0v/public_html/forum/vendor/laminas/laminas-stratigility/src/MiddlewarePipe.php(84): Laminas\Stratigility\Next->handle(Object(Laminas\Diactoros\ServerRequest))
#38 /home/bzls8g1evy0v/public_html/forum/vendor/middlewares/request-handler/src/RequestHandler.php(84): Laminas\Stratigility\MiddlewarePipe->process(Object(Laminas\Diactoros\ServerRequest), Object(Laminas\Stratigility\Next))
#39 /home/bzls8g1evy0v/public_html/forum/vendor/laminas/laminas-stratigility/src/Next.php(61): Middlewares\RequestHandler->process(Object(Laminas\Diactoros\ServerRequest), Object(Laminas\Stratigility\Next))
#40 /home/bzls8g1evy0v/public_html/forum/vendor/middlewares/base-path-router/src/BasePathRouter.php(97): Laminas\Stratigility\Next->handle(Object(Laminas\Diactoros\ServerRequest))
#41 /home/bzls8g1evy0v/public_html/forum/vendor/laminas/laminas-stratigility/src/Next.php(61): Middlewares\BasePathRouter->process(Object(Laminas\Diactoros\ServerRequest), Object(Laminas\Stratigility\Next))
#42 /home/bzls8g1evy0v/public_html/forum/vendor/laminas/laminas-stratigility/src/Middleware/OriginalMessages.php(42): Laminas\Stratigility\Next->handle(Object(Laminas\Diactoros\ServerRequest))
#43 /home/bzls8g1evy0v/public_html/forum/vendor/laminas/laminas-stratigility/src/Next.php(61): Laminas\Stratigility\Middleware\OriginalMessages->process(Object(Laminas\Diactoros\ServerRequest), Object(Laminas\Stratigility\Next))
#44 /home/bzls8g1evy0v/public_html/forum/vendor/middlewares/base-path/src/BasePath.php(53): Laminas\Stratigility\Next->handle(Object(Laminas\Diactoros\ServerRequest))
#45 /home/bzls8g1evy0v/public_html/forum/vendor/laminas/laminas-stratigility/src/Next.php(61): Middlewares\BasePath->process(Object(Laminas\Diactoros\ServerRequest), Object(Laminas\Stratigility\Next))
#46 /home/bzls8g1evy0v/public_html/forum/vendor/laminas/laminas-stratigility/src/MiddlewarePipe.php(84): Laminas\Stratigility\Next->handle(Object(Laminas\Diactoros\ServerRequest))
#47 /home/bzls8g1evy0v/public_html/forum/vendor/laminas/laminas-stratigility/src/MiddlewarePipe.php(73): Laminas\Stratigility\MiddlewarePipe->process(Object(Laminas\Diactoros\ServerRequest), Object(Laminas\Stratigility\EmptyPipelineHandler))
#48 /home/bzls8g1evy0v/public_html/forum/vendor/laminas/laminas-httphandlerrunner/src/RequestHandlerRunner.php(96): Laminas\Stratigility\MiddlewarePipe->handle(Object(Laminas\Diactoros\ServerRequest))
#49 /home/bzls8g1evy0v/public_html/forum/vendor/flarum/core/src/Http/Server.php(42): Laminas\HttpHandlerRunner\RequestHandlerRunner->run()
#50 /home/bzls8g1evy0v/public_html/forum/public/index.php(26): Flarum\Http\Server->listen()
#51 {main}  
